#
# A fatal error has been detected by the Java Runtime Environment:
#
#  EXCEPTION_ACCESS_VIOLATION (0xc0000005) at pc=0x00007ffda2a0b7b3, pid=7852, tid=0x0000000000002874
#
# JRE version: Java(TM) SE Runtime Environment (8.0_251-b08) (build 1.8.0_251-b08)
# Java VM: Java HotSpot(TM) 64-Bit Server VM (25.251-b08 mixed mode windows-amd64 compressed oops)
# Problematic frame:
# C  [libaparapi_x86_643162232917977201796.dll+0xb7b3]
#
# Failed to write core dump. Minidumps are not enabled by default on client versions of Windows
#
# If you would like to submit a bug report, please visit:
#   http://bugreport.java.com/bugreport/crash.jsp
# The crash happened outside the Java Virtual Machine in native code.
# See problematic frame for where to report the bug.
#

---------------  T H R E A D  ---------------

Current thread (0x0000000024376000):  JavaThread "AWT-EventQueue-0" [_thread_in_native, id=10356, stack(0x0000000026740000,0x0000000026840000)]

siginfo: ExceptionCode=0xc0000005, reading address 0xffffffffffffffff

Registers:
RAX=0x00001c89f960f636, RBX=0x00750064006f0072, RCX=0x00000000243761f8, RDX=0x00000000263123f0
RSP=0x000000002683c030, RBP=0x00000000263123f0, RSI=0x0000000000000000, RDI=0x0000000000000000
R8 =0x000000002683c3f8, R9 =0x000000002683c3f8, R10=0x0000000002ac8c3b, R11=0x000000005681d040
R12=0x000000002683c3f8, R13=0x0000000020ddb9a0, R14=0x0000000000000000, R15=0x00000000243761f8
RIP=0x00007ffda2a0b7b3, EFLAGS=0x0000000000010297

Top of Stack: (sp=0x000000002683c030)
0x000000002683c030:   000000000000006e 000000000270e730
0x000000002683c040:   000000000000006e 000000002301e740
0x000000002683c050:   0000000024376000 0000000000000000
0x000000002683c060:   000000002683c3f8 00007ffda2a0e5b9
0x000000002683c070:   0000000000000000 00000000263123f0
0x000000002683c080:   00000000243761f8 000000002683c3d8
0x000000002683c090:   0000000020ddb9a0 0000000024376000
0x000000002683c0a0:   0000000100000004 0000000000000003
0x000000002683c0b0:   000000002301e740 0000002800000003
0x000000002683c0c0:   000000002301eb18 0000000024376000
0x000000002683c0d0:   0000000020ddb9a0 0000000024376000
0x000000002683c0e0:   0000000020ddb9a0 0000000024376000
0x000000002683c0f0:   fffffffffffffffe 0000000000000000
0x000000002683c100:   0000000000000000 0000000000000000
0x000000002683c110:   0000000000000000 0000000000000000
0x000000002683c120:   0000000000000000 0000000000000000 

Instructions: (pc=0x00007ffda2a0b7b3)
0x00007ffda2a0b793:   89 74 24 48 8b f7 4c 89 74 24 50 44 8b f7 48 89
0x00007ffda2a0b7a3:   5c 24 40 3b 75 58 0f 8d 03 01 00 00 48 8b 5d 60
0x00007ffda2a0b7b3:   49 8b 1c 1e 8b 43 20 84 c0 79 59 48 8b 43 28 49
0x00007ffda2a0b7c3:   8b d4 4d 8b 0f 49 8b cf 4c 8b 00 41 ff 91 c0 00 


Register to memory mapping:

RAX=0x00001c89f960f636 is an unknown value
RBX=0x00750064006f0072 is an unknown value
RCX=0x00000000243761f8 is an unknown value
RDX=0x00000000263123f0 is an unknown value
RSP=0x000000002683c030 is pointing into the stack for thread: 0x0000000024376000
RBP=0x00000000263123f0 is an unknown value
RSI=0x0000000000000000 is an unknown value
RDI=0x0000000000000000 is an unknown value
R8 =0x000000002683c3f8 is pointing into the stack for thread: 0x0000000024376000
R9 =0x000000002683c3f8 is pointing into the stack for thread: 0x0000000024376000
R10=0x0000000002ac8c3b is at code_begin+891 in an Interpreter codelet
method entry point (kind = native)  [0x0000000002ac88c0, 0x0000000002ac9280]  2496 bytes
R11=0x000000005681d040 is an unknown value
R12=0x000000002683c3f8 is pointing into the stack for thread: 0x0000000024376000
R13={method} {0x0000000020ddb9a8} 'getJNI' '(JLjava/lang/Object;)I' in 'com/aparapi/internal/jni/KernelRunnerJNI'
R14=0x0000000000000000 is an unknown value
R15=0x00000000243761f8 is an unknown value


Stack: [0x0000000026740000,0x0000000026840000],  sp=0x000000002683c030,  free space=1008k
Native frames: (J=compiled Java code, j=interpreted, Vv=VM code, C=native code)
C  [libaparapi_x86_643162232917977201796.dll+0xb7b3]
C  [libaparapi_x86_643162232917977201796.dll+0xe5b9]
C  0x0000000002ac8c67

Java frames: (J=compiled Java code, j=interpreted, Vv=VM code)
j  com.aparapi.internal.jni.KernelRunnerJNI.getJNI(JLjava/lang/Object;)I+0
j  com.aparapi.internal.kernel.KernelRunner.get(Ljava/lang/Object;)V+23
j  com.aparapi.Kernel.get([I)Lcom/aparapi/Kernel;+5
j  graph.KernelProcess.get()Ljava/awt/image/BufferedImage;+12
j  graph.CanvasPanel.paintComponent(Ljava/awt/Graphics;)V+29
j  javax.swing.JComponent.paint(Ljava/awt/Graphics;)V+286
j  javax.swing.JComponent.paintChildren(Ljava/awt/Graphics;)V+501
j  javax.swing.JComponent.paint(Ljava/awt/Graphics;)V+318
j  javax.swing.JComponent.paintChildren(Ljava/awt/Graphics;)V+501
j  javax.swing.JComponent.paint(Ljava/awt/Graphics;)V+318
j  javax.swing.JLayeredPane.paint(Ljava/awt/Graphics;)V+73
j  javax.swing.JComponent.paintChildren(Ljava/awt/Graphics;)V+501
j  javax.swing.JComponent.paintToOffscreen(Ljava/awt/Graphics;IIIIII)V+72
j  javax.swing.RepaintManager$PaintManager.paintDoubleBuffered(Ljavax/swing/JComponent;Ljava/awt/Image;Ljava/awt/Graphics;IIII)V+163
j  javax.swing.RepaintManager$PaintManager.paint(Ljavax/swing/JComponent;Ljavax/swing/JComponent;Ljava/awt/Graphics;IIII)Z+116
j  javax.swing.RepaintManager.paint(Ljavax/swing/JComponent;Ljavax/swing/JComponent;Ljava/awt/Graphics;IIII)V+51
j  javax.swing.JComponent.paint(Ljava/awt/Graphics;)V+221
j  java.awt.GraphicsCallback$PaintCallback.run(Ljava/awt/Component;Ljava/awt/Graphics;)V+2
j  sun.awt.SunGraphicsCallback.runOneComponent(Ljava/awt/Component;Ljava/awt/Rectangle;Ljava/awt/Graphics;Ljava/awt/Shape;I)V+155
j  sun.awt.SunGraphicsCallback.runComponents([Ljava/awt/Component;Ljava/awt/Graphics;I)V+194
j  java.awt.Container.paint(Ljava/awt/Graphics;)V+58
j  java.awt.Window.paint(Ljava/awt/Graphics;)V+68
j  javax.swing.RepaintManager$4.run()Ljava/lang/Void;+142
j  javax.swing.RepaintManager$4.run()Ljava/lang/Object;+1
v  ~StubRoutines::call_stub
j  java.security.AccessController.doPrivileged(Ljava/security/PrivilegedAction;Ljava/security/AccessControlContext;)Ljava/lang/Object;+0
j  java.security.ProtectionDomain$JavaSecurityAccessImpl.doIntersectionPrivilege(Ljava/security/PrivilegedAction;Ljava/security/AccessControlContext;Ljava/security/AccessControlContext;)Ljava/lang/Object;+18
j  javax.swing.RepaintManager.paintDirtyRegions(Ljava/util/Map;)V+154
j  javax.swing.RepaintManager.paintDirtyRegions()V+46
j  javax.swing.RepaintManager.prePaintDirtyRegions()V+73
j  javax.swing.RepaintManager.access$1200(Ljavax/swing/RepaintManager;)V+1
j  javax.swing.RepaintManager$ProcessingRunnable.run()V+37
j  java.awt.event.InvocationEvent.dispatch()V+47
j  java.awt.EventQueue.dispatchEventImpl(Ljava/awt/AWTEvent;Ljava/lang/Object;)V+21
j  java.awt.EventQueue.access$500(Ljava/awt/EventQueue;Ljava/awt/AWTEvent;Ljava/lang/Object;)V+3
j  java.awt.EventQueue$3.run()Ljava/lang/Void;+32
j  java.awt.EventQueue$3.run()Ljava/lang/Object;+1
v  ~StubRoutines::call_stub
j  java.security.AccessController.doPrivileged(Ljava/security/PrivilegedAction;Ljava/security/AccessControlContext;)Ljava/lang/Object;+0
j  java.security.ProtectionDomain$JavaSecurityAccessImpl.doIntersectionPrivilege(Ljava/security/PrivilegedAction;Ljava/security/AccessControlContext;Ljava/security/AccessControlContext;)Ljava/lang/Object;+18
j  java.awt.EventQueue.dispatchEvent(Ljava/awt/AWTEvent;)V+46
j  java.awt.EventDispatchThread.pumpOneEventForFilters(I)V+140
j  java.awt.EventDispatchThread.pumpEventsForFilter(ILjava/awt/Conditional;Ljava/awt/EventFilter;)V+35
j  java.awt.EventDispatchThread.pumpEventsForHierarchy(ILjava/awt/Conditional;Ljava/awt/Component;)V+11
j  java.awt.EventDispatchThread.pumpEvents(ILjava/awt/Conditional;)V+4
j  java.awt.EventDispatchThread.pumpEvents(Ljava/awt/Conditional;)V+3
j  java.awt.EventDispatchThread.run()V+9
v  ~StubRoutines::call_stub

---------------  P R O C E S S  ---------------

Java Threads: ( => current thread )
  0x00000000247f3800 JavaThread "ForkJoinPool-1-worker-0" daemon [_thread_blocked, id=22300, stack(0x000000002f3a0000,0x000000002f4a0000)]
  0x00000000247f6000 JavaThread "ForkJoinPool-1-worker-7" daemon [_thread_blocked, id=6092, stack(0x000000002f2a0000,0x000000002f3a0000)]
  0x00000000247f9000 JavaThread "ForkJoinPool-1-worker-6" daemon [_thread_blocked, id=4272, stack(0x000000002f1a0000,0x000000002f2a0000)]
  0x000000002470d000 JavaThread "ForkJoinPool-1-worker-5" daemon [_thread_blocked, id=16888, stack(0x000000002f0a0000,0x000000002f1a0000)]
  0x0000000026ab0000 JavaThread "ForkJoinPool-1-worker-4" daemon [_thread_blocked, id=12228, stack(0x000000002efa0000,0x000000002f0a0000)]
  0x0000000026c8a000 JavaThread "ForkJoinPool-1-worker-3" daemon [_thread_blocked, id=2460, stack(0x000000002eea0000,0x000000002efa0000)]
  0x0000000026c89000 JavaThread "ForkJoinPool-1-worker-2" daemon [_thread_blocked, id=19660, stack(0x000000002dda0000,0x000000002dea0000)]
  0x0000000026c5f000 JavaThread "ForkJoinPool-1-worker-1" daemon [_thread_blocked, id=4316, stack(0x000000002dca0000,0x000000002dda0000)]
  0x00000000029b3000 JavaThread "DestroyJavaVM" [_thread_blocked, id=18976, stack(0x00000000027b0000,0x00000000028b0000)]
  0x0000000024501000 JavaThread "Thread-3" [_thread_in_Java, id=4924, stack(0x0000000026940000,0x0000000026a40000)]
=>0x0000000024376000 JavaThread "AWT-EventQueue-0" [_thread_in_native, id=10356, stack(0x0000000026740000,0x0000000026840000)]
  0x00000000243c8000 JavaThread "AWT-Shutdown" [_thread_blocked, id=20504, stack(0x0000000026640000,0x0000000026740000)]
  0x00000000240c0000 JavaThread "AWT-Windows" daemon [_thread_in_native, id=19616, stack(0x0000000024a30000,0x0000000024b30000)]
  0x0000000024116800 JavaThread "Java2D Disposer" daemon [_thread_blocked, id=7504, stack(0x0000000024830000,0x0000000024930000)]
  0x000000002307f800 JavaThread "Service Thread" daemon [_thread_blocked, id=3320, stack(0x0000000023ce0000,0x0000000023de0000)]
  0x0000000022f87800 JavaThread "C1 CompilerThread3" daemon [_thread_blocked, id=8808, stack(0x0000000023be0000,0x0000000023ce0000)]
  0x0000000022f7b800 JavaThread "C2 CompilerThread2" daemon [_thread_in_native, id=11292, stack(0x0000000023ae0000,0x0000000023be0000)]
  0x0000000022f75800 JavaThread "C2 CompilerThread1" daemon [_thread_blocked, id=19296, stack(0x00000000239e0000,0x0000000023ae0000)]
  0x0000000022f70000 JavaThread "C2 CompilerThread0" daemon [_thread_blocked, id=21644, stack(0x00000000238e0000,0x00000000239e0000)]
  0x0000000022f6e800 JavaThread "Monitor Ctrl-Break" daemon [_thread_in_native, id=12824, stack(0x00000000237e0000,0x00000000238e0000)]
  0x0000000022f04000 JavaThread "Attach Listener" daemon [_thread_blocked, id=18960, stack(0x00000000236e0000,0x00000000237e0000)]
  0x0000000022f03000 JavaThread "Signal Dispatcher" daemon [_thread_blocked, id=8804, stack(0x00000000235e0000,0x00000000236e0000)]
  0x0000000022ef1800 JavaThread "Finalizer" daemon [_thread_blocked, id=16620, stack(0x00000000233d0000,0x00000000234d0000)]
  0x0000000022ef0800 JavaThread "Reference Handler" daemon [_thread_blocked, id=19556, stack(0x00000000232d0000,0x00000000233d0000)]

Other Threads:
  0x00000000210ea000 VMThread [stack: 0x0000000022dd0000,0x0000000022ed0000] [id=1668]
  0x00000000230ab800 WatcherThread [stack: 0x0000000023de0000,0x0000000023ee0000] [id=9352]

VM state:not at safepoint (normal execution)

VM Mutex/Monitor currently owned by a thread: None

heap address: 0x0000000640000000, size: 6144 MB, Compressed Oops mode: Zero based, Oop shift amount: 3
Narrow klass base: 0x0000000000000000, Narrow klass shift: 3
Compressed class space size: 1073741824 Address: 0x00000007c0000000

Heap:
 PSYoungGen      total 68096K, used 33169K [0x0000000740000000, 0x0000000747c00000, 0x00000007c0000000)
  eden space 62976K, 52% used [0x0000000740000000,0x0000000742064760,0x0000000743d80000)
  from space 5120K, 0% used [0x0000000743d80000,0x0000000743d80000,0x0000000744280000)
  to   space 5120K, 0% used [0x0000000747700000,0x0000000747700000,0x0000000747c00000)
 ParOldGen       total 309760K, used 184662K [0x0000000640000000, 0x0000000652e80000, 0x0000000740000000)
  object space 309760K, 59% used [0x0000000640000000,0x000000064b455ad8,0x0000000652e80000)
 Metaspace       used 13358K, capacity 13584K, committed 13952K, reserved 1060864K
  class space    used 1720K, capacity 1797K, committed 1920K, reserved 1048576K

Card table byte_map: [0x0000000011e70000,0x0000000012a80000] byte_map_base: 0x000000000ec70000

Marking Bits: (ParMarkBitMap*) 0x0000000056e1af90
 Begin Bits: [0x0000000013a80000, 0x0000000019a80000)
 End Bits:   [0x0000000019a80000, 0x000000001fa80000)

Polling page: 0x0000000001050000

CodeCache: size=245760Kb used=4076Kb max_used=4078Kb free=241683Kb
 bounds [0x0000000002ab0000, 0x0000000002eb0000, 0x0000000011ab0000]
 total_blobs=1544 nmethods=1056 adapters=401
 compilation: enabled

Compilation events (10 events):
Event: 2.780 Thread 0x0000000022f70000 1055       4       java.lang.Math::max (45 bytes)
Event: 2.780 Thread 0x0000000022f87800 nmethod 1048 0x0000000002eaaf10 code [0x0000000002eab060, 0x0000000002eab1d0]
Event: 2.780 Thread 0x0000000022f87800 1045       3       com.aparapi.internal.kernel.KernelRunner$2::set (31 bytes)
Event: 2.780 Thread 0x0000000022f87800 nmethod 1045 0x0000000002eab2d0 code [0x0000000002eab460, 0x0000000002eab910]
Event: 2.780 Thread 0x0000000022f87800 1053       1       java.util.concurrent.ForkJoinTask$AdaptedRunnableAction::getRawResult (2 bytes)
Event: 2.780 Thread 0x0000000022f87800 nmethod 1053 0x0000000002e99750 code [0x0000000002e998a0, 0x0000000002e999b0]
Event: 2.780 Thread 0x0000000022f75800 nmethod 1054 0x0000000002ead690 code [0x0000000002ead800, 0x0000000002ead8d8]
Event: 2.780 Thread 0x0000000022f70000 nmethod 1055 0x0000000002eabe90 code [0x0000000002eac000, 0x0000000002eac0d8]
Event: 2.780 Thread 0x0000000022f7b800 1056       4       graph.KernelProcess::run (576 bytes)
Event: 2.782 Thread 0x0000000022f87800 1057       3       java.util.concurrent.ForkJoinPool::scan (416 bytes)

GC Heap History (10 events):
Event: 0.615 GC heap before
{Heap before GC invocations=1 (full 0):
 PSYoungGen      total 38400K, used 32435K [0x0000000740000000, 0x0000000742a80000, 0x00000007c0000000)
  eden space 33280K, 97% used [0x0000000740000000,0x0000000741facf88,0x0000000742080000)
  from space 5120K, 0% used [0x0000000742580000,0x0000000742580000,0x0000000742a80000)
  to   space 5120K, 0% used [0x0000000742080000,0x0000000742080000,0x0000000742580000)
 ParOldGen       total 87552K, used 81329K [0x0000000640000000, 0x0000000645580000, 0x0000000740000000)
  object space 87552K, 92% used [0x0000000640000000,0x0000000644f6c470,0x0000000645580000)
 Metaspace       used 7774K, capacity 7912K, committed 8192K, reserved 1056768K
  class space    used 877K, capacity 933K, committed 1024K, reserved 1048576K
Event: 0.627 GC heap after
Heap after GC invocations=1 (full 0):
 PSYoungGen      total 38400K, used 1528K [0x0000000740000000, 0x0000000744b00000, 0x00000007c0000000)
  eden space 33280K, 0% used [0x0000000740000000,0x0000000740000000,0x0000000742080000)
  from space 5120K, 29% used [0x0000000742080000,0x00000007421fe2c0,0x0000000742580000)
  to   space 5120K, 0% used [0x0000000744600000,0x0000000744600000,0x0000000744b00000)
 ParOldGen       total 121344K, used 119192K [0x0000000640000000, 0x0000000647680000, 0x0000000740000000)
  object space 121344K, 98% used [0x0000000640000000,0x0000000647466020,0x0000000647680000)
 Metaspace       used 7774K, capacity 7912K, committed 8192K, reserved 1056768K
  class space    used 877K, capacity 933K, committed 1024K, reserved 1048576K
}
Event: 0.627 GC heap before
{Heap before GC invocations=2 (full 1):
 PSYoungGen      total 38400K, used 1528K [0x0000000740000000, 0x0000000744b00000, 0x00000007c0000000)
  eden space 33280K, 0% used [0x0000000740000000,0x0000000740000000,0x0000000742080000)
  from space 5120K, 29% used [0x0000000742080000,0x00000007421fe2c0,0x0000000742580000)
  to   space 5120K, 0% used [0x0000000744600000,0x0000000744600000,0x0000000744b00000)
 ParOldGen       total 121344K, used 119192K [0x0000000640000000, 0x0000000647680000, 0x0000000740000000)
  object space 121344K, 98% used [0x0000000640000000,0x0000000647466020,0x0000000647680000)
 Metaspace       used 7774K, capacity 7912K, committed 8192K, reserved 1056768K
  class space    used 877K, capacity 933K, committed 1024K, reserved 1048576K
Event: 0.642 GC heap after
Heap after GC invocations=2 (full 1):
 PSYoungGen      total 38400K, used 0K [0x0000000740000000, 0x0000000744b00000, 0x00000007c0000000)
  eden space 33280K, 0% used [0x0000000740000000,0x0000000740000000,0x0000000742080000)
  from space 5120K, 0% used [0x0000000742080000,0x0000000742080000,0x0000000742580000)
  to   space 5120K, 0% used [0x0000000744600000,0x0000000744600000,0x0000000744b00000)
 ParOldGen       total 197632K, used 104412K [0x0000000640000000, 0x000000064c100000, 0x0000000740000000)
  object space 197632K, 52% used [0x0000000640000000,0x00000006465f7398,0x000000064c100000)
 Metaspace       used 7774K, capacity 7912K, committed 8192K, reserved 1056768K
  class space    used 877K, capacity 933K, committed 1024K, reserved 1048576K
}
Event: 0.646 GC heap before
{Heap before GC invocations=3 (full 1):
 PSYoungGen      total 38400K, used 28440K [0x0000000740000000, 0x0000000744b00000, 0x00000007c0000000)
  eden space 33280K, 85% used [0x0000000740000000,0x0000000741bc63e8,0x0000000742080000)
  from space 5120K, 0% used [0x0000000742080000,0x0000000742080000,0x0000000742580000)
  to   space 5120K, 0% used [0x0000000744600000,0x0000000744600000,0x0000000744b00000)
 ParOldGen       total 197632K, used 104412K [0x0000000640000000, 0x000000064c100000, 0x0000000740000000)
  object space 197632K, 52% used [0x0000000640000000,0x00000006465f7398,0x000000064c100000)
 Metaspace       used 7775K, capacity 7912K, committed 8192K, reserved 1056768K
  class space    used 877K, capacity 933K, committed 1024K, reserved 1048576K
Event: 0.656 GC heap after
Heap after GC invocations=3 (full 1):
 PSYoungGen      total 64512K, used 0K [0x0000000740000000, 0x0000000744780000, 0x00000007c0000000)
  eden space 62976K, 0% used [0x0000000740000000,0x0000000740000000,0x0000000743d80000)
  from space 1536K, 0% used [0x0000000744600000,0x0000000744600000,0x0000000744780000)
  to   space 5120K, 0% used [0x0000000743d80000,0x0000000743d80000,0x0000000744280000)
 ParOldGen       total 197632K, used 131522K [0x0000000640000000, 0x000000064c100000, 0x0000000740000000)
  object space 197632K, 66% used [0x0000000640000000,0x0000000648070a88,0x000000064c100000)
 Metaspace       used 7775K, capacity 7912K, committed 8192K, reserved 1056768K
  class space    used 877K, capacity 933K, committed 1024K, reserved 1048576K
}
Event: 1.850 GC heap before
{Heap before GC invocations=4 (full 1):
 PSYoungGen      total 64512K, used 62441K [0x0000000740000000, 0x0000000744780000, 0x00000007c0000000)
  eden space 62976K, 99% used [0x0000000740000000,0x0000000743cfa4a0,0x0000000743d80000)
  from space 1536K, 0% used [0x0000000744600000,0x0000000744600000,0x0000000744780000)
  to   space 5120K, 0% used [0x0000000743d80000,0x0000000743d80000,0x0000000744280000)
 ParOldGen       total 197632K, used 131522K [0x0000000640000000, 0x000000064c100000, 0x0000000740000000)
  object space 197632K, 66% used [0x0000000640000000,0x0000000648070a88,0x000000064c100000)
 Metaspace       used 10191K, capacity 10368K, committed 10496K, reserved 1058816K
  class space    used 1188K, capacity 1258K, committed 1280K, reserved 1048576K
Event: 1.876 GC heap after
Heap after GC invocations=4 (full 1):
 PSYoungGen      total 68096K, used 1102K [0x0000000740000000, 0x0000000747c00000, 0x00000007c0000000)
  eden space 62976K, 0% used [0x0000000740000000,0x0000000740000000,0x0000000743d80000)
  from space 5120K, 21% used [0x0000000743d80000,0x0000000743e93a60,0x0000000744280000)
  to   space 5120K, 0% used [0x0000000747700000,0x0000000747700000,0x0000000747c00000)
 ParOldGen       total 197632K, used 183876K [0x0000000640000000, 0x000000064c100000, 0x0000000740000000)
  object space 197632K, 93% used [0x0000000640000000,0x000000064b3913d8,0x000000064c100000)
 Metaspace       used 10191K, capacity 10368K, committed 10496K, reserved 1058816K
  class space    used 1188K, capacity 1258K, committed 1280K, reserved 1048576K
}
Event: 1.876 GC heap before
{Heap before GC invocations=5 (full 2):
 PSYoungGen      total 68096K, used 1102K [0x0000000740000000, 0x0000000747c00000, 0x00000007c0000000)
  eden space 62976K, 0% used [0x0000000740000000,0x0000000740000000,0x0000000743d80000)
  from space 5120K, 21% used [0x0000000743d80000,0x0000000743e93a60,0x0000000744280000)
  to   space 5120K, 0% used [0x0000000747700000,0x0000000747700000,0x0000000747c00000)
 ParOldGen       total 197632K, used 183876K [0x0000000640000000, 0x000000064c100000, 0x0000000740000000)
  object space 197632K, 93% used [0x0000000640000000,0x000000064b3913d8,0x000000064c100000)
 Metaspace       used 10191K, capacity 10368K, committed 10496K, reserved 1058816K
  class space    used 1188K, capacity 1258K, committed 1280K, reserved 1048576K
Event: 1.949 GC heap after
Heap after GC invocations=5 (full 2):
 PSYoungGen      total 68096K, used 0K [0x0000000740000000, 0x0000000747c00000, 0x00000007c0000000)
  eden space 62976K, 0% used [0x0000000740000000,0x0000000740000000,0x0000000743d80000)
  from space 5120K, 0% used [0x0000000743d80000,0x0000000743d80000,0x0000000744280000)
  to   space 5120K, 0% used [0x0000000747700000,0x0000000747700000,0x0000000747c00000)
 ParOldGen       total 309760K, used 184662K [0x0000000640000000, 0x0000000652e80000, 0x0000000740000000)
  object space 309760K, 59% used [0x0000000640000000,0x000000064b455ad8,0x0000000652e80000)
 Metaspace       used 10191K, capacity 10368K, committed 10496K, reserved 1058816K
  class space    used 1188K, capacity 1258K, committed 1280K, reserved 1048576K
}

Deoptimization events (10 events):
Event: 1.784 Thread 0x00000000240c0000 Uncommon trap: reason=bimorphic action=maybe_recompile pc=0x0000000002cceba4 method=java.util.HashMap.putVal(ILjava/lang/Object;Ljava/lang/Object;ZZ)Ljava/lang/Object; @ 91
Event: 1.784 Thread 0x00000000240c0000 Uncommon trap: reason=bimorphic action=maybe_recompile pc=0x0000000002cceba4 method=java.util.HashMap.putVal(ILjava/lang/Object;Ljava/lang/Object;ZZ)Ljava/lang/Object; @ 91
Event: 2.193 Thread 0x0000000024376000 Uncommon trap: reason=unstable_if action=reinterpret pc=0x0000000002d04664 method=java.util.HashMap.getNode(ILjava/lang/Object;)Ljava/util/HashMap$Node; @ 62
Event: 2.193 Thread 0x0000000024376000 Uncommon trap: reason=bimorphic action=maybe_recompile pc=0x0000000002cceba4 method=java.util.HashMap.putVal(ILjava/lang/Object;Ljava/lang/Object;ZZ)Ljava/lang/Object; @ 91
Event: 2.193 Thread 0x0000000024376000 Uncommon trap: reason=unstable_if action=reinterpret pc=0x0000000002d02248 method=java.util.HashMap.getNode(ILjava/lang/Object;)Ljava/util/HashMap$Node; @ 62
Event: 2.193 Thread 0x0000000024376000 Uncommon trap: reason=bimorphic action=maybe_recompile pc=0x0000000002cceba4 method=java.util.HashMap.putVal(ILjava/lang/Object;Ljava/lang/Object;ZZ)Ljava/lang/Object; @ 91
Event: 2.777 Thread 0x0000000026c89000 Uncommon trap: reason=unstable_if action=reinterpret pc=0x0000000002e9b5d0 method=java.lang.Math.min(DD)D @ 17
Event: 2.777 Thread 0x0000000026c89000 Uncommon trap: reason=unstable_if action=reinterpret pc=0x0000000002e9aed0 method=java.lang.Math.max(DD)D @ 17
Event: 2.778 Thread 0x0000000026c89000 Uncommon trap: reason=unstable_if action=reinterpret pc=0x0000000002e98d30 method=java.lang.Math.min(DD)D @ 17
Event: 2.778 Thread 0x0000000026c89000 Uncommon trap: reason=unstable_if action=reinterpret pc=0x0000000002e9b270 method=java.lang.Math.max(DD)D @ 17

Classes redefined (0 events):
No events

Internal exceptions (10 events):
Event: 0.259 Thread 0x00000000029b3000 Exception <a 'java/security/PrivilegedActionException'> (0x00000007403773c8) thrown at [C:\jenkins\workspace\8-2-build-windows-amd64-cygwin\jdk8u251\737\hotspot\src\share\vm\prims\jvm.cpp, line 1502]
Event: 0.271 Thread 0x00000000029b3000 Exception <a 'java/io/FileNotFoundException'> (0x0000000740388b70) thrown at [C:\jenkins\workspace\8-2-build-windows-amd64-cygwin\jdk8u251\737\hotspot\src\share\vm\prims\jni.cpp, line 710]
Event: 0.330 Thread 0x00000000029b3000 Exception <a 'java/lang/NoSuchFieldError': method resolution failed> (0x00000007404b9eb8) thrown at [C:\jenkins\workspace\8-2-build-windows-amd64-cygwin\jdk8u251\737\hotspot\src\share\vm\prims\methodHandles.cpp, line 1167]
Event: 0.333 Thread 0x00000000029b3000 Exception <a 'java/lang/NoSuchFieldError': method resolution failed> (0x00000007404c7d30) thrown at [C:\jenkins\workspace\8-2-build-windows-amd64-cygwin\jdk8u251\737\hotspot\src\share\vm\prims\methodHandles.cpp, line 1167]
Event: 0.432 Thread 0x00000000029b3000 Implicit null exception at 0x0000000002c3a026 to 0x0000000002c3a205
Event: 0.444 Thread 0x00000000029b3000 Exception <a 'java/io/FileNotFoundException'> (0x0000000740777b08) thrown at [C:\jenkins\workspace\8-2-build-windows-amd64-cygwin\jdk8u251\737\hotspot\src\share\vm\prims\jni.cpp, line 710]
Event: 1.775 Thread 0x00000000029b3000 Implicit null exception at 0x0000000002cbc096 to 0x0000000002cbc439
Event: 1.779 Thread 0x00000000029b3000 Implicit null exception at 0x0000000002ccd5bb to 0x0000000002ccdc09
Event: 2.025 Thread 0x0000000024376000 Exception <a 'sun/nio/fs/WindowsException'> (0x0000000740b8dda0) thrown at [C:\jenkins\workspace\8-2-build-windows-amd64-cygwin\jdk8u251\737\hotspot\src\share\vm\prims\jni.cpp, line 710]
Event: 2.025 Thread 0x0000000024376000 Exception <a 'sun/nio/fs/WindowsException'> (0x0000000740b8e6a8) thrown at [C:\jenkins\workspace\8-2-build-windows-amd64-cygwin\jdk8u251\737\hotspot\src\share\vm\prims\jni.cpp, line 710]

Events (10 events):
Event: 2.777 Thread 0x0000000026c89000 DEOPT UNPACKING pc=0x0000000002af583b sp=0x000000002de9e758 mode 2
Event: 2.777 Thread 0x0000000026c89000 Uncommon trap: trap_request=0xffffff65 fr.pc=0x0000000002e9aed0
Event: 2.777 Thread 0x0000000026c89000 DEOPT PACKING pc=0x0000000002e9aed0 sp=0x000000002de9e820
Event: 2.777 Thread 0x0000000026c89000 DEOPT UNPACKING pc=0x0000000002af583b sp=0x000000002de9e758 mode 2
Event: 2.778 Thread 0x0000000026c89000 Uncommon trap: trap_request=0xffffff65 fr.pc=0x0000000002e98d30
Event: 2.778 Thread 0x0000000026c89000 DEOPT PACKING pc=0x0000000002e98d30 sp=0x000000002de9e820
Event: 2.778 Thread 0x0000000026c89000 DEOPT UNPACKING pc=0x0000000002af583b sp=0x000000002de9e7a8 mode 2
Event: 2.778 Thread 0x0000000026c89000 Uncommon trap: trap_request=0xffffff65 fr.pc=0x0000000002e9b270
Event: 2.778 Thread 0x0000000026c89000 DEOPT PACKING pc=0x0000000002e9b270 sp=0x000000002de9e820
Event: 2.778 Thread 0x0000000026c89000 DEOPT UNPACKING pc=0x0000000002af583b sp=0x000000002de9e7a8 mode 2


Dynamic libraries:
0x00007ff6d9f40000 - 0x00007ff6d9f77000 	C:\Program Files\Java\jdk1.8.0_251\bin\java.exe
0x00007ffdba6b0000 - 0x00007ffdba8a6000 	C:\WINDOWS\SYSTEM32\ntdll.dll
0x00007ffdba1a0000 - 0x00007ffdba25d000 	C:\WINDOWS\System32\KERNEL32.DLL
0x00007ffdb7fa0000 - 0x00007ffdb8268000 	C:\WINDOWS\System32\KERNELBASE.dll
0x00007ffdb8710000 - 0x00007ffdb87bc000 	C:\WINDOWS\System32\ADVAPI32.dll
0x00007ffdba100000 - 0x00007ffdba19e000 	C:\WINDOWS\System32\msvcrt.dll
0x00007ffdb87c0000 - 0x00007ffdb885b000 	C:\WINDOWS\System32\sechost.dll
0x00007ffdba270000 - 0x00007ffdba393000 	C:\WINDOWS\System32\RPCRT4.dll
0x00007ffdb8a50000 - 0x00007ffdb8bf0000 	C:\WINDOWS\System32\USER32.dll
0x00007ffdb86e0000 - 0x00007ffdb8702000 	C:\WINDOWS\System32\win32u.dll
0x00007ffdb9060000 - 0x00007ffdb908a000 	C:\WINDOWS\System32\GDI32.dll
0x00007ffdb8270000 - 0x00007ffdb8379000 	C:\WINDOWS\System32\gdi32full.dll
0x00007ffdb8540000 - 0x00007ffdb85dd000 	C:\WINDOWS\System32\msvcp_win.dll
0x00007ffdb7ea0000 - 0x00007ffdb7fa0000 	C:\WINDOWS\System32\ucrtbase.dll
0x00007ffda81d0000 - 0x00007ffda846b000 	C:\WINDOWS\WinSxS\amd64_microsoft.windows.common-controls_6595b64144ccf1df_6.0.19041.488_none_ca04af081b815d21\COMCTL32.dll
0x00007ffdba4d0000 - 0x00007ffdba500000 	C:\WINDOWS\System32\IMM32.DLL
0x0000000058d90000 - 0x0000000058e62000 	C:\Program Files\Java\jdk1.8.0_251\jre\bin\msvcr100.dll
0x00000000565f0000 - 0x0000000056e9b000 	C:\Program Files\Java\jdk1.8.0_251\jre\bin\server\jvm.dll
0x00007ffdb88c0000 - 0x00007ffdb88c8000 	C:\WINDOWS\System32\PSAPI.DLL
0x00007ffd91b80000 - 0x00007ffd91b89000 	C:\WINDOWS\SYSTEM32\WSOCK32.dll
0x00007ffda8620000 - 0x00007ffda8647000 	C:\WINDOWS\SYSTEM32\WINMM.dll
0x00007ffdaff20000 - 0x00007ffdaff2a000 	C:\WINDOWS\SYSTEM32\VERSION.dll
0x00007ffdb9940000 - 0x00007ffdb99ab000 	C:\WINDOWS\System32\WS2_32.dll
0x00007ffdb2b20000 - 0x00007ffdb2b2f000 	C:\Program Files\Java\jdk1.8.0_251\jre\bin\verify.dll
0x00007ffdb1920000 - 0x00007ffdb1949000 	C:\Program Files\Java\jdk1.8.0_251\jre\bin\java.dll
0x00007ffdab150000 - 0x00007ffdab173000 	C:\Program Files\Java\jdk1.8.0_251\jre\bin\instrument.dll
0x00007ffda97b0000 - 0x00007ffda97c6000 	C:\Program Files\Java\jdk1.8.0_251\jre\bin\zip.dll
0x00007ffdb99b0000 - 0x00007ffdba0f1000 	C:\WINDOWS\System32\SHELL32.dll
0x00007ffdb56f0000 - 0x00007ffdb5e85000 	C:\WINDOWS\SYSTEM32\windows.storage.dll
0x00007ffdb92c0000 - 0x00007ffdb9615000 	C:\WINDOWS\System32\combase.dll
0x00007ffdb7860000 - 0x00007ffdb788c000 	C:\WINDOWS\SYSTEM32\Wldp.dll
0x00007ffdb89a0000 - 0x00007ffdb8a4e000 	C:\WINDOWS\System32\SHCORE.dll
0x00007ffdba500000 - 0x00007ffdba555000 	C:\WINDOWS\System32\shlwapi.dll
0x00007ffdb7d20000 - 0x00007ffdb7d46000 	C:\WINDOWS\SYSTEM32\profapi.dll
0x00007ffda2aa0000 - 0x00007ffda2aba000 	C:\Users\spyte\AppData\Local\JetBrains\Toolbox\apps\IDEA-U\ch-0\202.7660.26\bin\breakgen64.dll
0x00007ffda2a80000 - 0x00007ffda2a9a000 	C:\Program Files\Java\jdk1.8.0_251\jre\bin\net.dll
0x00007ffdb75e0000 - 0x00007ffdb764a000 	C:\WINDOWS\system32\mswsock.dll
0x00007ffd88f70000 - 0x00007ffd8910a000 	C:\Program Files\Java\jdk1.8.0_251\jre\bin\awt.dll
0x00007ffdb88d0000 - 0x00007ffdb899d000 	C:\WINDOWS\System32\OLEAUT32.dll
0x00007ffdb4630000 - 0x00007ffdb46c0000 	C:\WINDOWS\SYSTEM32\apphelp.dll
0x00007ffdb4720000 - 0x00007ffdb47be000 	C:\WINDOWS\system32\uxtheme.dll
0x00007ffdba3b0000 - 0x00007ffdba4c5000 	C:\WINDOWS\System32\MSCTF.dll
0x00007ffdb97b0000 - 0x00007ffdb98da000 	C:\WINDOWS\System32\ole32.dll
0x00007ffdb6720000 - 0x00007ffdb6732000 	C:\WINDOWS\SYSTEM32\kernel.appcore.dll
0x00007ffdb8610000 - 0x00007ffdb868f000 	C:\WINDOWS\System32\bcryptPrimitives.dll
0x00007ffdb4a80000 - 0x00007ffdb4aaf000 	C:\WINDOWS\system32\DWMAPI.DLL
0x00007ffda48a0000 - 0x00007ffda49c5000 	C:\WINDOWS\system32\opengl32.dll
0x00007ffda4dc0000 - 0x00007ffda4dec000 	C:\WINDOWS\SYSTEM32\GLU32.dll
0x00007ffdb77b0000 - 0x00007ffdb77c8000 	C:\WINDOWS\SYSTEM32\CRYPTSP.dll
0x00007ffdb6f00000 - 0x00007ffdb6f34000 	C:\WINDOWS\system32\rsaenh.dll
0x00007ffdb85e0000 - 0x00007ffdb8607000 	C:\WINDOWS\System32\bcrypt.dll
0x00007ffdb7ce0000 - 0x00007ffdb7d0e000 	C:\WINDOWS\SYSTEM32\USERENV.dll
0x00007ffdb77d0000 - 0x00007ffdb77dc000 	C:\WINDOWS\SYSTEM32\CRYPTBASE.dll
0x00007ffdb7280000 - 0x00007ffdb72bb000 	C:\WINDOWS\SYSTEM32\IPHLPAPI.DLL
0x00007ffdba3a0000 - 0x00007ffdba3a8000 	C:\WINDOWS\System32\NSI.dll
0x00007ffdaf020000 - 0x00007ffdaf037000 	C:\WINDOWS\SYSTEM32\dhcpcsvc6.DLL
0x00007ffdaef10000 - 0x00007ffdaef2d000 	C:\WINDOWS\SYSTEM32\dhcpcsvc.DLL
0x00007ffdb72c0000 - 0x00007ffdb738b000 	C:\WINDOWS\SYSTEM32\DNSAPI.dll
0x00007ffda2a60000 - 0x00007ffda2a72000 	C:\Program Files\Java\jdk1.8.0_251\jre\bin\nio.dll
0x00007ffda2a00000 - 0x00007ffda2a25000 	C:\Users\spyte\AppData\Local\Temp\libaparapi_x86_643162232917977201796.dll
0x00007ffda19d0000 - 0x00007ffda1a41000 	C:\WINDOWS\SYSTEM32\OpenCL.dll
0x00007ffdb8690000 - 0x00007ffdb86de000 	C:\WINDOWS\System32\CFGMGR32.dll
0x00007ffd9c170000 - 0x00007ffd9c202000 	C:\WINDOWS\SYSTEM32\MSVCP140.dll
0x00007ffd9c070000 - 0x00007ffd9c089000 	C:\WINDOWS\SYSTEM32\VCRUNTIME140.dll
0x00007ffd9c000000 - 0x00007ffd9c00c000 	C:\WINDOWS\SYSTEM32\VCRUNTIME140_1.dll
0x00007ffdb6740000 - 0x00007ffdb6833000 	C:\WINDOWS\SYSTEM32\dxgi.dll
0x00007ffd37970000 - 0x00007ffd39f54000 	C:\WINDOWS\System32\DriverStore\FileRepository\nvivui.inf_amd64_3fbde5a95d6e5bdd\nvopencl64.dll
0x00007ffdb79e0000 - 0x00007ffdb79f2000 	C:\WINDOWS\SYSTEM32\msasn1.dll
0x00007ffdaf250000 - 0x00007ffdaf281000 	C:\WINDOWS\SYSTEM32\cryptnet.dll
0x00007ffdb83e0000 - 0x00007ffdb853d000 	C:\WINDOWS\System32\CRYPT32.dll
0x00007ffd54650000 - 0x00007ffd54d26000 	C:\WINDOWS\SYSTEM32\nvapi64.dll
0x00007ffdb8bf0000 - 0x00007ffdb9057000 	C:\WINDOWS\System32\SETUPAPI.DLL
0x00007ffd89a10000 - 0x00007ffd89a94000 	C:\Windows\System32\DriverStore\FileRepository\igdlh64.inf_amd64_2681fc9dedd95cd9\IntelOpenCL64.dll
0x00007ffd80590000 - 0x00007ffd8076a000 	C:\Program Files (x86)\Common Files\Intel\OpenCL\bin\x64\intelocl64.dll
0x00007ffd88e00000 - 0x00007ffd88eab000 	C:\Program Files (x86)\Common Files\Intel\OpenCL\bin\x64\task_executor64.dll
0x00007ffd88aa0000 - 0x00007ffd88b89000 	C:\Program Files (x86)\Common Files\Intel\OpenCL\bin\x64\cpu_device64.dll
0x00007ffd762c0000 - 0x00007ffd767c6000 	C:\Windows\System32\DriverStore\FileRepository\igdlh64.inf_amd64_2681fc9dedd95cd9\igdrclclassic64.dll
0x00007ffdada60000 - 0x00007ffdada9b000 	C:\WINDOWS\SYSTEM32\dxcore.dll
0x00007ffda9ae0000 - 0x00007ffdab110000 	C:\Windows\System32\DriverStore\FileRepository\igdlh64.inf_amd64_2681fc9dedd95cd9\igc64.dll
0x00007ffd88710000 - 0x00007ffd887c5000 	C:\Windows\System32\DriverStore\FileRepository\igdlh64.inf_amd64_2681fc9dedd95cd9\igdfcl64.dll
0x00007ffda29b0000 - 0x00007ffda29f9000 	C:\Program Files\Java\jdk1.8.0_251\jre\bin\fontmanager.dll
0x00007ffda2110000 - 0x00007ffda220c000 	C:\WINDOWS\SYSTEM32\textinputframework.dll
0x00007ffdb3d20000 - 0x00007ffdb407e000 	C:\WINDOWS\System32\CoreUIComponents.dll
0x00007ffdb4400000 - 0x00007ffdb44f2000 	C:\WINDOWS\System32\CoreMessaging.dll
0x00007ffdb6b30000 - 0x00007ffdb6b63000 	C:\WINDOWS\SYSTEM32\ntmarta.dll
0x00007ffdb3060000 - 0x00007ffdb31b6000 	C:\WINDOWS\SYSTEM32\wintypes.dll
0x00007ffda80d0000 - 0x00007ffda8136000 	C:\WINDOWS\system32\Oleacc.dll
0x00007ffd352a0000 - 0x00007ffd3796c000 	C:\WINDOWS\System32\DriverStore\FileRepository\nvivui.inf_amd64_3fbde5a95d6e5bdd\nvcompiler64.dll
0x00007ffdb6230000 - 0x00007ffdb6414000 	C:\WINDOWS\SYSTEM32\dbghelp.dll

VM Arguments:
jvm_args: -ea -Xmx6g -javaagent:C:\Users\spyte\AppData\Local\JetBrains\Toolbox\apps\IDEA-U\ch-0\202.7660.26\lib\idea_rt.jar=59504:C:\Users\spyte\AppData\Local\JetBrains\Toolbox\apps\IDEA-U\ch-0\202.7660.26\bin -Dfile.encoding=UTF-8 
java_command: com.guryanov_sergeev.Main
java_class_path (initial): C:\Program Files\Java\jdk1.8.0_251\jre\lib\charsets.jar;C:\Program Files\Java\jdk1.8.0_251\jre\lib\deploy.jar;C:\Program Files\Java\jdk1.8.0_251\jre\lib\ext\access-bridge-64.jar;C:\Program Files\Java\jdk1.8.0_251\jre\lib\ext\cldrdata.jar;C:\Program Files\Java\jdk1.8.0_251\jre\lib\ext\dnsns.jar;C:\Program Files\Java\jdk1.8.0_251\jre\lib\ext\jaccess.jar;C:\Program Files\Java\jdk1.8.0_251\jre\lib\ext\jfxrt.jar;C:\Program Files\Java\jdk1.8.0_251\jre\lib\ext\localedata.jar;C:\Program Files\Java\jdk1.8.0_251\jre\lib\ext\nashorn.jar;C:\Program Files\Java\jdk1.8.0_251\jre\lib\ext\sunec.jar;C:\Program Files\Java\jdk1.8.0_251\jre\lib\ext\sunjce_provider.jar;C:\Program Files\Java\jdk1.8.0_251\jre\lib\ext\sunmscapi.jar;C:\Program Files\Java\jdk1.8.0_251\jre\lib\ext\sunpkcs11.jar;C:\Program Files\Java\jdk1.8.0_251\jre\lib\ext\zipfs.jar;C:\Program Files\Java\jdk1.8.0_251\jre\lib\javaws.jar;C:\Program Files\Java\jdk1.8.0_251\jre\lib\jce.jar;C:\Program Files\Java\jdk1.8.0_251\jre\lib\jfr.jar;C:\Program Files\Java\jdk1.8.0_251\jre\lib\jfxswt.jar;C:\Program Files\Java\jdk1.8.0_251\jre\lib\jsse.jar;C:\Program Files\Java\jdk1.8.0_251\jre\lib\management-agent.jar;C:\Program Files\Java\jdk1.8.0_251\jre\lib\plugin.jar;C:\Program Files\Java\jdk1.8.0_251\jre\lib\resources.jar;C:\Program Files\Java\jdk1.8.0_251\jre\lib\rt.jar;C:\Users\spyte\Documents\KartohaEngine\out\production\KartohaEngine;C:\Users\spyte\.m2\repository\com\aparapi\aparapi\2.0.0\aparapi-2.0.0.jar;C:\Users\spyte\.m2\repository\com\aparapi\aparapi-jni\1.4.2\aparapi-jni-1.4.2.jar;C:\Users\spyte\.m2\repository\org\apache\bcel\bcel\6.4.1\bcel-6.4.1.jar;C:\Users\spyte\.m2\repository\org\scala-lang\scala-library\2.13.1\scala-library-2.13.1.jar;C:\Users\spyte\AppData\Local\JetBrains\Toolbox\apps\IDEA-U\ch-0\202.7660.26\lib\idea_rt.jar
Launcher Type: SUN_STANDARD

Environment Variables:
PATH=C:\Program Files\NVIDIA GPU Computing Toolkit\CUDA\v11.1\bin;C:\Program Files\NVIDIA GPU Computing Toolkit\CUDA\v11.1\libnvvp;C:\Program Files (x86)\Common Files\Oracle\Java\javapath;C:\WINDOWS\system32;C:\WINDOWS;C:\WINDOWS\System32\Wbem;C:\WINDOWS\System32\WindowsPowerShell\v1.0\;C:\WINDOWS\System32\OpenSSH\;C:\Program Files\nodejs\;C:\Program Files\NVIDIA Corporation\Nsight Compute 2020.2.1\;C:\Program Files (x86)\NVIDIA Corporation\PhysX\Common;C:\Program Files\NVIDIA Corporation\NVIDIA NvDLISR;C:\Users\spyte\AppData\Local\Programs\Python\Python38-32\Scripts\;C:\Users\spyte\AppData\Local\Programs\Python\Python38-32\;C:\Program Files\MySQL\MySQL Shell 8.0\bin\;C:\Users\spyte\AppData\Local\Microsoft\WindowsApps;C:\Users\spyte\AppData\Roaming\npm;C:\Users\spyte\AppData\Local\Programs\Fiddler
USERNAME=spyte
OS=Windows_NT
PROCESSOR_IDENTIFIER=Intel64 Family 6 Model 142 Stepping 10, GenuineIntel



---------------  S Y S T E M  ---------------

OS: Windows 10.0 , 64 bit Build 19041 (10.0.19041.546)

CPU:total 8 (initial active 8) (4 cores per cpu, 2 threads per core) family 6 model 142 stepping 10, cmov, cx8, fxsr, mmx, sse, sse2, sse3, ssse3, sse4.1, sse4.2, popcnt, avx, avx2, aes, clmul, erms, 3dnowpref, lzcnt, ht, tsc, tscinvbit, bmi1, bmi2, adx

Memory: 4k page, physical 8269924k(929240k free), swap 23489832k(3314224k free)

vm_info: Java HotSpot(TM) 64-Bit Server VM (25.251-b08) for windows-amd64 JRE (1.8.0_251-b08), built on Mar 12 2020 06:31:49 by "" with MS VC++ 10.0 (VS2010)

time: Fri Nov 13 22:49:41 2020
timezone: RTZ 2 (зима)
elapsed time: 2 seconds (0d 0h 0m 2s)

