#
# A fatal error has been detected by the Java Runtime Environment:
#
#  EXCEPTION_ACCESS_VIOLATION (0xc0000005) at pc=0x00007ffcdc3418f9, pid=5808, tid=0x0000000000002ac4
#
# JRE version: Java(TM) SE Runtime Environment (8.0_251-b08) (build 1.8.0_251-b08)
# Java VM: Java HotSpot(TM) 64-Bit Server VM (25.251-b08 mixed mode windows-amd64 compressed oops)
# Problematic frame:
# C  [OpenCL.dll+0x18f9]
#
# Failed to write core dump. Minidumps are not enabled by default on client versions of Windows
#
# If you would like to submit a bug report, please visit:
#   http://bugreport.java.com/bugreport/crash.jsp
# The crash happened outside the Java Virtual Machine in native code.
# See problematic frame for where to report the bug.
#

---------------  T H R E A D  ---------------

Current thread (0x000000001b23b800):  JavaThread "AWT-EventQueue-0" [_thread_in_native, id=10948, stack(0x000000001cd40000,0x000000001ce40000)]

siginfo: ExceptionCode=0xc0000005, reading address 0xffffffffffffffff

Registers:
RAX=0x0000000000000000, RBX=0x0000000000000000, RCX=0x00610068006f0074, RDX=0x00000000012d0000
RSP=0x000000001ce3c208, RBP=0x000000001ce3c270, RSI=0x0000000000000020, RDI=0x0000000001304270
R8 =0x0000000000d40f00, R9 =0x0000000000000001, R10=0x0000000000008000, R11=0x000000001ce3c080
R12=0x0000000001363040, R13=0x0000000000000000, R14=0x000000001b23b9f8, R15=0x000000001b23b800
RIP=0x00007ffcdc3418f9, EFLAGS=0x0000000000010206

Top of Stack: (sp=0x000000001ce3c208)
0x000000001ce3c208:   00007ffce21b26a9 000000001b23b9f8
0x000000001ce3c218:   0000000000000000 0000000000000000
0x000000001ce3c228:   000000001ce3c370 000000001a0d5330
0x000000001ce3c238:   0000000058dec4a6 0000000023570100
0x000000001ce3c248:   000000001ce3c360 0000000000000000
0x000000001ce3c258:   000000000000000f 0000000017ef7b38
0x000000001ce3c268:   000000001ce3c370 000000001b23b9f8
0x000000001ce3c278:   0000000001304270 000000001ce3c340
0x000000001ce3c288:   00007ffce21ae48e 000000001a0d5300
0x000000001ce3c298:   000000001b23b800 0000000000000000
0x000000001ce3c2a8:   0000000017ef7b38 0000000100017bf0
0x000000001ce3c2b8:   00000000031a8c67 0000000017ef7b38
0x000000001ce3c2c8:   00000000031a899d 000000001b23b800
0x000000001ce3c2d8:   0000000017ef7b38 0000000000000020
0x000000001ce3c2e8:   000000001b23b800 000000001ce3c3d8
0x000000001ce3c2f8:   00000000031a8962 000000001ce3c300 

Instructions: (pc=0x00007ffcdc3418f9)
0x00007ffcdc3418d9:   60 48 cc cc cc cc cc 48 85 c9 75 04 8d 41 dc c3
0x00007ffcdc3418e9:   48 8b 01 48 ff 60 50 48 85 c9 75 04 8d 41 dc c3
0x00007ffcdc3418f9:   48 8b 01 48 ff 60 58 48 85 c9 75 04 8d 41 dc c3
0x00007ffcdc341909:   4c 8b 11 49 ff 62 60 48 8b 44 24 28 48 85 c9 75 


Register to memory mapping:

RAX=0x0000000000000000 is an unknown value
RBX=0x0000000000000000 is an unknown value
RCX=0x00610068006f0074 is an unknown value
RDX=0x00000000012d0000 is an unknown value
RSP=0x000000001ce3c208 is pointing into the stack for thread: 0x000000001b23b800
RBP=0x000000001ce3c270 is pointing into the stack for thread: 0x000000001b23b800
RSI=0x0000000000000020 is an unknown value
RDI=0x0000000001304270 is an unknown value
R8 =0x0000000000d40f00 is an unknown value
R9 =0x0000000000000001 is an unknown value
R10=0x0000000000008000 is an unknown value
R11=0x000000001ce3c080 is pointing into the stack for thread: 0x000000001b23b800
R12=0x0000000001363040 is an unknown value
R13=0x0000000000000000 is an unknown value
R14=0x000000001b23b9f8 is an unknown value
R15=0x000000001b23b800 is a thread


Stack: [0x000000001cd40000,0x000000001ce40000],  sp=0x000000001ce3c208,  free space=1008k
Native frames: (J=compiled Java code, j=interpreted, Vv=VM code, C=native code)
C  [OpenCL.dll+0x18f9]

Java frames: (J=compiled Java code, j=interpreted, Vv=VM code)
j  com.aparapi.internal.jni.KernelRunnerJNI.disposeJNI(J)I+0
j  com.aparapi.internal.kernel.KernelRunner.dispose()V+15
j  com.aparapi.Kernel.dispose()V+11
j  graph.CanvasPanel.paintComponent(Ljava/awt/Graphics;)V+309
j  javax.swing.JComponent.paint(Ljava/awt/Graphics;)V+286
j  javax.swing.JComponent.paintChildren(Ljava/awt/Graphics;)V+501
j  javax.swing.JComponent.paint(Ljava/awt/Graphics;)V+318
j  javax.swing.JComponent.paintChildren(Ljava/awt/Graphics;)V+501
j  javax.swing.JComponent.paint(Ljava/awt/Graphics;)V+318
j  javax.swing.JLayeredPane.paint(Ljava/awt/Graphics;)V+73
j  javax.swing.JComponent.paintChildren(Ljava/awt/Graphics;)V+501
j  javax.swing.JComponent.paintToOffscreen(Ljava/awt/Graphics;IIIIII)V+72
j  javax.swing.RepaintManager$PaintManager.paintDoubleBuffered(Ljavax/swing/JComponent;Ljava/awt/Image;Ljava/awt/Graphics;IIII)V+163
j  javax.swing.RepaintManager$PaintManager.paint(Ljavax/swing/JComponent;Ljavax/swing/JComponent;Ljava/awt/Graphics;IIII)Z+116
j  javax.swing.RepaintManager.paint(Ljavax/swing/JComponent;Ljavax/swing/JComponent;Ljava/awt/Graphics;IIII)V+51
j  javax.swing.JComponent.paint(Ljava/awt/Graphics;)V+221
j  java.awt.GraphicsCallback$PaintCallback.run(Ljava/awt/Component;Ljava/awt/Graphics;)V+2
j  sun.awt.SunGraphicsCallback.runOneComponent(Ljava/awt/Component;Ljava/awt/Rectangle;Ljava/awt/Graphics;Ljava/awt/Shape;I)V+155
j  sun.awt.SunGraphicsCallback.runComponents([Ljava/awt/Component;Ljava/awt/Graphics;I)V+194
j  java.awt.Container.paint(Ljava/awt/Graphics;)V+58
j  java.awt.Window.paint(Ljava/awt/Graphics;)V+68
j  javax.swing.RepaintManager$4.run()Ljava/lang/Void;+142
j  javax.swing.RepaintManager$4.run()Ljava/lang/Object;+1
v  ~StubRoutines::call_stub
j  java.security.AccessController.doPrivileged(Ljava/security/PrivilegedAction;Ljava/security/AccessControlContext;)Ljava/lang/Object;+0
j  java.security.ProtectionDomain$JavaSecurityAccessImpl.doIntersectionPrivilege(Ljava/security/PrivilegedAction;Ljava/security/AccessControlContext;Ljava/security/AccessControlContext;)Ljava/lang/Object;+18
j  javax.swing.RepaintManager.paintDirtyRegions(Ljava/util/Map;)V+154
j  javax.swing.RepaintManager.paintDirtyRegions()V+46
j  javax.swing.RepaintManager.prePaintDirtyRegions()V+73
j  javax.swing.RepaintManager.access$1200(Ljavax/swing/RepaintManager;)V+1
j  javax.swing.RepaintManager$ProcessingRunnable.run()V+37
j  java.awt.event.InvocationEvent.dispatch()V+47
j  java.awt.EventQueue.dispatchEventImpl(Ljava/awt/AWTEvent;Ljava/lang/Object;)V+21
j  java.awt.EventQueue.access$500(Ljava/awt/EventQueue;Ljava/awt/AWTEvent;Ljava/lang/Object;)V+3
j  java.awt.EventQueue$3.run()Ljava/lang/Void;+32
j  java.awt.EventQueue$3.run()Ljava/lang/Object;+1
v  ~StubRoutines::call_stub
j  java.security.AccessController.doPrivileged(Ljava/security/PrivilegedAction;Ljava/security/AccessControlContext;)Ljava/lang/Object;+0
j  java.security.ProtectionDomain$JavaSecurityAccessImpl.doIntersectionPrivilege(Ljava/security/PrivilegedAction;Ljava/security/AccessControlContext;Ljava/security/AccessControlContext;)Ljava/lang/Object;+18
j  java.awt.EventQueue.dispatchEvent(Ljava/awt/AWTEvent;)V+46
j  java.awt.EventDispatchThread.pumpOneEventForFilters(I)V+140
j  java.awt.EventDispatchThread.pumpEventsForFilter(ILjava/awt/Conditional;Ljava/awt/EventFilter;)V+35
j  java.awt.EventDispatchThread.pumpEventsForHierarchy(ILjava/awt/Conditional;Ljava/awt/Component;)V+11
j  java.awt.EventDispatchThread.pumpEvents(ILjava/awt/Conditional;)V+4
j  java.awt.EventDispatchThread.pumpEvents(Ljava/awt/Conditional;)V+3
j  java.awt.EventDispatchThread.run()V+9
v  ~StubRoutines::call_stub

---------------  P R O C E S S  ---------------

Java Threads: ( => current thread )
  0x000000001b914000 JavaThread "ForkJoinPool-1-worker-0" daemon [_thread_blocked, id=17064, stack(0x00000000243c0000,0x00000000244c0000)]
  0x000000001b913800 JavaThread "ForkJoinPool-1-worker-7" daemon [_thread_blocked, id=19664, stack(0x00000000242c0000,0x00000000243c0000)]
  0x000000001d5a5800 JavaThread "ForkJoinPool-1-worker-6" daemon [_thread_blocked, id=18848, stack(0x00000000241c0000,0x00000000242c0000)]
  0x000000001b8f9000 JavaThread "ForkJoinPool-1-worker-5" daemon [_thread_blocked, id=17244, stack(0x00000000240c0000,0x00000000241c0000)]
  0x000000001b8f8800 JavaThread "ForkJoinPool-1-worker-4" daemon [_thread_blocked, id=9200, stack(0x0000000023fc0000,0x00000000240c0000)]
  0x000000001b8f7800 JavaThread "ForkJoinPool-1-worker-3" daemon [_thread_blocked, id=18476, stack(0x0000000023ec0000,0x0000000023fc0000)]
  0x000000001b8f7000 JavaThread "ForkJoinPool-1-worker-2" daemon [_thread_blocked, id=13108, stack(0x0000000023dc0000,0x0000000023ec0000)]
  0x000000001b8f6000 JavaThread "ForkJoinPool-1-worker-1" daemon [_thread_blocked, id=19748, stack(0x0000000023cc0000,0x0000000023dc0000)]
  0x0000000003093000 JavaThread "DestroyJavaVM" [_thread_blocked, id=14960, stack(0x0000000002e00000,0x0000000002f00000)]
=>0x000000001b23b800 JavaThread "AWT-EventQueue-0" [_thread_in_native, id=10948, stack(0x000000001cd40000,0x000000001ce40000)]
  0x000000001b1c0000 JavaThread "AWT-Windows" daemon [_thread_in_native, id=23532, stack(0x000000001bb30000,0x000000001bc30000)]
  0x000000001b1bc000 JavaThread "AWT-Shutdown" [_thread_blocked, id=1856, stack(0x000000001ba30000,0x000000001bb30000)]
  0x000000001b187800 JavaThread "Java2D Disposer" daemon [_thread_blocked, id=9756, stack(0x000000001b930000,0x000000001ba30000)]
  0x0000000019fa2000 JavaThread "Service Thread" daemon [_thread_blocked, id=15576, stack(0x000000001ade0000,0x000000001aee0000)]
  0x0000000019f80000 JavaThread "C1 CompilerThread3" daemon [_thread_blocked, id=21116, stack(0x000000001ace0000,0x000000001ade0000)]
  0x0000000019f7c800 JavaThread "C2 CompilerThread2" daemon [_thread_blocked, id=19932, stack(0x000000001abe0000,0x000000001ace0000)]
  0x0000000019f49000 JavaThread "C2 CompilerThread1" daemon [_thread_blocked, id=4132, stack(0x000000001aae0000,0x000000001abe0000)]
  0x0000000019f48000 JavaThread "C2 CompilerThread0" daemon [_thread_blocked, id=10864, stack(0x000000001a9e0000,0x000000001aae0000)]
  0x0000000019f46800 JavaThread "Monitor Ctrl-Break" daemon [_thread_in_native, id=14760, stack(0x000000001a8e0000,0x000000001a9e0000)]
  0x0000000019f03000 JavaThread "Attach Listener" daemon [_thread_blocked, id=21356, stack(0x000000001a7e0000,0x000000001a8e0000)]
  0x0000000019f02000 JavaThread "Signal Dispatcher" daemon [_thread_blocked, id=20272, stack(0x000000001a6e0000,0x000000001a7e0000)]
  0x000000000318a000 JavaThread "Finalizer" daemon [_thread_blocked, id=7564, stack(0x000000001a3d0000,0x000000001a4d0000)]
  0x0000000019ef0800 JavaThread "Reference Handler" daemon [_thread_blocked, id=11072, stack(0x000000001a2d0000,0x000000001a3d0000)]

Other Threads:
  0x0000000018109800 VMThread [stack: 0x0000000019dd0000,0x0000000019ed0000] [id=17992]
  0x000000001a0a6000 WatcherThread [stack: 0x000000001aee0000,0x000000001afe0000] [id=18080]

VM state:not at safepoint (normal execution)

VM Mutex/Monitor currently owned by a thread: None

heap address: 0x0000000081c00000, size: 2020 MB, Compressed Oops mode: 32-bit
Narrow klass base: 0x0000000000000000, Narrow klass shift: 3
Compressed class space size: 1073741824 Address: 0x0000000100000000

Heap:
 PSYoungGen      total 71680K, used 36990K [0x00000000d5f00000, 0x00000000de480000, 0x0000000100000000)
  eden space 66560K, 55% used [0x00000000d5f00000,0x00000000d831fa08,0x00000000da000000)
  from space 5120K, 0% used [0x00000000da000000,0x00000000da000000,0x00000000da500000)
  to   space 5120K, 0% used [0x00000000ddf80000,0x00000000ddf80000,0x00000000de480000)
 ParOldGen       total 229376K, used 108195K [0x0000000081c00000, 0x000000008fc00000, 0x00000000d5f00000)
  object space 229376K, 47% used [0x0000000081c00000,0x00000000885a8e30,0x000000008fc00000)
 Metaspace       used 12994K, capacity 13204K, committed 13568K, reserved 1060864K
  class space    used 1679K, capacity 1751K, committed 1792K, reserved 1048576K

Card table byte_map: [0x0000000012550000,0x0000000012950000] byte_map_base: 0x0000000012142000

Marking Bits: (ParMarkBitMap*) 0x000000005955af90
 Begin Bits: [0x0000000013400000, 0x0000000015390000)
 End Bits:   [0x0000000015390000, 0x0000000017320000)

Polling page: 0x0000000001570000

CodeCache: size=245760Kb used=3414Kb max_used=3417Kb free=242345Kb
 bounds [0x0000000003190000, 0x00000000034f0000, 0x0000000012190000]
 total_blobs=1375 nmethods=890 adapters=398
 compilation: enabled

Compilation events (10 events):
Event: 1.547 Thread 0x0000000019f80000  879       3       com.aparapi.Kernel::getGlobalId (6 bytes)
Event: 1.547 Thread 0x0000000019f80000 nmethod 879 0x00000000034e5310 code [0x00000000034e5480, 0x00000000034e5770]
Event: 1.547 Thread 0x0000000019f80000  884       3       graph.KernelProcess::run (56 bytes)
Event: 1.547 Thread 0x0000000019f80000 nmethod 884 0x00000000034e4750 code [0x00000000034e4900, 0x00000000034e4e88]
Event: 1.547 Thread 0x0000000019f80000  883       3       com.aparapi.Kernel$KernelState::setGlobalId (8 bytes)
Event: 1.548 Thread 0x0000000019f80000 nmethod 883 0x00000000034e2290 code [0x00000000034e23e0, 0x00000000034e2550]
Event: 1.548 Thread 0x0000000019f80000  880       3       com.aparapi.Kernel$KernelState::setGroupId (8 bytes)
Event: 1.548 Thread 0x0000000019f80000 nmethod 880 0x00000000034e4390 code [0x00000000034e44e0, 0x00000000034e4650]
Event: 1.548 Thread 0x0000000019f80000  890       1       java.util.concurrent.ForkJoinTask$AdaptedRunnableAction::getRawResult (2 bytes)
Event: 1.548 Thread 0x0000000019f80000 nmethod 890 0x00000000034e40d0 code [0x00000000034e4220, 0x00000000034e4330]

GC Heap History (10 events):
Event: 0.574 GC heap before
{Heap before GC invocations=1 (full 0):
 PSYoungGen      total 38400K, used 28298K [0x00000000d5f00000, 0x00000000d8980000, 0x0000000100000000)
  eden space 33280K, 85% used [0x00000000d5f00000,0x00000000d7aa2960,0x00000000d7f80000)
  from space 5120K, 0% used [0x00000000d8480000,0x00000000d8480000,0x00000000d8980000)
  to   space 5120K, 0% used [0x00000000d7f80000,0x00000000d7f80000,0x00000000d8480000)
 ParOldGen       total 87552K, used 0K [0x0000000081c00000, 0x0000000087180000, 0x00000000d5f00000)
  object space 87552K, 0% used [0x0000000081c00000,0x0000000081c00000,0x0000000087180000)
 Metaspace       used 8898K, capacity 9074K, committed 9344K, reserved 1056768K
  class space    used 1037K, capacity 1129K, committed 1152K, reserved 1048576K
Event: 0.585 GC heap after
Heap after GC invocations=1 (full 0):
 PSYoungGen      total 38400K, used 5088K [0x00000000d5f00000, 0x00000000daa00000, 0x0000000100000000)
  eden space 33280K, 0% used [0x00000000d5f00000,0x00000000d5f00000,0x00000000d7f80000)
  from space 5120K, 99% used [0x00000000d7f80000,0x00000000d8478020,0x00000000d8480000)
  to   space 5120K, 0% used [0x00000000da500000,0x00000000da500000,0x00000000daa00000)
 ParOldGen       total 87552K, used 27389K [0x0000000081c00000, 0x0000000087180000, 0x00000000d5f00000)
  object space 87552K, 31% used [0x0000000081c00000,0x00000000836bf7f0,0x0000000087180000)
 Metaspace       used 8898K, capacity 9074K, committed 9344K, reserved 1056768K
  class space    used 1037K, capacity 1129K, committed 1152K, reserved 1048576K
}
Event: 0.588 GC heap before
{Heap before GC invocations=2 (full 0):
 PSYoungGen      total 38400K, used 33394K [0x00000000d5f00000, 0x00000000daa00000, 0x0000000100000000)
  eden space 33280K, 85% used [0x00000000d5f00000,0x00000000d7aa4bd0,0x00000000d7f80000)
  from space 5120K, 99% used [0x00000000d7f80000,0x00000000d8478020,0x00000000d8480000)
  to   space 5120K, 0% used [0x00000000da500000,0x00000000da500000,0x00000000daa00000)
 ParOldGen       total 87552K, used 27389K [0x0000000081c00000, 0x0000000087180000, 0x00000000d5f00000)
  object space 87552K, 31% used [0x0000000081c00000,0x00000000836bf7f0,0x0000000087180000)
 Metaspace       used 8898K, capacity 9074K, committed 9344K, reserved 1056768K
  class space    used 1037K, capacity 1129K, committed 1152K, reserved 1048576K
Event: 0.599 GC heap after
Heap after GC invocations=2 (full 0):
 PSYoungGen      total 71680K, used 5088K [0x00000000d5f00000, 0x00000000daa00000, 0x0000000100000000)
  eden space 66560K, 0% used [0x00000000d5f00000,0x00000000d5f00000,0x00000000da000000)
  from space 5120K, 99% used [0x00000000da500000,0x00000000da9f8020,0x00000000daa00000)
  to   space 5120K, 0% used [0x00000000da000000,0x00000000da000000,0x00000000da500000)
 ParOldGen       total 87552K, used 61715K [0x0000000081c00000, 0x0000000087180000, 0x00000000d5f00000)
  object space 87552K, 70% used [0x0000000081c00000,0x0000000085844f00,0x0000000087180000)
 Metaspace       used 8898K, capacity 9074K, committed 9344K, reserved 1056768K
  class space    used 1037K, capacity 1129K, committed 1152K, reserved 1048576K
}
Event: 0.599 GC heap before
{Heap before GC invocations=3 (full 1):
 PSYoungGen      total 71680K, used 5088K [0x00000000d5f00000, 0x00000000daa00000, 0x0000000100000000)
  eden space 66560K, 0% used [0x00000000d5f00000,0x00000000d5f00000,0x00000000da000000)
  from space 5120K, 99% used [0x00000000da500000,0x00000000da9f8020,0x00000000daa00000)
  to   space 5120K, 0% used [0x00000000da000000,0x00000000da000000,0x00000000da500000)
 ParOldGen       total 87552K, used 61715K [0x0000000081c00000, 0x0000000087180000, 0x00000000d5f00000)
  object space 87552K, 70% used [0x0000000081c00000,0x0000000085844f00,0x0000000087180000)
 Metaspace       used 8898K, capacity 9074K, committed 9344K, reserved 1056768K
  class space    used 1037K, capacity 1129K, committed 1152K, reserved 1048576K
Event: 0.620 GC heap after
Heap after GC invocations=3 (full 1):
 PSYoungGen      total 71680K, used 0K [0x00000000d5f00000, 0x00000000daa00000, 0x0000000100000000)
  eden space 66560K, 0% used [0x00000000d5f00000,0x00000000d5f00000,0x00000000da000000)
  from space 5120K, 0% used [0x00000000da500000,0x00000000da500000,0x00000000daa00000)
  to   space 5120K, 0% used [0x00000000da000000,0x00000000da000000,0x00000000da500000)
 ParOldGen       total 117760K, used 44940K [0x0000000081c00000, 0x0000000088f00000, 0x00000000d5f00000)
  object space 117760K, 38% used [0x0000000081c00000,0x00000000847e3100,0x0000000088f00000)
 Metaspace       used 8898K, capacity 9074K, committed 9344K, reserved 1056768K
  class space    used 1037K, capacity 1129K, committed 1152K, reserved 1048576K
}
Event: 0.643 GC heap before
{Heap before GC invocations=4 (full 1):
 PSYoungGen      total 71680K, used 65586K [0x00000000d5f00000, 0x00000000daa00000, 0x0000000100000000)
  eden space 66560K, 98% used [0x00000000d5f00000,0x00000000d9f0c8f8,0x00000000da000000)
  from space 5120K, 0% used [0x00000000da500000,0x00000000da500000,0x00000000daa00000)
  to   space 5120K, 0% used [0x00000000da000000,0x00000000da000000,0x00000000da500000)
 ParOldGen       total 117760K, used 44940K [0x0000000081c00000, 0x0000000088f00000, 0x00000000d5f00000)
  object space 117760K, 38% used [0x0000000081c00000,0x00000000847e3100,0x0000000088f00000)
 Metaspace       used 8898K, capacity 9074K, committed 9344K, reserved 1056768K
  class space    used 1037K, capacity 1129K, committed 1152K, reserved 1048576K
Event: 0.654 GC heap after
Heap after GC invocations=4 (full 1):
 PSYoungGen      total 71680K, used 0K [0x00000000d5f00000, 0x00000000de480000, 0x0000000100000000)
  eden space 66560K, 0% used [0x00000000d5f00000,0x00000000d5f00000,0x00000000da000000)
  from space 5120K, 0% used [0x00000000da000000,0x00000000da000000,0x00000000da500000)
  to   space 5120K, 0% used [0x00000000ddf80000,0x00000000ddf80000,0x00000000de480000)
 ParOldGen       total 117760K, used 108196K [0x0000000081c00000, 0x0000000088f00000, 0x00000000d5f00000)
  object space 117760K, 91% used [0x0000000081c00000,0x00000000885a9130,0x0000000088f00000)
 Metaspace       used 8898K, capacity 9074K, committed 9344K, reserved 1056768K
  class space    used 1037K, capacity 1129K, committed 1152K, reserved 1048576K
}
Event: 0.654 GC heap before
{Heap before GC invocations=5 (full 2):
 PSYoungGen      total 71680K, used 0K [0x00000000d5f00000, 0x00000000de480000, 0x0000000100000000)
  eden space 66560K, 0% used [0x00000000d5f00000,0x00000000d5f00000,0x00000000da000000)
  from space 5120K, 0% used [0x00000000da000000,0x00000000da000000,0x00000000da500000)
  to   space 5120K, 0% used [0x00000000ddf80000,0x00000000ddf80000,0x00000000de480000)
 ParOldGen       total 117760K, used 108196K [0x0000000081c00000, 0x0000000088f00000, 0x00000000d5f00000)
  object space 117760K, 91% used [0x0000000081c00000,0x00000000885a9130,0x0000000088f00000)
 Metaspace       used 8898K, capacity 9074K, committed 9344K, reserved 1056768K
  class space    used 1037K, capacity 1129K, committed 1152K, reserved 1048576K
Event: 0.694 GC heap after
Heap after GC invocations=5 (full 2):
 PSYoungGen      total 71680K, used 0K [0x00000000d5f00000, 0x00000000de480000, 0x0000000100000000)
  eden space 66560K, 0% used [0x00000000d5f00000,0x00000000d5f00000,0x00000000da000000)
  from space 5120K, 0% used [0x00000000da000000,0x00000000da000000,0x00000000da500000)
  to   space 5120K, 0% used [0x00000000ddf80000,0x00000000ddf80000,0x00000000de480000)
 ParOldGen       total 229376K, used 108195K [0x0000000081c00000, 0x000000008fc00000, 0x00000000d5f00000)
  object space 229376K, 47% used [0x0000000081c00000,0x00000000885a8e30,0x000000008fc00000)
 Metaspace       used 8898K, capacity 9074K, committed 9344K, reserved 1056768K
  class space    used 1037K, capacity 1129K, committed 1152K, reserved 1048576K
}

Deoptimization events (7 events):
Event: 0.371 Thread 0x0000000003093000 Uncommon trap: reason=null_check action=make_not_entrant pc=0x00000000033176a0 method=java.lang.String.equals(Ljava/lang/Object;)Z @ 8
Event: 0.731 Thread 0x000000001b23b800 Uncommon trap: reason=unstable_if action=reinterpret pc=0x0000000003374d0c method=java.lang.String.indexOf([CII[CIII)I @ 3
Event: 0.734 Thread 0x000000001b23b800 Uncommon trap: reason=class_check action=maybe_recompile pc=0x000000000336235c method=java.util.HashMap.putVal(ILjava/lang/Object;Ljava/lang/Object;ZZ)Ljava/lang/Object; @ 253
Event: 0.734 Thread 0x000000001b23b800 Uncommon trap: reason=class_check action=maybe_recompile pc=0x000000000336235c method=java.util.HashMap.putVal(ILjava/lang/Object;Ljava/lang/Object;ZZ)Ljava/lang/Object; @ 253
Event: 0.734 Thread 0x000000001b23b800 Uncommon trap: reason=class_check action=maybe_recompile pc=0x000000000336235c method=java.util.HashMap.putVal(ILjava/lang/Object;Ljava/lang/Object;ZZ)Ljava/lang/Object; @ 253
Event: 0.734 Thread 0x000000001b23b800 Uncommon trap: reason=class_check action=maybe_recompile pc=0x000000000336235c method=java.util.HashMap.putVal(ILjava/lang/Object;Ljava/lang/Object;ZZ)Ljava/lang/Object; @ 253
Event: 0.734 Thread 0x000000001b23b800 Uncommon trap: reason=class_check action=maybe_recompile pc=0x000000000335ec6c method=java.util.HashMap.putVal(ILjava/lang/Object;Ljava/lang/Object;ZZ)Ljava/lang/Object; @ 253

Classes redefined (0 events):
No events

Internal exceptions (10 events):
Event: 0.265 Thread 0x0000000003093000 Exception <a 'java/security/PrivilegedActionException'> (0x00000000d6269fb0) thrown at [C:\jenkins\workspace\8-2-build-windows-amd64-cygwin\jdk8u251\737\hotspot\src\share\vm\prims\jvm.cpp, line 1502]
Event: 0.266 Thread 0x0000000003093000 Exception <a 'java/security/PrivilegedActionException'> (0x00000000d626dec0) thrown at [C:\jenkins\workspace\8-2-build-windows-amd64-cygwin\jdk8u251\737\hotspot\src\share\vm\prims\jvm.cpp, line 1502]
Event: 0.266 Thread 0x0000000003093000 Exception <a 'java/security/PrivilegedActionException'> (0x00000000d626e0d0) thrown at [C:\jenkins\workspace\8-2-build-windows-amd64-cygwin\jdk8u251\737\hotspot\src\share\vm\prims\jvm.cpp, line 1502]
Event: 0.274 Thread 0x0000000003093000 Exception <a 'java/io/FileNotFoundException'> (0x00000000d627f878) thrown at [C:\jenkins\workspace\8-2-build-windows-amd64-cygwin\jdk8u251\737\hotspot\src\share\vm\prims\jni.cpp, line 710]
Event: 0.309 Thread 0x0000000003093000 Exception <a 'java/lang/NoSuchFieldError': method resolution failed> (0x00000000d63b0028) thrown at [C:\jenkins\workspace\8-2-build-windows-amd64-cygwin\jdk8u251\737\hotspot\src\share\vm\prims\methodHandles.cpp, line 1167]
Event: 0.310 Thread 0x0000000003093000 Exception <a 'java/lang/NoSuchFieldError': method resolution failed> (0x00000000d63bdea0) thrown at [C:\jenkins\workspace\8-2-build-windows-amd64-cygwin\jdk8u251\737\hotspot\src\share\vm\prims\methodHandles.cpp, line 1167]
Event: 0.371 Thread 0x0000000003093000 Implicit null exception at 0x00000000033174e2 to 0x0000000003317691
Event: 0.377 Thread 0x0000000003093000 Exception <a 'java/io/FileNotFoundException'> (0x00000000d666bf38) thrown at [C:\jenkins\workspace\8-2-build-windows-amd64-cygwin\jdk8u251\737\hotspot\src\share\vm\prims\jni.cpp, line 710]
Event: 1.126 Thread 0x000000001b23b800 Exception <a 'sun/nio/fs/WindowsException'> (0x00000000d6d83be8) thrown at [C:\jenkins\workspace\8-2-build-windows-amd64-cygwin\jdk8u251\737\hotspot\src\share\vm\prims\jni.cpp, line 710]
Event: 1.126 Thread 0x000000001b23b800 Exception <a 'sun/nio/fs/WindowsException'> (0x00000000d6d844d0) thrown at [C:\jenkins\workspace\8-2-build-windows-amd64-cygwin\jdk8u251\737\hotspot\src\share\vm\prims\jni.cpp, line 710]

Events (10 events):
Event: 1.543 Thread 0x000000001b8f6000 Thread added: 0x000000001b8f6000
Event: 1.544 Thread 0x000000001b8f7000 Thread added: 0x000000001b8f7000
Event: 1.544 Thread 0x000000001b8f7800 Thread added: 0x000000001b8f7800
Event: 1.544 Thread 0x000000001b8f8800 Thread added: 0x000000001b8f8800
Event: 1.544 loading class java/util/concurrent/CountedCompleter
Event: 1.544 Thread 0x000000001b8f9000 Thread added: 0x000000001b8f9000
Event: 1.544 Thread 0x000000001d5a5800 Thread added: 0x000000001d5a5800
Event: 1.545 Thread 0x000000001b913800 Thread added: 0x000000001b913800
Event: 1.545 loading class java/util/concurrent/CountedCompleter done
Event: 1.545 Thread 0x000000001b914000 Thread added: 0x000000001b914000


Dynamic libraries:
0x00007ff665240000 - 0x00007ff665277000 	C:\Program Files\Java\jdk1.8.0_251\bin\java.exe
0x00007ffd06310000 - 0x00007ffd06506000 	C:\WINDOWS\SYSTEM32\ntdll.dll
0x00007ffd06180000 - 0x00007ffd0623d000 	C:\WINDOWS\System32\KERNEL32.DLL
0x00007ffd03bf0000 - 0x00007ffd03eb8000 	C:\WINDOWS\System32\KERNELBASE.dll
0x00007ffd055f0000 - 0x00007ffd0569a000 	C:\WINDOWS\System32\ADVAPI32.dll
0x00007ffd04f40000 - 0x00007ffd04fde000 	C:\WINDOWS\System32\msvcrt.dll
0x00007ffd05540000 - 0x00007ffd055db000 	C:\WINDOWS\System32\sechost.dll
0x00007ffd056a0000 - 0x00007ffd057c4000 	C:\WINDOWS\System32\RPCRT4.dll
0x00007ffd05160000 - 0x00007ffd05300000 	C:\WINDOWS\System32\USER32.dll
0x00007ffd03fc0000 - 0x00007ffd03fe2000 	C:\WINDOWS\System32\win32u.dll
0x00007ffd05cc0000 - 0x00007ffd05cea000 	C:\WINDOWS\System32\GDI32.dll
0x00007ffd04270000 - 0x00007ffd04379000 	C:\WINDOWS\System32\gdi32full.dll
0x00007ffd041d0000 - 0x00007ffd0426d000 	C:\WINDOWS\System32\msvcp_win.dll
0x00007ffd03af0000 - 0x00007ffd03bf0000 	C:\WINDOWS\System32\ucrtbase.dll
0x00007ffcf3710000 - 0x00007ffcf39ab000 	C:\WINDOWS\WinSxS\amd64_microsoft.windows.common-controls_6595b64144ccf1df_6.0.19041.488_none_ca04af081b815d21\COMCTL32.dll
0x00007ffd054b0000 - 0x00007ffd054e0000 	C:\WINDOWS\System32\IMM32.DLL
0x0000000059ca0000 - 0x0000000059d72000 	C:\Program Files\Java\jdk1.8.0_251\jre\bin\msvcr100.dll
0x0000000058d30000 - 0x00000000595db000 	C:\Program Files\Java\jdk1.8.0_251\jre\bin\server\jvm.dll
0x00007ffd04c80000 - 0x00007ffd04c88000 	C:\WINDOWS\System32\PSAPI.DLL
0x00007ffcdd510000 - 0x00007ffcdd519000 	C:\WINDOWS\SYSTEM32\WSOCK32.dll
0x00007ffd04df0000 - 0x00007ffd04e5b000 	C:\WINDOWS\System32\WS2_32.dll
0x00007ffcf3b60000 - 0x00007ffcf3b87000 	C:\WINDOWS\SYSTEM32\WINMM.dll
0x00007ffcfad50000 - 0x00007ffcfad5a000 	C:\WINDOWS\SYSTEM32\VERSION.dll
0x00007ffd00290000 - 0x00007ffd0029f000 	C:\Program Files\Java\jdk1.8.0_251\jre\bin\verify.dll
0x00007ffcfdbf0000 - 0x00007ffcfdc19000 	C:\Program Files\Java\jdk1.8.0_251\jre\bin\java.dll
0x00007ffcedb50000 - 0x00007ffcedb73000 	C:\Program Files\Java\jdk1.8.0_251\jre\bin\instrument.dll
0x00007ffcfdbd0000 - 0x00007ffcfdbe6000 	C:\Program Files\Java\jdk1.8.0_251\jre\bin\zip.dll
0x00007ffd04470000 - 0x00007ffd04bb0000 	C:\WINDOWS\System32\SHELL32.dll
0x00007ffd018e0000 - 0x00007ffd02074000 	C:\WINDOWS\SYSTEM32\windows.storage.dll
0x00007ffd057d0000 - 0x00007ffd05b25000 	C:\WINDOWS\System32\combase.dll
0x00007ffd034d0000 - 0x00007ffd034fc000 	C:\WINDOWS\SYSTEM32\Wldp.dll
0x00007ffd04c90000 - 0x00007ffd04d3e000 	C:\WINDOWS\System32\SHCORE.dll
0x00007ffd05b30000 - 0x00007ffd05b85000 	C:\WINDOWS\System32\shlwapi.dll
0x00007ffd03990000 - 0x00007ffd039b6000 	C:\WINDOWS\SYSTEM32\profapi.dll
0x00007ffcfd4d0000 - 0x00007ffcfd4ea000 	C:\Users\spyte\AppData\Local\JetBrains\Toolbox\apps\IDEA-U\ch-0\202.7319.50\bin\breakgen64.dll
0x00007ffcfda20000 - 0x00007ffcfda3a000 	C:\Program Files\Java\jdk1.8.0_251\jre\bin\net.dll
0x00007ffd03250000 - 0x00007ffd032ba000 	C:\WINDOWS\system32\mswsock.dll
0x00007ffce15e0000 - 0x00007ffce177a000 	C:\Program Files\Java\jdk1.8.0_251\jre\bin\awt.dll
0x00007ffd04bb0000 - 0x00007ffd04c7d000 	C:\WINDOWS\System32\OLEAUT32.dll
0x00007ffd002a0000 - 0x00007ffd00330000 	C:\WINDOWS\SYSTEM32\apphelp.dll
0x00007ffd00390000 - 0x00007ffd0042f000 	C:\WINDOWS\system32\uxtheme.dll
0x00007ffd04fe0000 - 0x00007ffd050f5000 	C:\WINDOWS\System32\MSCTF.dll
0x00007ffd05b90000 - 0x00007ffd05cba000 	C:\WINDOWS\System32\ole32.dll
0x00007ffd02370000 - 0x00007ffd02382000 	C:\WINDOWS\SYSTEM32\kernel.appcore.dll
0x00007ffd03ff0000 - 0x00007ffd0406f000 	C:\WINDOWS\System32\bcryptPrimitives.dll
0x00007ffd008d0000 - 0x00007ffd008ff000 	C:\WINDOWS\system32\DWMAPI.DLL
0x00007ffceef90000 - 0x00007ffcef0b5000 	C:\WINDOWS\system32\opengl32.dll
0x00007ffcf0a10000 - 0x00007ffcf0a3c000 	C:\WINDOWS\SYSTEM32\GLU32.dll
0x00007ffce7370000 - 0x00007ffce73b9000 	C:\Program Files\Java\jdk1.8.0_251\jre\bin\fontmanager.dll
0x00007ffcee500000 - 0x00007ffcee5fc000 	C:\WINDOWS\SYSTEM32\textinputframework.dll
0x00007ffcff8b0000 - 0x00007ffcffc0e000 	C:\WINDOWS\System32\CoreUIComponents.dll
0x00007ffcfff90000 - 0x00007ffd00082000 	C:\WINDOWS\System32\CoreMessaging.dll
0x00007ffd027a0000 - 0x00007ffd027d3000 	C:\WINDOWS\SYSTEM32\ntmarta.dll
0x00007ffcff100000 - 0x00007ffcff256000 	C:\WINDOWS\SYSTEM32\wintypes.dll
0x00007ffcf3660000 - 0x00007ffcf36c6000 	C:\WINDOWS\system32\Oleacc.dll
0x00007ffd03420000 - 0x00007ffd03438000 	C:\WINDOWS\SYSTEM32\CRYPTSP.dll
0x00007ffd02b70000 - 0x00007ffd02ba4000 	C:\WINDOWS\system32\rsaenh.dll
0x00007ffd03ac0000 - 0x00007ffd03ae7000 	C:\WINDOWS\System32\bcrypt.dll
0x00007ffd03950000 - 0x00007ffd0397e000 	C:\WINDOWS\SYSTEM32\USERENV.dll
0x00007ffd03440000 - 0x00007ffd0344c000 	C:\WINDOWS\SYSTEM32\CRYPTBASE.dll
0x00007ffd02ef0000 - 0x00007ffd02f2b000 	C:\WINDOWS\SYSTEM32\IPHLPAPI.DLL
0x00007ffd04380000 - 0x00007ffd04389000 	C:\WINDOWS\System32\NSI.dll
0x00007ffcfa2a0000 - 0x00007ffcfa2b7000 	C:\WINDOWS\SYSTEM32\dhcpcsvc6.DLL
0x00007ffcfadf0000 - 0x00007ffcfae0d000 	C:\WINDOWS\SYSTEM32\dhcpcsvc.DLL
0x00007ffd02f30000 - 0x00007ffd02ffb000 	C:\WINDOWS\SYSTEM32\DNSAPI.dll
0x00007ffcedbb0000 - 0x00007ffcedbc2000 	C:\Program Files\Java\jdk1.8.0_251\jre\bin\nio.dll
0x00007ffce21a0000 - 0x00007ffce21c5000 	C:\Users\spyte\AppData\Local\Temp\libaparapi_x86_644988452511324174445.dll
0x00007ffce8ee0000 - 0x00007ffce8f71000 	C:\WINDOWS\SYSTEM32\MSVCP140.dll
0x00007ffcdc340000 - 0x00007ffcdc3b1000 	C:\WINDOWS\SYSTEM32\OpenCL.dll
0x00007ffce8f80000 - 0x00007ffce8f99000 	C:\WINDOWS\SYSTEM32\VCRUNTIME140.dll
0x00007ffd03f70000 - 0x00007ffd03fbe000 	C:\WINDOWS\System32\CFGMGR32.dll
0x00007ffce8ed0000 - 0x00007ffce8edc000 	C:\WINDOWS\SYSTEM32\VCRUNTIME140_1.dll
0x00007ffd023b0000 - 0x00007ffd024a3000 	C:\WINDOWS\SYSTEM32\dxgi.dll
0x00007ffcb0fa0000 - 0x00007ffcb31a0000 	C:\WINDOWS\System32\DriverStore\FileRepository\nvivi.inf_amd64_ad0cbee2e1be5966\nvopencl64.dll
0x00007ffcf4d00000 - 0x00007ffcf5252000 	C:\WINDOWS\SYSTEM32\nvapi64.dll
0x00007ffd05d10000 - 0x00007ffd06177000 	C:\WINDOWS\System32\SETUPAPI.DLL
0x00007ffcd46c0000 - 0x00007ffcd4744000 	C:\Windows\System32\DriverStore\FileRepository\igdlh64.inf_amd64_2681fc9dedd95cd9\IntelOpenCL64.dll
0x00007ffccfba0000 - 0x00007ffccfd7a000 	C:\Program Files (x86)\Common Files\Intel\OpenCL\bin\x64\intelocl64.dll
0x00007ffcd43c0000 - 0x00007ffcd446b000 	C:\Program Files (x86)\Common Files\Intel\OpenCL\bin\x64\task_executor64.dll
0x00007ffcd0460000 - 0x00007ffcd0549000 	C:\Program Files (x86)\Common Files\Intel\OpenCL\bin\x64\cpu_device64.dll
0x00007ffcb83a0000 - 0x00007ffcb88a6000 	C:\Windows\System32\DriverStore\FileRepository\igdlh64.inf_amd64_2681fc9dedd95cd9\igdrclclassic64.dll
0x00007ffcfa0c0000 - 0x00007ffcfa0fb000 	C:\WINDOWS\SYSTEM32\dxcore.dll
0x00007ffcf55f0000 - 0x00007ffcf6c20000 	C:\Windows\System32\DriverStore\FileRepository\igdlh64.inf_amd64_2681fc9dedd95cd9\igc64.dll
0x00007ffcd0150000 - 0x00007ffcd0205000 	C:\Windows\System32\DriverStore\FileRepository\igdlh64.inf_amd64_2681fc9dedd95cd9\igdfcl64.dll
0x00007ffd016f0000 - 0x00007ffd018d4000 	C:\WINDOWS\SYSTEM32\dbghelp.dll

VM Arguments:
jvm_args: -ea -javaagent:C:\Users\spyte\AppData\Local\JetBrains\Toolbox\apps\IDEA-U\ch-0\202.7319.50\lib\idea_rt.jar=57877:C:\Users\spyte\AppData\Local\JetBrains\Toolbox\apps\IDEA-U\ch-0\202.7319.50\bin -Dfile.encoding=UTF-8 
java_command: com.guryanov_sergeev.Main
java_class_path (initial): C:\Program Files\Java\jdk1.8.0_251\jre\lib\charsets.jar;C:\Program Files\Java\jdk1.8.0_251\jre\lib\deploy.jar;C:\Program Files\Java\jdk1.8.0_251\jre\lib\ext\access-bridge-64.jar;C:\Program Files\Java\jdk1.8.0_251\jre\lib\ext\cldrdata.jar;C:\Program Files\Java\jdk1.8.0_251\jre\lib\ext\dnsns.jar;C:\Program Files\Java\jdk1.8.0_251\jre\lib\ext\jaccess.jar;C:\Program Files\Java\jdk1.8.0_251\jre\lib\ext\jfxrt.jar;C:\Program Files\Java\jdk1.8.0_251\jre\lib\ext\localedata.jar;C:\Program Files\Java\jdk1.8.0_251\jre\lib\ext\nashorn.jar;C:\Program Files\Java\jdk1.8.0_251\jre\lib\ext\sunec.jar;C:\Program Files\Java\jdk1.8.0_251\jre\lib\ext\sunjce_provider.jar;C:\Program Files\Java\jdk1.8.0_251\jre\lib\ext\sunmscapi.jar;C:\Program Files\Java\jdk1.8.0_251\jre\lib\ext\sunpkcs11.jar;C:\Program Files\Java\jdk1.8.0_251\jre\lib\ext\zipfs.jar;C:\Program Files\Java\jdk1.8.0_251\jre\lib\javaws.jar;C:\Program Files\Java\jdk1.8.0_251\jre\lib\jce.jar;C:\Program Files\Java\jdk1.8.0_251\jre\lib\jfr.jar;C:\Program Files\Java\jdk1.8.0_251\jre\lib\jfxswt.jar;C:\Program Files\Java\jdk1.8.0_251\jre\lib\jsse.jar;C:\Program Files\Java\jdk1.8.0_251\jre\lib\management-agent.jar;C:\Program Files\Java\jdk1.8.0_251\jre\lib\plugin.jar;C:\Program Files\Java\jdk1.8.0_251\jre\lib\resources.jar;C:\Program Files\Java\jdk1.8.0_251\jre\lib\rt.jar;C:\Users\spyte\Documents\KartohaEngine\out\production\KartohaEngine;C:\Users\spyte\.m2\repository\com\aparapi\aparapi\2.0.0\aparapi-2.0.0.jar;C:\Users\spyte\.m2\repository\com\aparapi\aparapi-jni\1.4.2\aparapi-jni-1.4.2.jar;C:\Users\spyte\.m2\repository\org\apache\bcel\bcel\6.4.1\bcel-6.4.1.jar;C:\Users\spyte\.m2\repository\org\scala-lang\scala-library\2.13.1\scala-library-2.13.1.jar;C:\Users\spyte\AppData\Local\JetBrains\Toolbox\apps\IDEA-U\ch-0\202.7319.50\lib\idea_rt.jar
Launcher Type: SUN_STANDARD

Environment Variables:
PATH=C:\Program Files (x86)\Common Files\Oracle\Java\javapath;C:\WINDOWS\system32;C:\WINDOWS;C:\WINDOWS\System32\Wbem;C:\WINDOWS\System32\WindowsPowerShell\v1.0\;C:\WINDOWS\System32\OpenSSH\;C:\Program Files\nodejs\;C:\Users\spyte\AppData\Local\Programs\Python\Python38-32\Scripts\;C:\Users\spyte\AppData\Local\Programs\Python\Python38-32\;C:\Program Files\MySQL\MySQL Shell 8.0\bin\;C:\Users\spyte\AppData\Local\Microsoft\WindowsApps;C:\Users\spyte\AppData\Roaming\npm;C:\Users\spyte\AppData\Local\Programs\Fiddler
USERNAME=spyte
OS=Windows_NT
PROCESSOR_IDENTIFIER=Intel64 Family 6 Model 142 Stepping 10, GenuineIntel



---------------  S Y S T E M  ---------------

OS: Windows 10.0 , 64 bit Build 19041 (10.0.19041.541)

CPU:total 8 (initial active 8) (4 cores per cpu, 2 threads per core) family 6 model 142 stepping 10, cmov, cx8, fxsr, mmx, sse, sse2, sse3, ssse3, sse4.1, sse4.2, popcnt, avx, avx2, aes, clmul, erms, 3dnowpref, lzcnt, ht, tsc, tscinvbit, bmi1, bmi2, adx

Memory: 4k page, physical 8269924k(1515272k free), swap 22115532k(3962752k free)

vm_info: Java HotSpot(TM) 64-Bit Server VM (25.251-b08) for windows-amd64 JRE (1.8.0_251-b08), built on Mar 12 2020 06:31:49 by "" with MS VC++ 10.0 (VS2010)

time: Sun Oct 11 15:32:21 2020
timezone: RTZ 2 (зима)
elapsed time: 1 seconds (0d 0h 0m 1s)

