#
# A fatal error has been detected by the Java Runtime Environment:
#
#  EXCEPTION_ACCESS_VIOLATION (0xc0000005) at pc=0x00007ffd88fab7b3, pid=7280, tid=0x00000000000048ec
#
# JRE version: Java(TM) SE Runtime Environment (8.0_251-b08) (build 1.8.0_251-b08)
# Java VM: Java HotSpot(TM) 64-Bit Server VM (25.251-b08 mixed mode windows-amd64 compressed oops)
# Problematic frame:
# C  [libaparapi_x86_647079377241984592404.dll+0xb7b3]
#
# Failed to write core dump. Minidumps are not enabled by default on client versions of Windows
#
# If you would like to submit a bug report, please visit:
#   http://bugreport.java.com/bugreport/crash.jsp
# The crash happened outside the Java Virtual Machine in native code.
# See problematic frame for where to report the bug.
#

---------------  T H R E A D  ---------------

Current thread (0x0000000024d42800):  JavaThread "AWT-EventQueue-0" [_thread_in_native, id=18668, stack(0x0000000027270000,0x0000000027370000)]

siginfo: ExceptionCode=0xc0000005, reading address 0xffffffffffffffff

Registers:
RAX=0x00009ac0e8c82ea1, RBX=0x00750064006f0072, RCX=0x0000000024d429f8, RDX=0x0000000001430a40
RSP=0x000000002736c140, RBP=0x0000000001430a40, RSI=0x0000000000000000, RDI=0x0000000000000000
R8 =0x000000002736c508, R9 =0x000000002736c508, R10=0x0000000003588c3b, R11=0x000000005681d040
R12=0x000000002736c508, R13=0x000000002189b9a0, R14=0x0000000000000000, R15=0x0000000024d429f8
RIP=0x00007ffd88fab7b3, EFLAGS=0x0000000000010297

Top of Stack: (sp=0x000000002736c140)
0x000000002736c140:   000000000000006d 000000000320e230
0x000000002736c150:   000000000000006d 0000000023a7f470
0x000000002736c160:   0000000024d42800 0000000000000000
0x000000002736c170:   000000002736c508 00007ffd88fae5b9
0x000000002736c180:   0000000000000000 0000000001430a40
0x000000002736c190:   0000000024d429f8 000000002736c4e8
0x000000002736c1a0:   000000002189b9a0 0000000024d42800
0x000000002736c1b0:   0000000100000004 0000000000000003
0x000000002736c1c0:   0000000023a7f470 0000002800000003
0x000000002736c1d0:   0000000023a7f848 0000000024d42800
0x000000002736c1e0:   000000002189b9a0 0000000024d42800
0x000000002736c1f0:   000000002189b9a0 0000000024d42800
0x000000002736c200:   fffffffffffffffe 0000000000000000
0x000000002736c210:   0000000000000000 0000000000000000
0x000000002736c220:   0000000000000000 0000000000000000
0x000000002736c230:   0000000000000000 0000000000000000 

Instructions: (pc=0x00007ffd88fab7b3)
0x00007ffd88fab793:   89 74 24 48 8b f7 4c 89 74 24 50 44 8b f7 48 89
0x00007ffd88fab7a3:   5c 24 40 3b 75 58 0f 8d 03 01 00 00 48 8b 5d 60
0x00007ffd88fab7b3:   49 8b 1c 1e 8b 43 20 84 c0 79 59 48 8b 43 28 49
0x00007ffd88fab7c3:   8b d4 4d 8b 0f 49 8b cf 4c 8b 00 41 ff 91 c0 00 


Register to memory mapping:

RAX=0x00009ac0e8c82ea1 is an unknown value
RBX=0x00750064006f0072 is an unknown value
RCX=0x0000000024d429f8 is an unknown value
RDX=0x0000000001430a40 is an unknown value
RSP=0x000000002736c140 is pointing into the stack for thread: 0x0000000024d42800
RBP=0x0000000001430a40 is an unknown value
RSI=0x0000000000000000 is an unknown value
RDI=0x0000000000000000 is an unknown value
R8 =0x000000002736c508 is pointing into the stack for thread: 0x0000000024d42800
R9 =0x000000002736c508 is pointing into the stack for thread: 0x0000000024d42800
R10=0x0000000003588c3b is at code_begin+891 in an Interpreter codelet
method entry point (kind = native)  [0x00000000035888c0, 0x0000000003589280]  2496 bytes
R11=0x000000005681d040 is an unknown value
R12=0x000000002736c508 is pointing into the stack for thread: 0x0000000024d42800
R13={method} {0x000000002189b9a8} 'getJNI' '(JLjava/lang/Object;)I' in 'com/aparapi/internal/jni/KernelRunnerJNI'
R14=0x0000000000000000 is an unknown value
R15=0x0000000024d429f8 is an unknown value


Stack: [0x0000000027270000,0x0000000027370000],  sp=0x000000002736c140,  free space=1008k
Native frames: (J=compiled Java code, j=interpreted, Vv=VM code, C=native code)
C  [libaparapi_x86_647079377241984592404.dll+0xb7b3]
C  [libaparapi_x86_647079377241984592404.dll+0xe5b9]
C  0x0000000003588c67

Java frames: (J=compiled Java code, j=interpreted, Vv=VM code)
j  com.aparapi.internal.jni.KernelRunnerJNI.getJNI(JLjava/lang/Object;)I+0
j  com.aparapi.internal.kernel.KernelRunner.get(Ljava/lang/Object;)V+23
j  com.aparapi.Kernel.get([I)Lcom/aparapi/Kernel;+5
j  graph.KernelProcess.get()Ljava/awt/image/BufferedImage;+12
j  graph.CanvasPanel.paintComponent(Ljava/awt/Graphics;)V+29
j  javax.swing.JComponent.paint(Ljava/awt/Graphics;)V+286
j  javax.swing.JComponent.paintChildren(Ljava/awt/Graphics;)V+501
j  javax.swing.JComponent.paint(Ljava/awt/Graphics;)V+318
j  javax.swing.JComponent.paintChildren(Ljava/awt/Graphics;)V+501
j  javax.swing.JComponent.paint(Ljava/awt/Graphics;)V+318
j  javax.swing.JLayeredPane.paint(Ljava/awt/Graphics;)V+73
j  javax.swing.JComponent.paintChildren(Ljava/awt/Graphics;)V+501
j  javax.swing.JComponent.paintToOffscreen(Ljava/awt/Graphics;IIIIII)V+72
j  javax.swing.RepaintManager$PaintManager.paintDoubleBuffered(Ljavax/swing/JComponent;Ljava/awt/Image;Ljava/awt/Graphics;IIII)V+163
j  javax.swing.RepaintManager$PaintManager.paint(Ljavax/swing/JComponent;Ljavax/swing/JComponent;Ljava/awt/Graphics;IIII)Z+116
j  javax.swing.RepaintManager.paint(Ljavax/swing/JComponent;Ljavax/swing/JComponent;Ljava/awt/Graphics;IIII)V+51
j  javax.swing.JComponent.paint(Ljava/awt/Graphics;)V+221
j  java.awt.GraphicsCallback$PaintCallback.run(Ljava/awt/Component;Ljava/awt/Graphics;)V+2
j  sun.awt.SunGraphicsCallback.runOneComponent(Ljava/awt/Component;Ljava/awt/Rectangle;Ljava/awt/Graphics;Ljava/awt/Shape;I)V+155
j  sun.awt.SunGraphicsCallback.runComponents([Ljava/awt/Component;Ljava/awt/Graphics;I)V+194
j  java.awt.Container.paint(Ljava/awt/Graphics;)V+58
j  java.awt.Window.paint(Ljava/awt/Graphics;)V+68
j  javax.swing.RepaintManager$4.run()Ljava/lang/Void;+142
j  javax.swing.RepaintManager$4.run()Ljava/lang/Object;+1
v  ~StubRoutines::call_stub
j  java.security.AccessController.doPrivileged(Ljava/security/PrivilegedAction;Ljava/security/AccessControlContext;)Ljava/lang/Object;+0
j  java.security.ProtectionDomain$JavaSecurityAccessImpl.doIntersectionPrivilege(Ljava/security/PrivilegedAction;Ljava/security/AccessControlContext;Ljava/security/AccessControlContext;)Ljava/lang/Object;+18
j  javax.swing.RepaintManager.paintDirtyRegions(Ljava/util/Map;)V+154
j  javax.swing.RepaintManager.paintDirtyRegions()V+46
j  javax.swing.RepaintManager.prePaintDirtyRegions()V+73
j  javax.swing.RepaintManager.access$1200(Ljavax/swing/RepaintManager;)V+1
j  javax.swing.RepaintManager$ProcessingRunnable.run()V+37
j  java.awt.event.InvocationEvent.dispatch()V+47
j  java.awt.EventQueue.dispatchEventImpl(Ljava/awt/AWTEvent;Ljava/lang/Object;)V+21
j  java.awt.EventQueue.access$500(Ljava/awt/EventQueue;Ljava/awt/AWTEvent;Ljava/lang/Object;)V+3
j  java.awt.EventQueue$3.run()Ljava/lang/Void;+32
j  java.awt.EventQueue$3.run()Ljava/lang/Object;+1
v  ~StubRoutines::call_stub
j  java.security.AccessController.doPrivileged(Ljava/security/PrivilegedAction;Ljava/security/AccessControlContext;)Ljava/lang/Object;+0
j  java.security.ProtectionDomain$JavaSecurityAccessImpl.doIntersectionPrivilege(Ljava/security/PrivilegedAction;Ljava/security/AccessControlContext;Ljava/security/AccessControlContext;)Ljava/lang/Object;+18
j  java.awt.EventQueue.dispatchEvent(Ljava/awt/AWTEvent;)V+46
j  java.awt.EventDispatchThread.pumpOneEventForFilters(I)V+140
j  java.awt.EventDispatchThread.pumpEventsForFilter(ILjava/awt/Conditional;Ljava/awt/EventFilter;)V+35
j  java.awt.EventDispatchThread.pumpEventsForHierarchy(ILjava/awt/Conditional;Ljava/awt/Component;)V+11
j  java.awt.EventDispatchThread.pumpEvents(ILjava/awt/Conditional;)V+4
j  java.awt.EventDispatchThread.pumpEvents(Ljava/awt/Conditional;)V+3
j  java.awt.EventDispatchThread.run()V+9
v  ~StubRoutines::call_stub

---------------  P R O C E S S  ---------------

Java Threads: ( => current thread )
  0x0000000027596800 JavaThread "ForkJoinPool-1-worker-0" daemon [_thread_blocked, id=12356, stack(0x000000002fe70000,0x000000002ff70000)]
  0x0000000027593800 JavaThread "ForkJoinPool-1-worker-7" daemon [_thread_blocked, id=20348, stack(0x000000002fd70000,0x000000002fe70000)]
  0x0000000027591800 JavaThread "ForkJoinPool-1-worker-6" daemon [_thread_blocked, id=22808, stack(0x000000002eca0000,0x000000002eda0000)]
  0x00000000277f7000 JavaThread "ForkJoinPool-1-worker-5" daemon [_thread_blocked, id=14144, stack(0x000000002eba0000,0x000000002eca0000)]
  0x00000000275f2000 JavaThread "ForkJoinPool-1-worker-4" daemon [_thread_blocked, id=19728, stack(0x000000002eaa0000,0x000000002eba0000)]
  0x00000000275f1800 JavaThread "ForkJoinPool-1-worker-3" daemon [_thread_blocked, id=20204, stack(0x000000002e9a0000,0x000000002eaa0000)]
  0x00000000277d1800 JavaThread "ForkJoinPool-1-worker-2" daemon [_thread_blocked, id=20020, stack(0x000000002e8a0000,0x000000002e9a0000)]
  0x000000002523b800 JavaThread "ForkJoinPool-1-worker-1" daemon [_thread_blocked, id=4076, stack(0x000000002e7a0000,0x000000002e8a0000)]
  0x0000000003473000 JavaThread "DestroyJavaVM" [_thread_blocked, id=24136, stack(0x0000000003210000,0x0000000003310000)]
  0x0000000024d5f000 JavaThread "Thread-3" [_thread_in_native_trans, id=19664, stack(0x0000000027470000,0x0000000027570000)]
=>0x0000000024d42800 JavaThread "AWT-EventQueue-0" [_thread_in_native, id=18668, stack(0x0000000027270000,0x0000000027370000)]
  0x0000000024d41800 JavaThread "AWT-Shutdown" [_thread_blocked, id=17164, stack(0x0000000027170000,0x0000000027270000)]
  0x0000000024bb7000 JavaThread "AWT-Windows" daemon [_thread_in_native, id=23784, stack(0x0000000025510000,0x0000000025610000)]
  0x0000000024b69800 JavaThread "Java2D Disposer" daemon [_thread_blocked, id=16304, stack(0x0000000025310000,0x0000000025410000)]
  0x0000000023a83000 JavaThread "Service Thread" daemon [_thread_blocked, id=9768, stack(0x00000000247c0000,0x00000000248c0000)]
  0x0000000023a63800 JavaThread "C1 CompilerThread3" daemon [_thread_blocked, id=15732, stack(0x00000000246c0000,0x00000000247c0000)]
  0x0000000023a59800 JavaThread "C2 CompilerThread2" daemon [_thread_blocked, id=21520, stack(0x00000000245c0000,0x00000000246c0000)]
  0x0000000023a2a800 JavaThread "C2 CompilerThread1" daemon [_thread_in_native, id=21816, stack(0x00000000244c0000,0x00000000245c0000)]
  0x0000000023a29000 JavaThread "C2 CompilerThread0" daemon [_thread_blocked, id=5000, stack(0x00000000243c0000,0x00000000244c0000)]
  0x0000000023a27800 JavaThread "Monitor Ctrl-Break" daemon [_thread_in_native, id=16232, stack(0x00000000242c0000,0x00000000243c0000)]
  0x00000000239e5800 JavaThread "Attach Listener" daemon [_thread_blocked, id=2964, stack(0x00000000241c0000,0x00000000242c0000)]
  0x00000000239e4800 JavaThread "Signal Dispatcher" daemon [_thread_blocked, id=23148, stack(0x00000000240c0000,0x00000000241c0000)]
  0x000000000356b800 JavaThread "Finalizer" daemon [_thread_blocked, id=12508, stack(0x0000000023eb0000,0x0000000023fb0000)]
  0x00000000239d0800 JavaThread "Reference Handler" daemon [_thread_blocked, id=22856, stack(0x0000000023db0000,0x0000000023eb0000)]

Other Threads:
  0x0000000021ba9800 VMThread [stack: 0x00000000238b0000,0x00000000239b0000] [id=18516]
  0x0000000023a84000 WatcherThread [stack: 0x00000000248c0000,0x00000000249c0000] [id=19936]

VM state:not at safepoint (normal execution)

VM Mutex/Monitor currently owned by a thread: None

heap address: 0x0000000640000000, size: 6144 MB, Compressed Oops mode: Zero based, Oop shift amount: 3
Narrow klass base: 0x0000000000000000, Narrow klass shift: 3
Compressed class space size: 1073741824 Address: 0x00000007c0000000

Heap:
 PSYoungGen      total 67072K, used 53326K [0x0000000740000000, 0x0000000746680000, 0x00000007c0000000)
  eden space 61952K, 86% used [0x0000000740000000,0x0000000743413890,0x0000000743c80000)
  from space 5120K, 0% used [0x0000000743c80000,0x0000000743c80000,0x0000000744180000)
  to   space 5120K, 0% used [0x0000000746180000,0x0000000746180000,0x0000000746680000)
 ParOldGen       total 296960K, used 169610K [0x0000000640000000, 0x0000000652200000, 0x0000000740000000)
  object space 296960K, 57% used [0x0000000640000000,0x000000064a5a29f0,0x0000000652200000)
 Metaspace       used 13399K, capacity 13602K, committed 13952K, reserved 1060864K
  class space    used 1721K, capacity 1800K, committed 1920K, reserved 1048576K

Card table byte_map: [0x0000000012930000,0x0000000013540000] byte_map_base: 0x000000000f730000

Marking Bits: (ParMarkBitMap*) 0x0000000056e1af90
 Begin Bits: [0x0000000014540000, 0x000000001a540000)
 End Bits:   [0x000000001a540000, 0x0000000020540000)

Polling page: 0x0000000001990000

CodeCache: size=245760Kb used=4088Kb max_used=4095Kb free=241671Kb
 bounds [0x0000000003570000, 0x0000000003980000, 0x0000000012570000]
 total_blobs=1561 nmethods=1073 adapters=401
 compilation: enabled

Compilation events (10 events):
Event: 2.839 Thread 0x0000000023a63800 nmethod 1063 0x000000000396ad50 code [0x000000000396aec0, 0x000000000396b1b0]
Event: 2.917 Thread 0x0000000023a63800 1072   !   3       com.aparapi.internal.kernel.KernelRunner$5::run (74 bytes)
Event: 2.917 Thread 0x0000000023a2a800 1066       4       graph.KernelProcess::run (1124 bytes)
Event: 2.917 Thread 0x0000000023a29000 1070       4       graph.KernelProcess::getDistance3D (41 bytes)
Event: 2.917 Thread 0x0000000023a59800 1068       4       graph.KernelProcess::inRegion (110 bytes)
Event: 2.917 Thread 0x0000000023a29000 nmethod 1070 0x0000000003950f10 code [0x0000000003951040, 0x00000000039510b8]
Event: 2.917 Thread 0x0000000023a29000 1067       4       graph.KernelProcess::project (1143 bytes)
Event: 2.918 Thread 0x0000000023a63800 nmethod 1072 0x000000000396c990 code [0x000000000396cba0, 0x000000000396d918]
Event: 2.918 Thread 0x0000000023a63800 1074       1       java.util.concurrent.ForkJoinTask$AdaptedRunnableAction::getRawResult (2 bytes)
Event: 2.918 Thread 0x0000000023a63800 nmethod 1074 0x000000000396c6d0 code [0x000000000396c820, 0x000000000396c930]

GC Heap History (10 events):
Event: 0.521 GC heap before
{Heap before GC invocations=1 (full 0):
 PSYoungGen      total 38400K, used 26760K [0x0000000740000000, 0x0000000742a80000, 0x00000007c0000000)
  eden space 33280K, 80% used [0x0000000740000000,0x0000000741a22340,0x0000000742080000)
  from space 5120K, 0% used [0x0000000742580000,0x0000000742580000,0x0000000742a80000)
  to   space 5120K, 0% used [0x0000000742080000,0x0000000742080000,0x0000000742580000)
 ParOldGen       total 87552K, used 81329K [0x0000000640000000, 0x0000000645580000, 0x0000000740000000)
  object space 87552K, 92% used [0x0000000640000000,0x0000000644f6c470,0x0000000645580000)
 Metaspace       used 7782K, capacity 7912K, committed 8192K, reserved 1056768K
  class space    used 877K, capacity 933K, committed 1024K, reserved 1048576K
Event: 0.531 GC heap after
Heap after GC invocations=1 (full 0):
 PSYoungGen      total 38400K, used 3032K [0x0000000740000000, 0x0000000744b00000, 0x00000007c0000000)
  eden space 33280K, 0% used [0x0000000740000000,0x0000000740000000,0x0000000742080000)
  from space 5120K, 59% used [0x0000000742080000,0x00000007423762d0,0x0000000742580000)
  to   space 5120K, 0% used [0x0000000744600000,0x0000000744600000,0x0000000744b00000)
 ParOldGen       total 112128K, used 110155K [0x0000000640000000, 0x0000000646d80000, 0x0000000740000000)
  object space 112128K, 98% used [0x0000000640000000,0x0000000646b92dd0,0x0000000646d80000)
 Metaspace       used 7782K, capacity 7912K, committed 8192K, reserved 1056768K
  class space    used 877K, capacity 933K, committed 1024K, reserved 1048576K
}
Event: 0.531 GC heap before
{Heap before GC invocations=2 (full 1):
 PSYoungGen      total 38400K, used 3032K [0x0000000740000000, 0x0000000744b00000, 0x00000007c0000000)
  eden space 33280K, 0% used [0x0000000740000000,0x0000000740000000,0x0000000742080000)
  from space 5120K, 59% used [0x0000000742080000,0x00000007423762d0,0x0000000742580000)
  to   space 5120K, 0% used [0x0000000744600000,0x0000000744600000,0x0000000744b00000)
 ParOldGen       total 112128K, used 110155K [0x0000000640000000, 0x0000000646d80000, 0x0000000740000000)
  object space 112128K, 98% used [0x0000000640000000,0x0000000646b92dd0,0x0000000646d80000)
 Metaspace       used 7782K, capacity 7912K, committed 8192K, reserved 1056768K
  class space    used 877K, capacity 933K, committed 1024K, reserved 1048576K
Event: 0.555 GC heap after
Heap after GC invocations=2 (full 1):
 PSYoungGen      total 38400K, used 0K [0x0000000740000000, 0x0000000744b00000, 0x00000007c0000000)
  eden space 33280K, 0% used [0x0000000740000000,0x0000000740000000,0x0000000742080000)
  from space 5120K, 0% used [0x0000000742080000,0x0000000742080000,0x0000000742580000)
  to   space 5120K, 0% used [0x0000000744600000,0x0000000744600000,0x0000000744b00000)
 ParOldGen       total 186368K, used 96814K [0x0000000640000000, 0x000000064b600000, 0x0000000740000000)
  object space 186368K, 51% used [0x0000000640000000,0x0000000645e8bb20,0x000000064b600000)
 Metaspace       used 7782K, capacity 7912K, committed 8192K, reserved 1056768K
  class space    used 877K, capacity 933K, committed 1024K, reserved 1048576K
}
Event: 0.559 GC heap before
{Heap before GC invocations=3 (full 1):
 PSYoungGen      total 38400K, used 28440K [0x0000000740000000, 0x0000000744b00000, 0x00000007c0000000)
  eden space 33280K, 85% used [0x0000000740000000,0x0000000741bc63e8,0x0000000742080000)
  from space 5120K, 0% used [0x0000000742080000,0x0000000742080000,0x0000000742580000)
  to   space 5120K, 0% used [0x0000000744600000,0x0000000744600000,0x0000000744b00000)
 ParOldGen       total 186368K, used 96814K [0x0000000640000000, 0x000000064b600000, 0x0000000740000000)
  object space 186368K, 51% used [0x0000000640000000,0x0000000645e8bb20,0x000000064b600000)
 Metaspace       used 7782K, capacity 7912K, committed 8192K, reserved 1056768K
  class space    used 877K, capacity 933K, committed 1024K, reserved 1048576K
Event: 0.567 GC heap after
Heap after GC invocations=3 (full 1):
 PSYoungGen      total 57856K, used 0K [0x0000000740000000, 0x0000000744680000, 0x00000007c0000000)
  eden space 57344K, 0% used [0x0000000740000000,0x0000000740000000,0x0000000743800000)
  from space 512K, 0% used [0x0000000744600000,0x0000000744600000,0x0000000744680000)
  to   space 5120K, 0% used [0x0000000743c80000,0x0000000743c80000,0x0000000744180000)
 ParOldGen       total 186368K, used 123924K [0x0000000640000000, 0x000000064b600000, 0x0000000740000000)
  object space 186368K, 66% used [0x0000000640000000,0x0000000647905210,0x000000064b600000)
 Metaspace       used 7782K, capacity 7912K, committed 8192K, reserved 1056768K
  class space    used 877K, capacity 933K, committed 1024K, reserved 1048576K
}
Event: 1.678 GC heap before
{Heap before GC invocations=4 (full 1):
 PSYoungGen      total 57856K, used 51052K [0x0000000740000000, 0x0000000744680000, 0x00000007c0000000)
  eden space 57344K, 89% used [0x0000000740000000,0x00000007431db0e8,0x0000000743800000)
  from space 512K, 0% used [0x0000000744600000,0x0000000744600000,0x0000000744680000)
  to   space 5120K, 0% used [0x0000000743c80000,0x0000000743c80000,0x0000000744180000)
 ParOldGen       total 186368K, used 123924K [0x0000000640000000, 0x000000064b600000, 0x0000000740000000)
  object space 186368K, 66% used [0x0000000640000000,0x0000000647905210,0x000000064b600000)
 Metaspace       used 8883K, capacity 9064K, committed 9344K, reserved 1056768K
  class space    used 997K, capacity 1061K, committed 1152K, reserved 1048576K
Event: 1.695 GC heap after
Heap after GC invocations=4 (full 1):
 PSYoungGen      total 67072K, used 686K [0x0000000740000000, 0x0000000746680000, 0x00000007c0000000)
  eden space 61952K, 0% used [0x0000000740000000,0x0000000740000000,0x0000000743c80000)
  from space 5120K, 13% used [0x0000000743c80000,0x0000000743d2ba60,0x0000000744180000)
  to   space 5120K, 0% used [0x0000000746180000,0x0000000746180000,0x0000000746680000)
 ParOldGen       total 186368K, used 169115K [0x0000000640000000, 0x000000064b600000, 0x0000000740000000)
  object space 186368K, 90% used [0x0000000640000000,0x000000064a526da0,0x000000064b600000)
 Metaspace       used 8883K, capacity 9064K, committed 9344K, reserved 1056768K
  class space    used 997K, capacity 1061K, committed 1152K, reserved 1048576K
}
Event: 1.695 GC heap before
{Heap before GC invocations=5 (full 2):
 PSYoungGen      total 67072K, used 686K [0x0000000740000000, 0x0000000746680000, 0x00000007c0000000)
  eden space 61952K, 0% used [0x0000000740000000,0x0000000740000000,0x0000000743c80000)
  from space 5120K, 13% used [0x0000000743c80000,0x0000000743d2ba60,0x0000000744180000)
  to   space 5120K, 0% used [0x0000000746180000,0x0000000746180000,0x0000000746680000)
 ParOldGen       total 186368K, used 169115K [0x0000000640000000, 0x000000064b600000, 0x0000000740000000)
  object space 186368K, 90% used [0x0000000640000000,0x000000064a526da0,0x000000064b600000)
 Metaspace       used 8883K, capacity 9064K, committed 9344K, reserved 1056768K
  class space    used 997K, capacity 1061K, committed 1152K, reserved 1048576K
Event: 1.753 GC heap after
Heap after GC invocations=5 (full 2):
 PSYoungGen      total 67072K, used 0K [0x0000000740000000, 0x0000000746680000, 0x00000007c0000000)
  eden space 61952K, 0% used [0x0000000740000000,0x0000000740000000,0x0000000743c80000)
  from space 5120K, 0% used [0x0000000743c80000,0x0000000743c80000,0x0000000744180000)
  to   space 5120K, 0% used [0x0000000746180000,0x0000000746180000,0x0000000746680000)
 ParOldGen       total 296960K, used 169610K [0x0000000640000000, 0x0000000652200000, 0x0000000740000000)
  object space 296960K, 57% used [0x0000000640000000,0x000000064a5a29f0,0x0000000652200000)
 Metaspace       used 8883K, capacity 9064K, committed 9344K, reserved 1056768K
  class space    used 997K, capacity 1061K, committed 1152K, reserved 1048576K
}

Deoptimization events (10 events):
Event: 1.776 Thread 0x0000000003473000 Uncommon trap: reason=unstable_if action=reinterpret pc=0x000000000379ace0 method=java.util.Arrays.fill([II)V @ 7
Event: 1.823 Thread 0x0000000003473000 Uncommon trap: reason=unstable_if action=reinterpret pc=0x0000000003785bf8 method=java.lang.AbstractStringBuilder.append(Ljava/lang/String;)Ljava/lang/AbstractStringBuilder; @ 1
Event: 1.854 Thread 0x0000000024bb7000 Uncommon trap: reason=bimorphic action=maybe_recompile pc=0x0000000003769980 method=java.util.HashMap.putVal(ILjava/lang/Object;Ljava/lang/Object;ZZ)Ljava/lang/Object; @ 91
Event: 1.854 Thread 0x0000000024bb7000 Uncommon trap: reason=bimorphic action=maybe_recompile pc=0x0000000003769980 method=java.util.HashMap.putVal(ILjava/lang/Object;Ljava/lang/Object;ZZ)Ljava/lang/Object; @ 91
Event: 2.019 Thread 0x0000000024bb7000 Uncommon trap: reason=class_check action=maybe_recompile pc=0x00000000037b7b8c method=sun.awt.SunToolkit.getAppContext(Ljava/lang/Object;)Lsun/awt/AppContext; @ 1
Event: 2.019 Thread 0x0000000024bb7000 Uncommon trap: reason=class_check action=maybe_recompile pc=0x00000000037b7b8c method=sun.awt.SunToolkit.getAppContext(Ljava/lang/Object;)Lsun/awt/AppContext; @ 1
Event: 2.065 Thread 0x0000000024bb7000 Uncommon trap: reason=class_check action=maybe_recompile pc=0x00000000037b7b8c method=sun.awt.SunToolkit.getAppContext(Ljava/lang/Object;)Lsun/awt/AppContext; @ 1
Event: 2.065 Thread 0x0000000024bb7000 Uncommon trap: reason=class_check action=maybe_recompile pc=0x00000000037b7b8c method=sun.awt.SunToolkit.getAppContext(Ljava/lang/Object;)Lsun/awt/AppContext; @ 1
Event: 2.239 Thread 0x0000000024d42800 Uncommon trap: reason=unstable_if action=reinterpret pc=0x00000000037b83a4 method=java.util.HashMap.getNode(ILjava/lang/Object;)Ljava/util/HashMap$Node; @ 62
Event: 2.239 Thread 0x0000000024d42800 Uncommon trap: reason=unstable_if action=reinterpret pc=0x00000000037bad44 method=java.util.HashMap.getNode(ILjava/lang/Object;)Ljava/util/HashMap$Node; @ 62

Classes redefined (0 events):
No events

Internal exceptions (10 events):
Event: 0.198 Thread 0x0000000003473000 Exception <a 'java/security/PrivilegedActionException'> (0x00000007403771b8) thrown at [C:\jenkins\workspace\8-2-build-windows-amd64-cygwin\jdk8u251\737\hotspot\src\share\vm\prims\jvm.cpp, line 1502]
Event: 0.198 Thread 0x0000000003473000 Exception <a 'java/security/PrivilegedActionException'> (0x00000007403773c8) thrown at [C:\jenkins\workspace\8-2-build-windows-amd64-cygwin\jdk8u251\737\hotspot\src\share\vm\prims\jvm.cpp, line 1502]
Event: 0.207 Thread 0x0000000003473000 Exception <a 'java/io/FileNotFoundException'> (0x0000000740388b70) thrown at [C:\jenkins\workspace\8-2-build-windows-amd64-cygwin\jdk8u251\737\hotspot\src\share\vm\prims\jni.cpp, line 710]
Event: 0.254 Thread 0x0000000003473000 Exception <a 'java/lang/NoSuchFieldError': method resolution failed> (0x00000007404b9eb8) thrown at [C:\jenkins\workspace\8-2-build-windows-amd64-cygwin\jdk8u251\737\hotspot\src\share\vm\prims\methodHandles.cpp, line 1167]
Event: 0.256 Thread 0x0000000003473000 Exception <a 'java/lang/NoSuchFieldError': method resolution failed> (0x00000007404c7d30) thrown at [C:\jenkins\workspace\8-2-build-windows-amd64-cygwin\jdk8u251\737\hotspot\src\share\vm\prims\methodHandles.cpp, line 1167]
Event: 0.322 Thread 0x0000000003473000 Implicit null exception at 0x00000000036e62a6 to 0x00000000036e6485
Event: 0.331 Thread 0x0000000003473000 Exception <a 'java/io/FileNotFoundException'> (0x0000000740777b08) thrown at [C:\jenkins\workspace\8-2-build-windows-amd64-cygwin\jdk8u251\737\hotspot\src\share\vm\prims\jni.cpp, line 710]
Event: 1.823 Thread 0x0000000003473000 Implicit null exception at 0x0000000003785814 to 0x0000000003785be1
Event: 2.021 Thread 0x0000000024d42800 Exception <a 'sun/nio/fs/WindowsException'> (0x0000000741d49d28) thrown at [C:\jenkins\workspace\8-2-build-windows-amd64-cygwin\jdk8u251\737\hotspot\src\share\vm\prims\jni.cpp, line 710]
Event: 2.022 Thread 0x0000000024d42800 Exception <a 'sun/nio/fs/WindowsException'> (0x0000000741d4a630) thrown at [C:\jenkins\workspace\8-2-build-windows-amd64-cygwin\jdk8u251\737\hotspot\src\share\vm\prims\jni.cpp, line 710]

Events (10 events):
Event: 2.822 Thread 0x000000002523b800 Thread added: 0x000000002523b800
Event: 2.823 Thread 0x00000000277d1800 Thread added: 0x00000000277d1800
Event: 2.823 Thread 0x00000000275f1800 Thread added: 0x00000000275f1800
Event: 2.823 Thread 0x00000000275f2000 Thread added: 0x00000000275f2000
Event: 2.823 Thread 0x00000000277f7000 Thread added: 0x00000000277f7000
Event: 2.823 loading class java/util/concurrent/CountedCompleter
Event: 2.824 loading class java/util/concurrent/CountedCompleter done
Event: 2.824 Thread 0x0000000027591800 Thread added: 0x0000000027591800
Event: 2.825 Thread 0x0000000027593800 Thread added: 0x0000000027593800
Event: 2.825 Thread 0x0000000027596800 Thread added: 0x0000000027596800


Dynamic libraries:
0x00007ff6d9f40000 - 0x00007ff6d9f77000 	C:\Program Files\Java\jdk1.8.0_251\bin\java.exe
0x00007ffdba6b0000 - 0x00007ffdba8a6000 	C:\WINDOWS\SYSTEM32\ntdll.dll
0x00007ffdba1a0000 - 0x00007ffdba25d000 	C:\WINDOWS\System32\KERNEL32.DLL
0x00007ffdb7fa0000 - 0x00007ffdb8268000 	C:\WINDOWS\System32\KERNELBASE.dll
0x00007ffdb8710000 - 0x00007ffdb87bc000 	C:\WINDOWS\System32\ADVAPI32.dll
0x00007ffdba100000 - 0x00007ffdba19e000 	C:\WINDOWS\System32\msvcrt.dll
0x00007ffdb87c0000 - 0x00007ffdb885b000 	C:\WINDOWS\System32\sechost.dll
0x00007ffdba270000 - 0x00007ffdba393000 	C:\WINDOWS\System32\RPCRT4.dll
0x00007ffdb8a50000 - 0x00007ffdb8bf0000 	C:\WINDOWS\System32\USER32.dll
0x00007ffdb86e0000 - 0x00007ffdb8702000 	C:\WINDOWS\System32\win32u.dll
0x00007ffdb9060000 - 0x00007ffdb908a000 	C:\WINDOWS\System32\GDI32.dll
0x00007ffdb8270000 - 0x00007ffdb8379000 	C:\WINDOWS\System32\gdi32full.dll
0x00007ffdb8540000 - 0x00007ffdb85dd000 	C:\WINDOWS\System32\msvcp_win.dll
0x00007ffdb7ea0000 - 0x00007ffdb7fa0000 	C:\WINDOWS\System32\ucrtbase.dll
0x00007ffda81d0000 - 0x00007ffda846b000 	C:\WINDOWS\WinSxS\amd64_microsoft.windows.common-controls_6595b64144ccf1df_6.0.19041.488_none_ca04af081b815d21\COMCTL32.dll
0x00007ffdba4d0000 - 0x00007ffdba500000 	C:\WINDOWS\System32\IMM32.DLL
0x0000000058d90000 - 0x0000000058e62000 	C:\Program Files\Java\jdk1.8.0_251\jre\bin\msvcr100.dll
0x00000000565f0000 - 0x0000000056e9b000 	C:\Program Files\Java\jdk1.8.0_251\jre\bin\server\jvm.dll
0x00007ffdb88c0000 - 0x00007ffdb88c8000 	C:\WINDOWS\System32\PSAPI.DLL
0x00007ffd91b80000 - 0x00007ffd91b89000 	C:\WINDOWS\SYSTEM32\WSOCK32.dll
0x00007ffdaff20000 - 0x00007ffdaff2a000 	C:\WINDOWS\SYSTEM32\VERSION.dll
0x00007ffda8620000 - 0x00007ffda8647000 	C:\WINDOWS\SYSTEM32\WINMM.dll
0x00007ffdb9940000 - 0x00007ffdb99ab000 	C:\WINDOWS\System32\WS2_32.dll
0x00007ffdb2b20000 - 0x00007ffdb2b2f000 	C:\Program Files\Java\jdk1.8.0_251\jre\bin\verify.dll
0x00007ffdb1920000 - 0x00007ffdb1949000 	C:\Program Files\Java\jdk1.8.0_251\jre\bin\java.dll
0x00007ffda97a0000 - 0x00007ffda97c3000 	C:\Program Files\Java\jdk1.8.0_251\jre\bin\instrument.dll
0x00007ffda8e00000 - 0x00007ffda8e16000 	C:\Program Files\Java\jdk1.8.0_251\jre\bin\zip.dll
0x00007ffdb99b0000 - 0x00007ffdba0f1000 	C:\WINDOWS\System32\SHELL32.dll
0x00007ffdb56f0000 - 0x00007ffdb5e85000 	C:\WINDOWS\SYSTEM32\windows.storage.dll
0x00007ffdb92c0000 - 0x00007ffdb9615000 	C:\WINDOWS\System32\combase.dll
0x00007ffdb7860000 - 0x00007ffdb788c000 	C:\WINDOWS\SYSTEM32\Wldp.dll
0x00007ffdb89a0000 - 0x00007ffdb8a4e000 	C:\WINDOWS\System32\SHCORE.dll
0x00007ffdba500000 - 0x00007ffdba555000 	C:\WINDOWS\System32\shlwapi.dll
0x00007ffdb7d20000 - 0x00007ffdb7d46000 	C:\WINDOWS\SYSTEM32\profapi.dll
0x00007ffda8de0000 - 0x00007ffda8dfa000 	C:\Users\spyte\AppData\Local\JetBrains\Toolbox\apps\IDEA-U\ch-0\202.7660.26\bin\breakgen64.dll
0x00007ffda2aa0000 - 0x00007ffda2aba000 	C:\Program Files\Java\jdk1.8.0_251\jre\bin\net.dll
0x00007ffdb75e0000 - 0x00007ffdb764a000 	C:\WINDOWS\system32\mswsock.dll
0x00007ffd81880000 - 0x00007ffd81a1a000 	C:\Program Files\Java\jdk1.8.0_251\jre\bin\awt.dll
0x00007ffdb88d0000 - 0x00007ffdb899d000 	C:\WINDOWS\System32\OLEAUT32.dll
0x00007ffdb4630000 - 0x00007ffdb46c0000 	C:\WINDOWS\SYSTEM32\apphelp.dll
0x00007ffdb4720000 - 0x00007ffdb47be000 	C:\WINDOWS\system32\uxtheme.dll
0x00007ffdba3b0000 - 0x00007ffdba4c5000 	C:\WINDOWS\System32\MSCTF.dll
0x00007ffdb97b0000 - 0x00007ffdb98da000 	C:\WINDOWS\System32\ole32.dll
0x00007ffdb6720000 - 0x00007ffdb6732000 	C:\WINDOWS\SYSTEM32\kernel.appcore.dll
0x00007ffdb8610000 - 0x00007ffdb868f000 	C:\WINDOWS\System32\bcryptPrimitives.dll
0x00007ffdb4a80000 - 0x00007ffdb4aaf000 	C:\WINDOWS\system32\DWMAPI.DLL
0x00007ffda48a0000 - 0x00007ffda49c5000 	C:\WINDOWS\system32\opengl32.dll
0x00007ffda4dc0000 - 0x00007ffda4dec000 	C:\WINDOWS\SYSTEM32\GLU32.dll
0x00007ffdb77b0000 - 0x00007ffdb77c8000 	C:\WINDOWS\SYSTEM32\CRYPTSP.dll
0x00007ffdb6f00000 - 0x00007ffdb6f34000 	C:\WINDOWS\system32\rsaenh.dll
0x00007ffdb85e0000 - 0x00007ffdb8607000 	C:\WINDOWS\System32\bcrypt.dll
0x00007ffdb7ce0000 - 0x00007ffdb7d0e000 	C:\WINDOWS\SYSTEM32\USERENV.dll
0x00007ffdb77d0000 - 0x00007ffdb77dc000 	C:\WINDOWS\SYSTEM32\CRYPTBASE.dll
0x00007ffdb7280000 - 0x00007ffdb72bb000 	C:\WINDOWS\SYSTEM32\IPHLPAPI.DLL
0x00007ffdba3a0000 - 0x00007ffdba3a8000 	C:\WINDOWS\System32\NSI.dll
0x00007ffdaf020000 - 0x00007ffdaf037000 	C:\WINDOWS\SYSTEM32\dhcpcsvc6.DLL
0x00007ffdaef10000 - 0x00007ffdaef2d000 	C:\WINDOWS\SYSTEM32\dhcpcsvc.DLL
0x00007ffdb72c0000 - 0x00007ffdb738b000 	C:\WINDOWS\SYSTEM32\DNSAPI.dll
0x00007ffda2a60000 - 0x00007ffda2a72000 	C:\Program Files\Java\jdk1.8.0_251\jre\bin\nio.dll
0x00007ffd88fa0000 - 0x00007ffd88fc5000 	C:\Users\spyte\AppData\Local\Temp\libaparapi_x86_647079377241984592404.dll
0x00007ffd9c070000 - 0x00007ffd9c089000 	C:\WINDOWS\SYSTEM32\VCRUNTIME140.dll
0x00007ffd84280000 - 0x00007ffd842f1000 	C:\WINDOWS\SYSTEM32\OpenCL.dll
0x00007ffd9c170000 - 0x00007ffd9c202000 	C:\WINDOWS\SYSTEM32\MSVCP140.dll
0x00007ffdb8690000 - 0x00007ffdb86de000 	C:\WINDOWS\System32\CFGMGR32.dll
0x00007ffd9c000000 - 0x00007ffd9c00c000 	C:\WINDOWS\SYSTEM32\VCRUNTIME140_1.dll
0x00007ffdb6740000 - 0x00007ffdb6833000 	C:\WINDOWS\SYSTEM32\dxgi.dll
0x00007ffd37970000 - 0x00007ffd39f54000 	C:\WINDOWS\System32\DriverStore\FileRepository\nvivui.inf_amd64_3fbde5a95d6e5bdd\nvopencl64.dll
0x00007ffdb79e0000 - 0x00007ffdb79f2000 	C:\WINDOWS\SYSTEM32\msasn1.dll
0x00007ffdaf250000 - 0x00007ffdaf281000 	C:\WINDOWS\SYSTEM32\cryptnet.dll
0x00007ffdb83e0000 - 0x00007ffdb853d000 	C:\WINDOWS\System32\CRYPT32.dll
0x00007ffd54650000 - 0x00007ffd54d26000 	C:\WINDOWS\SYSTEM32\nvapi64.dll
0x00007ffdb8bf0000 - 0x00007ffdb9057000 	C:\WINDOWS\System32\SETUPAPI.DLL
0x00007ffd83290000 - 0x00007ffd83314000 	C:\Windows\System32\DriverStore\FileRepository\igdlh64.inf_amd64_2681fc9dedd95cd9\IntelOpenCL64.dll
0x00007ffd7d3e0000 - 0x00007ffd7d5ba000 	C:\Program Files (x86)\Common Files\Intel\OpenCL\bin\x64\intelocl64.dll
0x00007ffd831e0000 - 0x00007ffd8328b000 	C:\Program Files (x86)\Common Files\Intel\OpenCL\bin\x64\task_executor64.dll
0x00007ffd81a90000 - 0x00007ffd81b79000 	C:\Program Files (x86)\Common Files\Intel\OpenCL\bin\x64\cpu_device64.dll
0x00007ffd761d0000 - 0x00007ffd766d6000 	C:\Windows\System32\DriverStore\FileRepository\igdlh64.inf_amd64_2681fc9dedd95cd9\igdrclclassic64.dll
0x00007ffdada60000 - 0x00007ffdada9b000 	C:\WINDOWS\SYSTEM32\dxcore.dll
0x00007ffda9ae0000 - 0x00007ffdab110000 	C:\Windows\System32\DriverStore\FileRepository\igdlh64.inf_amd64_2681fc9dedd95cd9\igc64.dll
0x00007ffd804f0000 - 0x00007ffd805a5000 	C:\Windows\System32\DriverStore\FileRepository\igdlh64.inf_amd64_2681fc9dedd95cd9\igdfcl64.dll
0x00007ffd88710000 - 0x00007ffd88759000 	C:\Program Files\Java\jdk1.8.0_251\jre\bin\fontmanager.dll
0x00007ffda2110000 - 0x00007ffda220c000 	C:\WINDOWS\SYSTEM32\textinputframework.dll
0x00007ffdb4400000 - 0x00007ffdb44f2000 	C:\WINDOWS\System32\CoreMessaging.dll
0x00007ffdb3d20000 - 0x00007ffdb407e000 	C:\WINDOWS\System32\CoreUIComponents.dll
0x00007ffdb6b30000 - 0x00007ffdb6b63000 	C:\WINDOWS\SYSTEM32\ntmarta.dll
0x00007ffdb3060000 - 0x00007ffdb31b6000 	C:\WINDOWS\SYSTEM32\wintypes.dll
0x00007ffda80d0000 - 0x00007ffda8136000 	C:\WINDOWS\system32\Oleacc.dll
0x00007ffdb6230000 - 0x00007ffdb6414000 	C:\WINDOWS\SYSTEM32\dbghelp.dll

VM Arguments:
jvm_args: -ea -Xmx6g -javaagent:C:\Users\spyte\AppData\Local\JetBrains\Toolbox\apps\IDEA-U\ch-0\202.7660.26\lib\idea_rt.jar=62701:C:\Users\spyte\AppData\Local\JetBrains\Toolbox\apps\IDEA-U\ch-0\202.7660.26\bin -Dfile.encoding=UTF-8 
java_command: com.guryanov_sergeev.Main
java_class_path (initial): C:\Program Files\Java\jdk1.8.0_251\jre\lib\charsets.jar;C:\Program Files\Java\jdk1.8.0_251\jre\lib\deploy.jar;C:\Program Files\Java\jdk1.8.0_251\jre\lib\ext\access-bridge-64.jar;C:\Program Files\Java\jdk1.8.0_251\jre\lib\ext\cldrdata.jar;C:\Program Files\Java\jdk1.8.0_251\jre\lib\ext\dnsns.jar;C:\Program Files\Java\jdk1.8.0_251\jre\lib\ext\jaccess.jar;C:\Program Files\Java\jdk1.8.0_251\jre\lib\ext\jfxrt.jar;C:\Program Files\Java\jdk1.8.0_251\jre\lib\ext\localedata.jar;C:\Program Files\Java\jdk1.8.0_251\jre\lib\ext\nashorn.jar;C:\Program Files\Java\jdk1.8.0_251\jre\lib\ext\sunec.jar;C:\Program Files\Java\jdk1.8.0_251\jre\lib\ext\sunjce_provider.jar;C:\Program Files\Java\jdk1.8.0_251\jre\lib\ext\sunmscapi.jar;C:\Program Files\Java\jdk1.8.0_251\jre\lib\ext\sunpkcs11.jar;C:\Program Files\Java\jdk1.8.0_251\jre\lib\ext\zipfs.jar;C:\Program Files\Java\jdk1.8.0_251\jre\lib\javaws.jar;C:\Program Files\Java\jdk1.8.0_251\jre\lib\jce.jar;C:\Program Files\Java\jdk1.8.0_251\jre\lib\jfr.jar;C:\Program Files\Java\jdk1.8.0_251\jre\lib\jfxswt.jar;C:\Program Files\Java\jdk1.8.0_251\jre\lib\jsse.jar;C:\Program Files\Java\jdk1.8.0_251\jre\lib\management-agent.jar;C:\Program Files\Java\jdk1.8.0_251\jre\lib\plugin.jar;C:\Program Files\Java\jdk1.8.0_251\jre\lib\resources.jar;C:\Program Files\Java\jdk1.8.0_251\jre\lib\rt.jar;C:\Users\spyte\Documents\KartohaEngine\out\production\KartohaEngine;C:\Users\spyte\.m2\repository\com\aparapi\aparapi\2.0.0\aparapi-2.0.0.jar;C:\Users\spyte\.m2\repository\com\aparapi\aparapi-jni\1.4.2\aparapi-jni-1.4.2.jar;C:\Users\spyte\.m2\repository\org\apache\bcel\bcel\6.4.1\bcel-6.4.1.jar;C:\Users\spyte\.m2\repository\org\scala-lang\scala-library\2.13.1\scala-library-2.13.1.jar;C:\Users\spyte\AppData\Local\JetBrains\Toolbox\apps\IDEA-U\ch-0\202.7660.26\lib\idea_rt.jar
Launcher Type: SUN_STANDARD

Environment Variables:
PATH=C:\Program Files\NVIDIA GPU Computing Toolkit\CUDA\v11.1\bin;C:\Program Files\NVIDIA GPU Computing Toolkit\CUDA\v11.1\libnvvp;C:\Program Files (x86)\Common Files\Oracle\Java\javapath;C:\WINDOWS\system32;C:\WINDOWS;C:\WINDOWS\System32\Wbem;C:\WINDOWS\System32\WindowsPowerShell\v1.0\;C:\WINDOWS\System32\OpenSSH\;C:\Program Files\nodejs\;C:\Program Files\NVIDIA Corporation\Nsight Compute 2020.2.1\;C:\Program Files (x86)\NVIDIA Corporation\PhysX\Common;C:\Program Files\NVIDIA Corporation\NVIDIA NvDLISR;C:\Users\spyte\AppData\Local\Programs\Python\Python38-32\Scripts\;C:\Users\spyte\AppData\Local\Programs\Python\Python38-32\;C:\Program Files\MySQL\MySQL Shell 8.0\bin\;C:\Users\spyte\AppData\Local\Microsoft\WindowsApps;C:\Users\spyte\AppData\Roaming\npm;C:\Users\spyte\AppData\Local\Programs\Fiddler
USERNAME=spyte
OS=Windows_NT
PROCESSOR_IDENTIFIER=Intel64 Family 6 Model 142 Stepping 10, GenuineIntel



---------------  S Y S T E M  ---------------

OS: Windows 10.0 , 64 bit Build 19041 (10.0.19041.546)

CPU:total 8 (initial active 8) (4 cores per cpu, 2 threads per core) family 6 model 142 stepping 10, cmov, cx8, fxsr, mmx, sse, sse2, sse3, ssse3, sse4.1, sse4.2, popcnt, avx, avx2, aes, clmul, erms, 3dnowpref, lzcnt, ht, tsc, tscinvbit, bmi1, bmi2, adx

Memory: 4k page, physical 8269924k(257440k free), swap 24555512k(3284792k free)

vm_info: Java HotSpot(TM) 64-Bit Server VM (25.251-b08) for windows-amd64 JRE (1.8.0_251-b08), built on Mar 12 2020 06:31:49 by "" with MS VC++ 10.0 (VS2010)

time: Sat Nov 14 12:55:55 2020
timezone: RTZ 2 (зима)
elapsed time: 2 seconds (0d 0h 0m 2s)

