#
# A fatal error has been detected by the Java Runtime Environment:
#
#  EXCEPTION_ACCESS_VIOLATION (0xc0000005) at pc=0x00007ffda1a2b7b3, pid=18624, tid=0x0000000000001350
#
# JRE version: Java(TM) SE Runtime Environment (8.0_251-b08) (build 1.8.0_251-b08)
# Java VM: Java HotSpot(TM) 64-Bit Server VM (25.251-b08 mixed mode windows-amd64 compressed oops)
# Problematic frame:
# C  [libaparapi_x86_641889279726639890943.dll+0xb7b3]
#
# Failed to write core dump. Minidumps are not enabled by default on client versions of Windows
#
# If you would like to submit a bug report, please visit:
#   http://bugreport.java.com/bugreport/crash.jsp
# The crash happened outside the Java Virtual Machine in native code.
# See problematic frame for where to report the bug.
#

---------------  T H R E A D  ---------------

Current thread (0x0000000024a73000):  JavaThread "AWT-EventQueue-0" [_thread_in_native, id=4944, stack(0x0000000026fa0000,0x00000000270a0000)]

siginfo: ExceptionCode=0xc0000005, reading address 0xffffffffffffffff

Registers:
RAX=0x00006e11bc36f9aa, RBX=0x00750064006f0072, RCX=0x0000000024a731f8, RDX=0x00000000010c7b90
RSP=0x000000002709c090, RBP=0x00000000010c7b90, RSI=0x0000000000000000, RDI=0x0000000000000000
R8 =0x000000002709c458, R9 =0x000000002709c458, R10=0x0000000003188c3b, R11=0x000000005681d040
R12=0x000000002709c458, R13=0x000000002149b9a0, R14=0x0000000000000000, R15=0x0000000024a731f8
RIP=0x00007ffda1a2b7b3, EFLAGS=0x0000000000010297

Top of Stack: (sp=0x000000002709c090)
0x000000002709c090:   000000000000006e 0000000002dae6b0
0x000000002709c0a0:   000000000000006e 00000000236ba680
0x000000002709c0b0:   0000000024a73000 0000000000000000
0x000000002709c0c0:   000000002709c458 00007ffda1a2e5b9
0x000000002709c0d0:   0000000000000000 00000000010c7b90
0x000000002709c0e0:   0000000024a731f8 000000002709c438
0x000000002709c0f0:   000000002149b9a0 0000000024a73000
0x000000002709c100:   0000000100000004 0000000000000003
0x000000002709c110:   00000000236ba680 0000002800000003
0x000000002709c120:   00000000236baa58 0000000024a73000
0x000000002709c130:   000000002149b9a0 0000000024a73000
0x000000002709c140:   000000002149b9a0 0000000024a73000
0x000000002709c150:   fffffffffffffffe 0000000000000000
0x000000002709c160:   0000000000000000 0000000000000000
0x000000002709c170:   0000000000000000 0000000000000000
0x000000002709c180:   0000000000000000 0000000000000000 

Instructions: (pc=0x00007ffda1a2b7b3)
0x00007ffda1a2b793:   89 74 24 48 8b f7 4c 89 74 24 50 44 8b f7 48 89
0x00007ffda1a2b7a3:   5c 24 40 3b 75 58 0f 8d 03 01 00 00 48 8b 5d 60
0x00007ffda1a2b7b3:   49 8b 1c 1e 8b 43 20 84 c0 79 59 48 8b 43 28 49
0x00007ffda1a2b7c3:   8b d4 4d 8b 0f 49 8b cf 4c 8b 00 41 ff 91 c0 00 


Register to memory mapping:

RAX=0x00006e11bc36f9aa is an unknown value
RBX=0x00750064006f0072 is an unknown value
RCX=0x0000000024a731f8 is an unknown value
RDX=0x00000000010c7b90 is an unknown value
RSP=0x000000002709c090 is pointing into the stack for thread: 0x0000000024a73000
RBP=0x00000000010c7b90 is an unknown value
RSI=0x0000000000000000 is an unknown value
RDI=0x0000000000000000 is an unknown value
R8 =0x000000002709c458 is pointing into the stack for thread: 0x0000000024a73000
R9 =0x000000002709c458 is pointing into the stack for thread: 0x0000000024a73000
R10=0x0000000003188c3b is at code_begin+891 in an Interpreter codelet
method entry point (kind = native)  [0x00000000031888c0, 0x0000000003189280]  2496 bytes
R11=0x000000005681d040 is an unknown value
R12=0x000000002709c458 is pointing into the stack for thread: 0x0000000024a73000
R13={method} {0x000000002149b9a8} 'getJNI' '(JLjava/lang/Object;)I' in 'com/aparapi/internal/jni/KernelRunnerJNI'
R14=0x0000000000000000 is an unknown value
R15=0x0000000024a731f8 is an unknown value


Stack: [0x0000000026fa0000,0x00000000270a0000],  sp=0x000000002709c090,  free space=1008k
Native frames: (J=compiled Java code, j=interpreted, Vv=VM code, C=native code)
C  [libaparapi_x86_641889279726639890943.dll+0xb7b3]
C  [libaparapi_x86_641889279726639890943.dll+0xe5b9]
C  0x0000000003188c67

Java frames: (J=compiled Java code, j=interpreted, Vv=VM code)
j  com.aparapi.internal.jni.KernelRunnerJNI.getJNI(JLjava/lang/Object;)I+0
j  com.aparapi.internal.kernel.KernelRunner.get(Ljava/lang/Object;)V+23
j  com.aparapi.Kernel.get([I)Lcom/aparapi/Kernel;+5
j  graph.KernelProcess.get()Ljava/awt/image/BufferedImage;+12
j  graph.CanvasPanel.paintComponent(Ljava/awt/Graphics;)V+29
j  javax.swing.JComponent.paint(Ljava/awt/Graphics;)V+286
j  javax.swing.JComponent.paintChildren(Ljava/awt/Graphics;)V+501
j  javax.swing.JComponent.paint(Ljava/awt/Graphics;)V+318
j  javax.swing.JComponent.paintChildren(Ljava/awt/Graphics;)V+501
j  javax.swing.JComponent.paint(Ljava/awt/Graphics;)V+318
j  javax.swing.JLayeredPane.paint(Ljava/awt/Graphics;)V+73
j  javax.swing.JComponent.paintChildren(Ljava/awt/Graphics;)V+501
j  javax.swing.JComponent.paintToOffscreen(Ljava/awt/Graphics;IIIIII)V+72
j  javax.swing.RepaintManager$PaintManager.paintDoubleBuffered(Ljavax/swing/JComponent;Ljava/awt/Image;Ljava/awt/Graphics;IIII)V+163
j  javax.swing.RepaintManager$PaintManager.paint(Ljavax/swing/JComponent;Ljavax/swing/JComponent;Ljava/awt/Graphics;IIII)Z+116
j  javax.swing.RepaintManager.paint(Ljavax/swing/JComponent;Ljavax/swing/JComponent;Ljava/awt/Graphics;IIII)V+51
j  javax.swing.JComponent.paint(Ljava/awt/Graphics;)V+221
j  java.awt.GraphicsCallback$PaintCallback.run(Ljava/awt/Component;Ljava/awt/Graphics;)V+2
j  sun.awt.SunGraphicsCallback.runOneComponent(Ljava/awt/Component;Ljava/awt/Rectangle;Ljava/awt/Graphics;Ljava/awt/Shape;I)V+155
j  sun.awt.SunGraphicsCallback.runComponents([Ljava/awt/Component;Ljava/awt/Graphics;I)V+194
j  java.awt.Container.paint(Ljava/awt/Graphics;)V+58
j  java.awt.Window.paint(Ljava/awt/Graphics;)V+68
j  javax.swing.RepaintManager$4.run()Ljava/lang/Void;+142
j  javax.swing.RepaintManager$4.run()Ljava/lang/Object;+1
v  ~StubRoutines::call_stub
j  java.security.AccessController.doPrivileged(Ljava/security/PrivilegedAction;Ljava/security/AccessControlContext;)Ljava/lang/Object;+0
j  java.security.ProtectionDomain$JavaSecurityAccessImpl.doIntersectionPrivilege(Ljava/security/PrivilegedAction;Ljava/security/AccessControlContext;Ljava/security/AccessControlContext;)Ljava/lang/Object;+18
j  javax.swing.RepaintManager.paintDirtyRegions(Ljava/util/Map;)V+154
j  javax.swing.RepaintManager.paintDirtyRegions()V+46
j  javax.swing.RepaintManager.prePaintDirtyRegions()V+73
j  javax.swing.RepaintManager.access$1200(Ljavax/swing/RepaintManager;)V+1
j  javax.swing.RepaintManager$ProcessingRunnable.run()V+37
j  java.awt.event.InvocationEvent.dispatch()V+47
j  java.awt.EventQueue.dispatchEventImpl(Ljava/awt/AWTEvent;Ljava/lang/Object;)V+21
j  java.awt.EventQueue.access$500(Ljava/awt/EventQueue;Ljava/awt/AWTEvent;Ljava/lang/Object;)V+3
j  java.awt.EventQueue$3.run()Ljava/lang/Void;+32
j  java.awt.EventQueue$3.run()Ljava/lang/Object;+1
v  ~StubRoutines::call_stub
j  java.security.AccessController.doPrivileged(Ljava/security/PrivilegedAction;Ljava/security/AccessControlContext;)Ljava/lang/Object;+0
j  java.security.ProtectionDomain$JavaSecurityAccessImpl.doIntersectionPrivilege(Ljava/security/PrivilegedAction;Ljava/security/AccessControlContext;Ljava/security/AccessControlContext;)Ljava/lang/Object;+18
j  java.awt.EventQueue.dispatchEvent(Ljava/awt/AWTEvent;)V+46
j  java.awt.EventDispatchThread.pumpOneEventForFilters(I)V+140
j  java.awt.EventDispatchThread.pumpEventsForFilter(ILjava/awt/Conditional;Ljava/awt/EventFilter;)V+35
j  java.awt.EventDispatchThread.pumpEventsForHierarchy(ILjava/awt/Conditional;Ljava/awt/Component;)V+11
j  java.awt.EventDispatchThread.pumpEvents(ILjava/awt/Conditional;)V+4
j  java.awt.EventDispatchThread.pumpEvents(Ljava/awt/Conditional;)V+3
j  java.awt.EventDispatchThread.run()V+9
v  ~StubRoutines::call_stub

---------------  P R O C E S S  ---------------

Java Threads: ( => current thread )
  0x0000000024ce6000 JavaThread "ForkJoinPool-1-worker-0" daemon [_thread_blocked, id=4172, stack(0x000000002fbc0000,0x000000002fcc0000)]
  0x0000000024ce5800 JavaThread "ForkJoinPool-1-worker-7" daemon [_thread_blocked, id=5248, stack(0x000000002fac0000,0x000000002fbc0000)]
  0x0000000024ce4800 JavaThread "ForkJoinPool-1-worker-6" daemon [_thread_blocked, id=8384, stack(0x000000002f9c0000,0x000000002fac0000)]
  0x00000000272eb000 JavaThread "ForkJoinPool-1-worker-5" daemon [_thread_blocked, id=4196, stack(0x000000002f8c0000,0x000000002f9c0000)]
  0x00000000272ea800 JavaThread "ForkJoinPool-1-worker-4" daemon [_thread_blocked, id=18864, stack(0x000000002f7c0000,0x000000002f8c0000)]
  0x00000000272e9800 JavaThread "ForkJoinPool-1-worker-3" daemon [_thread_blocked, id=16192, stack(0x000000002f6c0000,0x000000002f7c0000)]
  0x00000000272e9000 JavaThread "ForkJoinPool-1-worker-2" daemon [_thread_blocked, id=16868, stack(0x000000002e5d0000,0x000000002e6d0000)]
  0x00000000272e8000 JavaThread "ForkJoinPool-1-worker-1" daemon [_thread_blocked, id=20844, stack(0x000000002e4d0000,0x000000002e5d0000)]
  0x0000000003073000 JavaThread "DestroyJavaVM" [_thread_blocked, id=22448, stack(0x0000000002df0000,0x0000000002ef0000)]
  0x0000000024ac1800 JavaThread "Thread-3" [_thread_in_native, id=6452, stack(0x00000000271a0000,0x00000000272a0000)]
=>0x0000000024a73000 JavaThread "AWT-EventQueue-0" [_thread_in_native, id=4944, stack(0x0000000026fa0000,0x00000000270a0000)]
  0x0000000024a79800 JavaThread "AWT-Shutdown" [_thread_blocked, id=13208, stack(0x0000000026ea0000,0x0000000026fa0000)]
  0x0000000024760000 JavaThread "AWT-Windows" daemon [_thread_in_native, id=21616, stack(0x00000000250f0000,0x00000000251f0000)]
  0x0000000024712800 JavaThread "Java2D Disposer" daemon [_thread_blocked, id=21464, stack(0x0000000024ef0000,0x0000000024ff0000)]
  0x000000002371e000 JavaThread "Service Thread" daemon [_thread_blocked, id=21424, stack(0x0000000024380000,0x0000000024480000)]
  0x0000000023626800 JavaThread "C1 CompilerThread3" daemon [_thread_blocked, id=17572, stack(0x0000000024280000,0x0000000024380000)]
  0x000000002361a800 JavaThread "C2 CompilerThread2" daemon [_thread_in_native, id=19452, stack(0x0000000024180000,0x0000000024280000)]
  0x0000000023614000 JavaThread "C2 CompilerThread1" daemon [_thread_blocked, id=19820, stack(0x0000000024080000,0x0000000024180000)]
  0x0000000023691800 JavaThread "C2 CompilerThread0" daemon [_thread_blocked, id=17436, stack(0x0000000023f80000,0x0000000024080000)]
  0x0000000023690000 JavaThread "Monitor Ctrl-Break" daemon [_thread_in_native, id=19312, stack(0x0000000023e80000,0x0000000023f80000)]
  0x00000000235a2800 JavaThread "Attach Listener" daemon [_thread_blocked, id=1272, stack(0x0000000023d80000,0x0000000023e80000)]
  0x00000000235a1000 JavaThread "Signal Dispatcher" daemon [_thread_blocked, id=8260, stack(0x0000000023c80000,0x0000000023d80000)]
  0x0000000023591800 JavaThread "Finalizer" daemon [_thread_blocked, id=11860, stack(0x0000000023a70000,0x0000000023b70000)]
  0x0000000023590800 JavaThread "Reference Handler" daemon [_thread_blocked, id=22464, stack(0x0000000023970000,0x0000000023a70000)]

Other Threads:
  0x00000000217a9800 VMThread [stack: 0x0000000023470000,0x0000000023570000] [id=13896]
  0x000000002374a000 WatcherThread [stack: 0x0000000024480000,0x0000000024580000] [id=15872]

VM state:not at safepoint (normal execution)

VM Mutex/Monitor currently owned by a thread: None

heap address: 0x0000000640000000, size: 6144 MB, Compressed Oops mode: Zero based, Oop shift amount: 3
Narrow klass base: 0x0000000000000000, Narrow klass shift: 3
Compressed class space size: 1073741824 Address: 0x00000007c0000000

Heap:
 PSYoungGen      total 67072K, used 33226K [0x0000000740000000, 0x0000000747800000, 0x00000007c0000000)
  eden space 61952K, 53% used [0x0000000740000000,0x00000007420729a8,0x0000000743c80000)
  from space 5120K, 0% used [0x0000000743c80000,0x0000000743c80000,0x0000000744180000)
  to   space 5120K, 0% used [0x0000000747300000,0x0000000747300000,0x0000000747800000)
 ParOldGen       total 310272K, used 184663K [0x0000000640000000, 0x0000000652f00000, 0x0000000740000000)
  object space 310272K, 59% used [0x0000000640000000,0x000000064b455f50,0x0000000652f00000)
 Metaspace       used 13334K, capacity 13584K, committed 13952K, reserved 1060864K
  class space    used 1720K, capacity 1797K, committed 1920K, reserved 1048576K

Card table byte_map: [0x0000000012530000,0x0000000013140000] byte_map_base: 0x000000000f330000

Marking Bits: (ParMarkBitMap*) 0x0000000056e1af90
 Begin Bits: [0x0000000014140000, 0x000000001a140000)
 End Bits:   [0x000000001a140000, 0x0000000020140000)

Polling page: 0x0000000002d70000

CodeCache: size=245760Kb used=4036Kb max_used=4036Kb free=241723Kb
 bounds [0x0000000003170000, 0x0000000003570000, 0x0000000012170000]
 total_blobs=1536 nmethods=1048 adapters=401
 compilation: enabled

Compilation events (10 events):
Event: 2.885 Thread 0x0000000023614000 1045       4       java.lang.Math::min (45 bytes)
Event: 2.885 Thread 0x0000000023626800 1044       1       java.util.concurrent.ForkJoinTask$AdaptedRunnableAction::getRawResult (2 bytes)
Event: 2.885 Thread 0x0000000023626800 nmethod 1044 0x0000000003561e10 code [0x0000000003561f60, 0x0000000003562070]
Event: 2.885 Thread 0x0000000023691800 1046       4       java.lang.Math::max (45 bytes)
Event: 2.885 Thread 0x0000000023614000 nmethod 1045 0x00000000035632d0 code [0x0000000003563440, 0x0000000003563518]
Event: 2.886 Thread 0x0000000023691800 nmethod 1046 0x00000000035622d0 code [0x0000000003562440, 0x0000000003562518]
Event: 2.886 Thread 0x000000002361a800 1047       4       graph.KernelProcess::run (558 bytes)
Event: 2.887 Thread 0x0000000023626800 1048       3       java.util.concurrent.ThreadLocalRandom::getProbe (13 bytes)
Event: 2.887 Thread 0x0000000023626800 nmethod 1048 0x0000000003562fd0 code [0x0000000003563120, 0x0000000003563270]
Event: 2.887 Thread 0x0000000023626800 1049       3       java.util.concurrent.ForkJoinPool::scan (416 bytes)

GC Heap History (10 events):
Event: 0.521 GC heap before
{Heap before GC invocations=1 (full 0):
 PSYoungGen      total 38400K, used 32435K [0x0000000740000000, 0x0000000742a80000, 0x00000007c0000000)
  eden space 33280K, 97% used [0x0000000740000000,0x0000000741facf88,0x0000000742080000)
  from space 5120K, 0% used [0x0000000742580000,0x0000000742580000,0x0000000742a80000)
  to   space 5120K, 0% used [0x0000000742080000,0x0000000742080000,0x0000000742580000)
 ParOldGen       total 87552K, used 81329K [0x0000000640000000, 0x0000000645580000, 0x0000000740000000)
  object space 87552K, 92% used [0x0000000640000000,0x0000000644f6c470,0x0000000645580000)
 Metaspace       used 7758K, capacity 7912K, committed 8192K, reserved 1056768K
  class space    used 877K, capacity 933K, committed 1024K, reserved 1048576K
Event: 0.533 GC heap after
Heap after GC invocations=1 (full 0):
 PSYoungGen      total 38400K, used 1576K [0x0000000740000000, 0x0000000744b00000, 0x00000007c0000000)
  eden space 33280K, 0% used [0x0000000740000000,0x0000000740000000,0x0000000742080000)
  from space 5120K, 30% used [0x0000000742080000,0x000000074220a2b0,0x0000000742580000)
  to   space 5120K, 0% used [0x0000000744600000,0x0000000744600000,0x0000000744b00000)
 ParOldGen       total 121344K, used 119192K [0x0000000640000000, 0x0000000647680000, 0x0000000740000000)
  object space 121344K, 98% used [0x0000000640000000,0x0000000647466020,0x0000000647680000)
 Metaspace       used 7758K, capacity 7912K, committed 8192K, reserved 1056768K
  class space    used 877K, capacity 933K, committed 1024K, reserved 1048576K
}
Event: 0.533 GC heap before
{Heap before GC invocations=2 (full 1):
 PSYoungGen      total 38400K, used 1576K [0x0000000740000000, 0x0000000744b00000, 0x00000007c0000000)
  eden space 33280K, 0% used [0x0000000740000000,0x0000000740000000,0x0000000742080000)
  from space 5120K, 30% used [0x0000000742080000,0x000000074220a2b0,0x0000000742580000)
  to   space 5120K, 0% used [0x0000000744600000,0x0000000744600000,0x0000000744b00000)
 ParOldGen       total 121344K, used 119192K [0x0000000640000000, 0x0000000647680000, 0x0000000740000000)
  object space 121344K, 98% used [0x0000000640000000,0x0000000647466020,0x0000000647680000)
 Metaspace       used 7758K, capacity 7912K, committed 8192K, reserved 1056768K
  class space    used 877K, capacity 933K, committed 1024K, reserved 1048576K
Event: 0.549 GC heap after
Heap after GC invocations=2 (full 1):
 PSYoungGen      total 38400K, used 0K [0x0000000740000000, 0x0000000744b00000, 0x00000007c0000000)
  eden space 33280K, 0% used [0x0000000740000000,0x0000000740000000,0x0000000742080000)
  from space 5120K, 0% used [0x0000000742080000,0x0000000742080000,0x0000000742580000)
  to   space 5120K, 0% used [0x0000000744600000,0x0000000744600000,0x0000000744b00000)
 ParOldGen       total 197632K, used 104414K [0x0000000640000000, 0x000000064c100000, 0x0000000740000000)
  object space 197632K, 52% used [0x0000000640000000,0x00000006465f78b0,0x000000064c100000)
 Metaspace       used 7758K, capacity 7912K, committed 8192K, reserved 1056768K
  class space    used 877K, capacity 933K, committed 1024K, reserved 1048576K
}
Event: 0.552 GC heap before
{Heap before GC invocations=3 (full 1):
 PSYoungGen      total 38400K, used 28440K [0x0000000740000000, 0x0000000744b00000, 0x00000007c0000000)
  eden space 33280K, 85% used [0x0000000740000000,0x0000000741bc63e8,0x0000000742080000)
  from space 5120K, 0% used [0x0000000742080000,0x0000000742080000,0x0000000742580000)
  to   space 5120K, 0% used [0x0000000744600000,0x0000000744600000,0x0000000744b00000)
 ParOldGen       total 197632K, used 104414K [0x0000000640000000, 0x000000064c100000, 0x0000000740000000)
  object space 197632K, 52% used [0x0000000640000000,0x00000006465f78b0,0x000000064c100000)
 Metaspace       used 7758K, capacity 7912K, committed 8192K, reserved 1056768K
  class space    used 877K, capacity 933K, committed 1024K, reserved 1048576K
Event: 0.562 GC heap after
Heap after GC invocations=3 (full 1):
 PSYoungGen      total 62464K, used 0K [0x0000000740000000, 0x0000000744680000, 0x00000007c0000000)
  eden space 61952K, 0% used [0x0000000740000000,0x0000000740000000,0x0000000743c80000)
  from space 512K, 0% used [0x0000000744600000,0x0000000744600000,0x0000000744680000)
  to   space 5120K, 0% used [0x0000000743c80000,0x0000000743c80000,0x0000000744180000)
 ParOldGen       total 197632K, used 131523K [0x0000000640000000, 0x000000064c100000, 0x0000000740000000)
  object space 197632K, 66% used [0x0000000640000000,0x0000000648070fa0,0x000000064c100000)
 Metaspace       used 7758K, capacity 7912K, committed 8192K, reserved 1056768K
  class space    used 877K, capacity 933K, committed 1024K, reserved 1048576K
}
Event: 1.756 GC heap before
{Heap before GC invocations=4 (full 1):
 PSYoungGen      total 62464K, used 61952K [0x0000000740000000, 0x0000000744680000, 0x00000007c0000000)
  eden space 61952K, 100% used [0x0000000740000000,0x0000000743c80000,0x0000000743c80000)
  from space 512K, 0% used [0x0000000744600000,0x0000000744600000,0x0000000744680000)
  to   space 5120K, 0% used [0x0000000743c80000,0x0000000743c80000,0x0000000744180000)
 ParOldGen       total 197632K, used 131523K [0x0000000640000000, 0x000000064c100000, 0x0000000740000000)
  object space 197632K, 66% used [0x0000000640000000,0x0000000648070fa0,0x000000064c100000)
 Metaspace       used 10180K, capacity 10368K, committed 10496K, reserved 1058816K
  class space    used 1188K, capacity 1258K, committed 1280K, reserved 1048576K
Event: 1.779 GC heap after
Heap after GC invocations=4 (full 1):
 PSYoungGen      total 67072K, used 1055K [0x0000000740000000, 0x0000000747800000, 0x00000007c0000000)
  eden space 61952K, 0% used [0x0000000740000000,0x0000000740000000,0x0000000743c80000)
  from space 5120K, 20% used [0x0000000743c80000,0x0000000743d87ce0,0x0000000744180000)
  to   space 5120K, 0% used [0x0000000747300000,0x0000000747300000,0x0000000747800000)
 ParOldGen       total 197632K, used 183878K [0x0000000640000000, 0x000000064c100000, 0x0000000740000000)
  object space 197632K, 93% used [0x0000000640000000,0x000000064b3918f0,0x000000064c100000)
 Metaspace       used 10180K, capacity 10368K, committed 10496K, reserved 1058816K
  class space    used 1188K, capacity 1258K, committed 1280K, reserved 1048576K
}
Event: 1.779 GC heap before
{Heap before GC invocations=5 (full 2):
 PSYoungGen      total 67072K, used 1055K [0x0000000740000000, 0x0000000747800000, 0x00000007c0000000)
  eden space 61952K, 0% used [0x0000000740000000,0x0000000740000000,0x0000000743c80000)
  from space 5120K, 20% used [0x0000000743c80000,0x0000000743d87ce0,0x0000000744180000)
  to   space 5120K, 0% used [0x0000000747300000,0x0000000747300000,0x0000000747800000)
 ParOldGen       total 197632K, used 183878K [0x0000000640000000, 0x000000064c100000, 0x0000000740000000)
  object space 197632K, 93% used [0x0000000640000000,0x000000064b3918f0,0x000000064c100000)
 Metaspace       used 10180K, capacity 10368K, committed 10496K, reserved 1058816K
  class space    used 1188K, capacity 1258K, committed 1280K, reserved 1048576K
Event: 1.843 GC heap after
Heap after GC invocations=5 (full 2):
 PSYoungGen      total 67072K, used 0K [0x0000000740000000, 0x0000000747800000, 0x00000007c0000000)
  eden space 61952K, 0% used [0x0000000740000000,0x0000000740000000,0x0000000743c80000)
  from space 5120K, 0% used [0x0000000743c80000,0x0000000743c80000,0x0000000744180000)
  to   space 5120K, 0% used [0x0000000747300000,0x0000000747300000,0x0000000747800000)
 ParOldGen       total 310272K, used 184663K [0x0000000640000000, 0x0000000652f00000, 0x0000000740000000)
  object space 310272K, 59% used [0x0000000640000000,0x000000064b455f50,0x0000000652f00000)
 Metaspace       used 10180K, capacity 10368K, committed 10496K, reserved 1058816K
  class space    used 1188K, capacity 1258K, committed 1280K, reserved 1048576K
}

Deoptimization events (10 events):
Event: 1.681 Thread 0x0000000003073000 Uncommon trap: reason=unstable_if action=reinterpret pc=0x0000000003377b10 method=java.lang.AbstractStringBuilder.append(Ljava/lang/String;)Ljava/lang/AbstractStringBuilder; @ 1
Event: 1.686 Thread 0x0000000003073000 Uncommon trap: reason=unstable_if action=reinterpret pc=0x00000000033867a0 method=java.util.HashMap.hash(Ljava/lang/Object;)I @ 1
Event: 1.692 Thread 0x0000000024760000 Uncommon trap: reason=bimorphic action=maybe_recompile pc=0x0000000003384524 method=java.util.HashMap.putVal(ILjava/lang/Object;Ljava/lang/Object;ZZ)Ljava/lang/Object; @ 91
Event: 1.692 Thread 0x0000000024760000 Uncommon trap: reason=bimorphic action=maybe_recompile pc=0x0000000003384524 method=java.util.HashMap.putVal(ILjava/lang/Object;Ljava/lang/Object;ZZ)Ljava/lang/Object; @ 91
Event: 2.093 Thread 0x0000000024a73000 Uncommon trap: reason=unstable_if action=reinterpret pc=0x00000000033bc6a4 method=java.util.HashMap.getNode(ILjava/lang/Object;)Ljava/util/HashMap$Node; @ 62
Event: 2.093 Thread 0x0000000024a73000 Uncommon trap: reason=bimorphic action=maybe_recompile pc=0x0000000003384524 method=java.util.HashMap.putVal(ILjava/lang/Object;Ljava/lang/Object;ZZ)Ljava/lang/Object; @ 91
Event: 2.094 Thread 0x0000000024a73000 Uncommon trap: reason=unstable_if action=reinterpret pc=0x00000000033bdd48 method=java.util.HashMap.getNode(ILjava/lang/Object;)Ljava/util/HashMap$Node; @ 62
Event: 2.094 Thread 0x0000000024a73000 Uncommon trap: reason=bimorphic action=maybe_recompile pc=0x0000000003384524 method=java.util.HashMap.putVal(ILjava/lang/Object;Ljava/lang/Object;ZZ)Ljava/lang/Object; @ 91
Event: 2.883 Thread 0x00000000272e9800 Uncommon trap: reason=unstable_if action=reinterpret pc=0x0000000003551c30 method=java.lang.Math.min(DD)D @ 17
Event: 2.883 Thread 0x00000000272e9800 Uncommon trap: reason=unstable_if action=reinterpret pc=0x0000000003551f70 method=java.lang.Math.max(DD)D @ 17

Classes redefined (0 events):
No events

Internal exceptions (10 events):
Event: 0.236 Thread 0x0000000003073000 Exception <a 'java/security/PrivilegedActionException'> (0x00000007403773c8) thrown at [C:\jenkins\workspace\8-2-build-windows-amd64-cygwin\jdk8u251\737\hotspot\src\share\vm\prims\jvm.cpp, line 1502]
Event: 0.244 Thread 0x0000000003073000 Exception <a 'java/io/FileNotFoundException'> (0x0000000740388b70) thrown at [C:\jenkins\workspace\8-2-build-windows-amd64-cygwin\jdk8u251\737\hotspot\src\share\vm\prims\jni.cpp, line 710]
Event: 0.289 Thread 0x0000000003073000 Exception <a 'java/lang/NoSuchFieldError': method resolution failed> (0x00000007404b9eb8) thrown at [C:\jenkins\workspace\8-2-build-windows-amd64-cygwin\jdk8u251\737\hotspot\src\share\vm\prims\methodHandles.cpp, line 1167]
Event: 0.291 Thread 0x0000000003073000 Exception <a 'java/lang/NoSuchFieldError': method resolution failed> (0x00000007404c7d30) thrown at [C:\jenkins\workspace\8-2-build-windows-amd64-cygwin\jdk8u251\737\hotspot\src\share\vm\prims\methodHandles.cpp, line 1167]
Event: 0.364 Thread 0x0000000003073000 Implicit null exception at 0x00000000032fa8e6 to 0x00000000032faac5
Event: 0.375 Thread 0x0000000003073000 Exception <a 'java/io/FileNotFoundException'> (0x0000000740777b08) thrown at [C:\jenkins\workspace\8-2-build-windows-amd64-cygwin\jdk8u251\737\hotspot\src\share\vm\prims\jni.cpp, line 710]
Event: 1.681 Thread 0x0000000003073000 Implicit null exception at 0x0000000003377756 to 0x0000000003377af9
Event: 1.686 Thread 0x0000000003073000 Implicit null exception at 0x000000000338613b to 0x0000000003386785
Event: 1.912 Thread 0x0000000024a73000 Exception <a 'sun/nio/fs/WindowsException'> (0x0000000740b83f48) thrown at [C:\jenkins\workspace\8-2-build-windows-amd64-cygwin\jdk8u251\737\hotspot\src\share\vm\prims\jni.cpp, line 710]
Event: 1.912 Thread 0x0000000024a73000 Exception <a 'sun/nio/fs/WindowsException'> (0x0000000740b84850) thrown at [C:\jenkins\workspace\8-2-build-windows-amd64-cygwin\jdk8u251\737\hotspot\src\share\vm\prims\jni.cpp, line 710]

Events (10 events):
Event: 2.872 Thread 0x00000000272eb000 Thread added: 0x00000000272eb000
Event: 2.872 Thread 0x0000000024ce4800 Thread added: 0x0000000024ce4800
Event: 2.873 Thread 0x0000000024ce5800 Thread added: 0x0000000024ce5800
Event: 2.874 Thread 0x0000000024ce6000 Thread added: 0x0000000024ce6000
Event: 2.883 Thread 0x00000000272e9800 Uncommon trap: trap_request=0xffffff65 fr.pc=0x0000000003551c30
Event: 2.883 Thread 0x00000000272e9800 DEOPT PACKING pc=0x0000000003551c30 sp=0x000000002f7be9b0
Event: 2.883 Thread 0x00000000272e9800 DEOPT UNPACKING pc=0x00000000031b583b sp=0x000000002f7be938 mode 2
Event: 2.883 Thread 0x00000000272e9800 Uncommon trap: trap_request=0xffffff65 fr.pc=0x0000000003551f70
Event: 2.883 Thread 0x00000000272e9800 DEOPT PACKING pc=0x0000000003551f70 sp=0x000000002f7be9b0
Event: 2.883 Thread 0x00000000272e9800 DEOPT UNPACKING pc=0x00000000031b583b sp=0x000000002f7be938 mode 2


Dynamic libraries:
0x00007ff6d9f40000 - 0x00007ff6d9f77000 	C:\Program Files\Java\jdk1.8.0_251\bin\java.exe
0x00007ffdba6b0000 - 0x00007ffdba8a6000 	C:\WINDOWS\SYSTEM32\ntdll.dll
0x00007ffdba1a0000 - 0x00007ffdba25d000 	C:\WINDOWS\System32\KERNEL32.DLL
0x00007ffdb7fa0000 - 0x00007ffdb8268000 	C:\WINDOWS\System32\KERNELBASE.dll
0x00007ffdb8710000 - 0x00007ffdb87bc000 	C:\WINDOWS\System32\ADVAPI32.dll
0x00007ffdba100000 - 0x00007ffdba19e000 	C:\WINDOWS\System32\msvcrt.dll
0x00007ffdb87c0000 - 0x00007ffdb885b000 	C:\WINDOWS\System32\sechost.dll
0x00007ffdba270000 - 0x00007ffdba393000 	C:\WINDOWS\System32\RPCRT4.dll
0x00007ffdb8a50000 - 0x00007ffdb8bf0000 	C:\WINDOWS\System32\USER32.dll
0x00007ffdb86e0000 - 0x00007ffdb8702000 	C:\WINDOWS\System32\win32u.dll
0x00007ffdb9060000 - 0x00007ffdb908a000 	C:\WINDOWS\System32\GDI32.dll
0x00007ffdb8270000 - 0x00007ffdb8379000 	C:\WINDOWS\System32\gdi32full.dll
0x00007ffdb8540000 - 0x00007ffdb85dd000 	C:\WINDOWS\System32\msvcp_win.dll
0x00007ffdb7ea0000 - 0x00007ffdb7fa0000 	C:\WINDOWS\System32\ucrtbase.dll
0x00007ffda81d0000 - 0x00007ffda846b000 	C:\WINDOWS\WinSxS\amd64_microsoft.windows.common-controls_6595b64144ccf1df_6.0.19041.488_none_ca04af081b815d21\COMCTL32.dll
0x00007ffdba4d0000 - 0x00007ffdba500000 	C:\WINDOWS\System32\IMM32.DLL
0x0000000058d90000 - 0x0000000058e62000 	C:\Program Files\Java\jdk1.8.0_251\jre\bin\msvcr100.dll
0x00000000565f0000 - 0x0000000056e9b000 	C:\Program Files\Java\jdk1.8.0_251\jre\bin\server\jvm.dll
0x00007ffdb88c0000 - 0x00007ffdb88c8000 	C:\WINDOWS\System32\PSAPI.DLL
0x00007ffd91b80000 - 0x00007ffd91b89000 	C:\WINDOWS\SYSTEM32\WSOCK32.dll
0x00007ffda8620000 - 0x00007ffda8647000 	C:\WINDOWS\SYSTEM32\WINMM.dll
0x00007ffdaff20000 - 0x00007ffdaff2a000 	C:\WINDOWS\SYSTEM32\VERSION.dll
0x00007ffdb9940000 - 0x00007ffdb99ab000 	C:\WINDOWS\System32\WS2_32.dll
0x00007ffdb2b20000 - 0x00007ffdb2b2f000 	C:\Program Files\Java\jdk1.8.0_251\jre\bin\verify.dll
0x00007ffdb1920000 - 0x00007ffdb1949000 	C:\Program Files\Java\jdk1.8.0_251\jre\bin\java.dll
0x00007ffdab150000 - 0x00007ffdab173000 	C:\Program Files\Java\jdk1.8.0_251\jre\bin\instrument.dll
0x00007ffda97b0000 - 0x00007ffda97c6000 	C:\Program Files\Java\jdk1.8.0_251\jre\bin\zip.dll
0x00007ffdb99b0000 - 0x00007ffdba0f1000 	C:\WINDOWS\System32\SHELL32.dll
0x00007ffdb56f0000 - 0x00007ffdb5e85000 	C:\WINDOWS\SYSTEM32\windows.storage.dll
0x00007ffdb92c0000 - 0x00007ffdb9615000 	C:\WINDOWS\System32\combase.dll
0x00007ffdb7860000 - 0x00007ffdb788c000 	C:\WINDOWS\SYSTEM32\Wldp.dll
0x00007ffdb89a0000 - 0x00007ffdb8a4e000 	C:\WINDOWS\System32\SHCORE.dll
0x00007ffdba500000 - 0x00007ffdba555000 	C:\WINDOWS\System32\shlwapi.dll
0x00007ffdb7d20000 - 0x00007ffdb7d46000 	C:\WINDOWS\SYSTEM32\profapi.dll
0x00007ffda2aa0000 - 0x00007ffda2aba000 	C:\Users\spyte\AppData\Local\JetBrains\Toolbox\apps\IDEA-U\ch-0\202.7660.26\bin\breakgen64.dll
0x00007ffda2a80000 - 0x00007ffda2a9a000 	C:\Program Files\Java\jdk1.8.0_251\jre\bin\net.dll
0x00007ffdb75e0000 - 0x00007ffdb764a000 	C:\WINDOWS\system32\mswsock.dll
0x00007ffd88f70000 - 0x00007ffd8910a000 	C:\Program Files\Java\jdk1.8.0_251\jre\bin\awt.dll
0x00007ffdb88d0000 - 0x00007ffdb899d000 	C:\WINDOWS\System32\OLEAUT32.dll
0x00007ffdb4630000 - 0x00007ffdb46c0000 	C:\WINDOWS\SYSTEM32\apphelp.dll
0x00007ffdb4720000 - 0x00007ffdb47be000 	C:\WINDOWS\system32\uxtheme.dll
0x00007ffdba3b0000 - 0x00007ffdba4c5000 	C:\WINDOWS\System32\MSCTF.dll
0x00007ffdb97b0000 - 0x00007ffdb98da000 	C:\WINDOWS\System32\ole32.dll
0x00007ffdb6720000 - 0x00007ffdb6732000 	C:\WINDOWS\SYSTEM32\kernel.appcore.dll
0x00007ffdb8610000 - 0x00007ffdb868f000 	C:\WINDOWS\System32\bcryptPrimitives.dll
0x00007ffdb4a80000 - 0x00007ffdb4aaf000 	C:\WINDOWS\system32\DWMAPI.DLL
0x00007ffda48a0000 - 0x00007ffda49c5000 	C:\WINDOWS\system32\opengl32.dll
0x00007ffda4dc0000 - 0x00007ffda4dec000 	C:\WINDOWS\SYSTEM32\GLU32.dll
0x00007ffdb77b0000 - 0x00007ffdb77c8000 	C:\WINDOWS\SYSTEM32\CRYPTSP.dll
0x00007ffdb6f00000 - 0x00007ffdb6f34000 	C:\WINDOWS\system32\rsaenh.dll
0x00007ffdb85e0000 - 0x00007ffdb8607000 	C:\WINDOWS\System32\bcrypt.dll
0x00007ffdb7ce0000 - 0x00007ffdb7d0e000 	C:\WINDOWS\SYSTEM32\USERENV.dll
0x00007ffdb77d0000 - 0x00007ffdb77dc000 	C:\WINDOWS\SYSTEM32\CRYPTBASE.dll
0x00007ffdb7280000 - 0x00007ffdb72bb000 	C:\WINDOWS\SYSTEM32\IPHLPAPI.DLL
0x00007ffdba3a0000 - 0x00007ffdba3a8000 	C:\WINDOWS\System32\NSI.dll
0x00007ffdaf020000 - 0x00007ffdaf037000 	C:\WINDOWS\SYSTEM32\dhcpcsvc6.DLL
0x00007ffdaef10000 - 0x00007ffdaef2d000 	C:\WINDOWS\SYSTEM32\dhcpcsvc.DLL
0x00007ffdb72c0000 - 0x00007ffdb738b000 	C:\WINDOWS\SYSTEM32\DNSAPI.dll
0x00007ffda2a60000 - 0x00007ffda2a72000 	C:\Program Files\Java\jdk1.8.0_251\jre\bin\nio.dll
0x00007ffda1a20000 - 0x00007ffda1a45000 	C:\Users\spyte\AppData\Local\Temp\libaparapi_x86_641889279726639890943.dll
0x00007ffd89a20000 - 0x00007ffd89a91000 	C:\WINDOWS\SYSTEM32\OpenCL.dll
0x00007ffdb8690000 - 0x00007ffdb86de000 	C:\WINDOWS\System32\CFGMGR32.dll
0x00007ffd9c170000 - 0x00007ffd9c202000 	C:\WINDOWS\SYSTEM32\MSVCP140.dll
0x00007ffd9c070000 - 0x00007ffd9c089000 	C:\WINDOWS\SYSTEM32\VCRUNTIME140.dll
0x00007ffd9c000000 - 0x00007ffd9c00c000 	C:\WINDOWS\SYSTEM32\VCRUNTIME140_1.dll
0x00007ffdb6740000 - 0x00007ffdb6833000 	C:\WINDOWS\SYSTEM32\dxgi.dll
0x00007ffd37970000 - 0x00007ffd39f54000 	C:\WINDOWS\System32\DriverStore\FileRepository\nvivui.inf_amd64_3fbde5a95d6e5bdd\nvopencl64.dll
0x00007ffdb79e0000 - 0x00007ffdb79f2000 	C:\WINDOWS\SYSTEM32\msasn1.dll
0x00007ffdaf250000 - 0x00007ffdaf281000 	C:\WINDOWS\SYSTEM32\cryptnet.dll
0x00007ffdb83e0000 - 0x00007ffdb853d000 	C:\WINDOWS\System32\CRYPT32.dll
0x00007ffd54650000 - 0x00007ffd54d26000 	C:\WINDOWS\SYSTEM32\nvapi64.dll
0x00007ffdb8bf0000 - 0x00007ffdb9057000 	C:\WINDOWS\System32\SETUPAPI.DLL
0x00007ffd88ee0000 - 0x00007ffd88f64000 	C:\Windows\System32\DriverStore\FileRepository\igdlh64.inf_amd64_2681fc9dedd95cd9\IntelOpenCL64.dll
0x00007ffd80590000 - 0x00007ffd8076a000 	C:\Program Files (x86)\Common Files\Intel\OpenCL\bin\x64\intelocl64.dll
0x00007ffd88e30000 - 0x00007ffd88edb000 	C:\Program Files (x86)\Common Files\Intel\OpenCL\bin\x64\task_executor64.dll
0x00007ffd88aa0000 - 0x00007ffd88b89000 	C:\Program Files (x86)\Common Files\Intel\OpenCL\bin\x64\cpu_device64.dll
0x00007ffd76680000 - 0x00007ffd76b86000 	C:\Windows\System32\DriverStore\FileRepository\igdlh64.inf_amd64_2681fc9dedd95cd9\igdrclclassic64.dll
0x00007ffdada60000 - 0x00007ffdada9b000 	C:\WINDOWS\SYSTEM32\dxcore.dll
0x00007ffda9ae0000 - 0x00007ffdab110000 	C:\Windows\System32\DriverStore\FileRepository\igdlh64.inf_amd64_2681fc9dedd95cd9\igc64.dll
0x00007ffd88d70000 - 0x00007ffd88e25000 	C:\Windows\System32\DriverStore\FileRepository\igdlh64.inf_amd64_2681fc9dedd95cd9\igdfcl64.dll
0x00007ffda19d0000 - 0x00007ffda1a19000 	C:\Program Files\Java\jdk1.8.0_251\jre\bin\fontmanager.dll
0x00007ffda2110000 - 0x00007ffda220c000 	C:\WINDOWS\SYSTEM32\textinputframework.dll
0x00007ffdb3d20000 - 0x00007ffdb407e000 	C:\WINDOWS\System32\CoreUIComponents.dll
0x00007ffdb4400000 - 0x00007ffdb44f2000 	C:\WINDOWS\System32\CoreMessaging.dll
0x00007ffdb6b30000 - 0x00007ffdb6b63000 	C:\WINDOWS\SYSTEM32\ntmarta.dll
0x00007ffdb3060000 - 0x00007ffdb31b6000 	C:\WINDOWS\SYSTEM32\wintypes.dll
0x00007ffda80d0000 - 0x00007ffda8136000 	C:\WINDOWS\system32\Oleacc.dll
0x00007ffd352a0000 - 0x00007ffd3796c000 	C:\WINDOWS\System32\DriverStore\FileRepository\nvivui.inf_amd64_3fbde5a95d6e5bdd\nvcompiler64.dll
0x00007ffdb6230000 - 0x00007ffdb6414000 	C:\WINDOWS\SYSTEM32\dbghelp.dll

VM Arguments:
jvm_args: -ea -Xmx6g -javaagent:C:\Users\spyte\AppData\Local\JetBrains\Toolbox\apps\IDEA-U\ch-0\202.7660.26\lib\idea_rt.jar=59608:C:\Users\spyte\AppData\Local\JetBrains\Toolbox\apps\IDEA-U\ch-0\202.7660.26\bin -Dfile.encoding=UTF-8 
java_command: com.guryanov_sergeev.Main
java_class_path (initial): C:\Program Files\Java\jdk1.8.0_251\jre\lib\charsets.jar;C:\Program Files\Java\jdk1.8.0_251\jre\lib\deploy.jar;C:\Program Files\Java\jdk1.8.0_251\jre\lib\ext\access-bridge-64.jar;C:\Program Files\Java\jdk1.8.0_251\jre\lib\ext\cldrdata.jar;C:\Program Files\Java\jdk1.8.0_251\jre\lib\ext\dnsns.jar;C:\Program Files\Java\jdk1.8.0_251\jre\lib\ext\jaccess.jar;C:\Program Files\Java\jdk1.8.0_251\jre\lib\ext\jfxrt.jar;C:\Program Files\Java\jdk1.8.0_251\jre\lib\ext\localedata.jar;C:\Program Files\Java\jdk1.8.0_251\jre\lib\ext\nashorn.jar;C:\Program Files\Java\jdk1.8.0_251\jre\lib\ext\sunec.jar;C:\Program Files\Java\jdk1.8.0_251\jre\lib\ext\sunjce_provider.jar;C:\Program Files\Java\jdk1.8.0_251\jre\lib\ext\sunmscapi.jar;C:\Program Files\Java\jdk1.8.0_251\jre\lib\ext\sunpkcs11.jar;C:\Program Files\Java\jdk1.8.0_251\jre\lib\ext\zipfs.jar;C:\Program Files\Java\jdk1.8.0_251\jre\lib\javaws.jar;C:\Program Files\Java\jdk1.8.0_251\jre\lib\jce.jar;C:\Program Files\Java\jdk1.8.0_251\jre\lib\jfr.jar;C:\Program Files\Java\jdk1.8.0_251\jre\lib\jfxswt.jar;C:\Program Files\Java\jdk1.8.0_251\jre\lib\jsse.jar;C:\Program Files\Java\jdk1.8.0_251\jre\lib\management-agent.jar;C:\Program Files\Java\jdk1.8.0_251\jre\lib\plugin.jar;C:\Program Files\Java\jdk1.8.0_251\jre\lib\resources.jar;C:\Program Files\Java\jdk1.8.0_251\jre\lib\rt.jar;C:\Users\spyte\Documents\KartohaEngine\out\production\KartohaEngine;C:\Users\spyte\.m2\repository\com\aparapi\aparapi\2.0.0\aparapi-2.0.0.jar;C:\Users\spyte\.m2\repository\com\aparapi\aparapi-jni\1.4.2\aparapi-jni-1.4.2.jar;C:\Users\spyte\.m2\repository\org\apache\bcel\bcel\6.4.1\bcel-6.4.1.jar;C:\Users\spyte\.m2\repository\org\scala-lang\scala-library\2.13.1\scala-library-2.13.1.jar;C:\Users\spyte\AppData\Local\JetBrains\Toolbox\apps\IDEA-U\ch-0\202.7660.26\lib\idea_rt.jar
Launcher Type: SUN_STANDARD

Environment Variables:
PATH=C:\Program Files\NVIDIA GPU Computing Toolkit\CUDA\v11.1\bin;C:\Program Files\NVIDIA GPU Computing Toolkit\CUDA\v11.1\libnvvp;C:\Program Files (x86)\Common Files\Oracle\Java\javapath;C:\WINDOWS\system32;C:\WINDOWS;C:\WINDOWS\System32\Wbem;C:\WINDOWS\System32\WindowsPowerShell\v1.0\;C:\WINDOWS\System32\OpenSSH\;C:\Program Files\nodejs\;C:\Program Files\NVIDIA Corporation\Nsight Compute 2020.2.1\;C:\Program Files (x86)\NVIDIA Corporation\PhysX\Common;C:\Program Files\NVIDIA Corporation\NVIDIA NvDLISR;C:\Users\spyte\AppData\Local\Programs\Python\Python38-32\Scripts\;C:\Users\spyte\AppData\Local\Programs\Python\Python38-32\;C:\Program Files\MySQL\MySQL Shell 8.0\bin\;C:\Users\spyte\AppData\Local\Microsoft\WindowsApps;C:\Users\spyte\AppData\Roaming\npm;C:\Users\spyte\AppData\Local\Programs\Fiddler
USERNAME=spyte
OS=Windows_NT
PROCESSOR_IDENTIFIER=Intel64 Family 6 Model 142 Stepping 10, GenuineIntel



---------------  S Y S T E M  ---------------

OS: Windows 10.0 , 64 bit Build 19041 (10.0.19041.546)

CPU:total 8 (initial active 8) (4 cores per cpu, 2 threads per core) family 6 model 142 stepping 10, cmov, cx8, fxsr, mmx, sse, sse2, sse3, ssse3, sse4.1, sse4.2, popcnt, avx, avx2, aes, clmul, erms, 3dnowpref, lzcnt, ht, tsc, tscinvbit, bmi1, bmi2, adx

Memory: 4k page, physical 8269924k(396768k free), swap 23489832k(3195024k free)

vm_info: Java HotSpot(TM) 64-Bit Server VM (25.251-b08) for windows-amd64 JRE (1.8.0_251-b08), built on Mar 12 2020 06:31:49 by "" with MS VC++ 10.0 (VS2010)

time: Fri Nov 13 22:57:35 2020
timezone: RTZ 2 (зима)
elapsed time: 2 seconds (0d 0h 0m 2s)

