#
# A fatal error has been detected by the Java Runtime Environment:
#
#  EXCEPTION_ACCESS_VIOLATION (0xc0000005) at pc=0x00007ff84eb5b7b3, pid=19216, tid=0x0000000000002bb8
#
# JRE version: Java(TM) SE Runtime Environment (8.0_251-b08) (build 1.8.0_251-b08)
# Java VM: Java HotSpot(TM) 64-Bit Server VM (25.251-b08 mixed mode windows-amd64 compressed oops)
# Problematic frame:
# C  [libaparapi_x86_645154498511012021867.dll+0xb7b3]
#
# Failed to write core dump. Minidumps are not enabled by default on client versions of Windows
#
# If you would like to submit a bug report, please visit:
#   http://bugreport.java.com/bugreport/crash.jsp
# The crash happened outside the Java Virtual Machine in native code.
# See problematic frame for where to report the bug.
#

---------------  T H R E A D  ---------------

Current thread (0x000000002428d000):  JavaThread "AWT-EventQueue-0" [_thread_in_native, id=11192, stack(0x0000000025fb0000,0x00000000260b0000)]

siginfo: ExceptionCode=0xc0000005, reading address 0xffffffffffffffff

Registers:
RAX=0x0000767ec488a9e7, RBX=0x0069007600690076, RCX=0x000000002428d1f8, RDX=0x0000000000a5a190
RSP=0x00000000260ac340, RBP=0x0000000000a5a190, RSI=0x0000000000000000, RDI=0x0000000000000000
R8 =0x00000000260ac708, R9 =0x00000000260ac708, R10=0x0000000002ab8c3b, R11=0x00000000739cd040
R12=0x00000000260ac708, R13=0x0000000020dbb2f8, R14=0x0000000000000000, R15=0x000000002428d1f8
RIP=0x00007ff84eb5b7b3, EFLAGS=0x0000000000010297

Top of Stack: (sp=0x00000000260ac340)
0x00000000260ac340:   000000000000006e 00000000027bdfe0
0x00000000260ac350:   000000000000006e 0000000022fd7f50
0x00000000260ac360:   000000002428d000 0000000000000000
0x00000000260ac370:   00000000260ac708 00007ff84eb5e5b9
0x00000000260ac380:   0000000000000000 0000000000a5a190
0x00000000260ac390:   000000002428d1f8 00000000260ac6e8
0x00000000260ac3a0:   0000000020dbb2f8 000000002428d000
0x00000000260ac3b0:   0000000100000004 0000000000000003
0x00000000260ac3c0:   0000000022fd7f50 0000002800000003
0x00000000260ac3d0:   0000000022fd8328 000000002428d000
0x00000000260ac3e0:   0000000020dbb2f8 000000002428d000
0x00000000260ac3f0:   0000000020dbb2f8 000000002428d000
0x00000000260ac400:   fffffffffffffffe 0000000000000000
0x00000000260ac410:   0000000000000000 0000000000000000
0x00000000260ac420:   0000000000000000 0000000000000000
0x00000000260ac430:   0000000000000000 0000000000000000 

Instructions: (pc=0x00007ff84eb5b7b3)
0x00007ff84eb5b793:   89 74 24 48 8b f7 4c 89 74 24 50 44 8b f7 48 89
0x00007ff84eb5b7a3:   5c 24 40 3b 75 58 0f 8d 03 01 00 00 48 8b 5d 60
0x00007ff84eb5b7b3:   49 8b 1c 1e 8b 43 20 84 c0 79 59 48 8b 43 28 49
0x00007ff84eb5b7c3:   8b d4 4d 8b 0f 49 8b cf 4c 8b 00 41 ff 91 c0 00 


Register to memory mapping:

RAX=0x0000767ec488a9e7 is an unknown value
RBX=0x0069007600690076 is an unknown value
RCX=0x000000002428d1f8 is an unknown value
RDX=0x0000000000a5a190 is an unknown value
RSP=0x00000000260ac340 is pointing into the stack for thread: 0x000000002428d000
RBP=0x0000000000a5a190 is an unknown value
RSI=0x0000000000000000 is an unknown value
RDI=0x0000000000000000 is an unknown value
R8 =0x00000000260ac708 is pointing into the stack for thread: 0x000000002428d000
R9 =0x00000000260ac708 is pointing into the stack for thread: 0x000000002428d000
R10=0x0000000002ab8c3b is at code_begin+891 in an Interpreter codelet
method entry point (kind = native)  [0x0000000002ab88c0, 0x0000000002ab9280]  2496 bytes
R11=0x00000000739cd040 is an unknown value
R12=0x00000000260ac708 is pointing into the stack for thread: 0x000000002428d000
R13={method} {0x0000000020dbb300} 'getJNI' '(JLjava/lang/Object;)I' in 'com/aparapi/internal/jni/KernelRunnerJNI'
R14=0x0000000000000000 is an unknown value
R15=0x000000002428d1f8 is an unknown value


Stack: [0x0000000025fb0000,0x00000000260b0000],  sp=0x00000000260ac340,  free space=1008k
Native frames: (J=compiled Java code, j=interpreted, Vv=VM code, C=native code)
C  [libaparapi_x86_645154498511012021867.dll+0xb7b3]
C  [libaparapi_x86_645154498511012021867.dll+0xe5b9]
C  0x0000000002ab8c67

Java frames: (J=compiled Java code, j=interpreted, Vv=VM code)
j  com.aparapi.internal.jni.KernelRunnerJNI.getJNI(JLjava/lang/Object;)I+0
j  com.aparapi.internal.kernel.KernelRunner.get(Ljava/lang/Object;)V+23
j  com.aparapi.Kernel.get([I)Lcom/aparapi/Kernel;+5
j  graph.KernelProcess.get()Ljava/awt/image/BufferedImage;+12
j  graph.CanvasPanel.paintComponent(Ljava/awt/Graphics;)V+29
j  javax.swing.JComponent.paint(Ljava/awt/Graphics;)V+286
j  javax.swing.JComponent.paintChildren(Ljava/awt/Graphics;)V+501
j  javax.swing.JComponent.paint(Ljava/awt/Graphics;)V+318
j  javax.swing.JComponent.paintChildren(Ljava/awt/Graphics;)V+501
j  javax.swing.JComponent.paint(Ljava/awt/Graphics;)V+318
j  javax.swing.JLayeredPane.paint(Ljava/awt/Graphics;)V+73
j  javax.swing.JComponent.paintChildren(Ljava/awt/Graphics;)V+501
j  javax.swing.JComponent.paintToOffscreen(Ljava/awt/Graphics;IIIIII)V+72
j  javax.swing.RepaintManager$PaintManager.paintDoubleBuffered(Ljavax/swing/JComponent;Ljava/awt/Image;Ljava/awt/Graphics;IIII)V+163
j  javax.swing.RepaintManager$PaintManager.paint(Ljavax/swing/JComponent;Ljavax/swing/JComponent;Ljava/awt/Graphics;IIII)Z+116
j  javax.swing.RepaintManager.paint(Ljavax/swing/JComponent;Ljavax/swing/JComponent;Ljava/awt/Graphics;IIII)V+51
j  javax.swing.JComponent.paint(Ljava/awt/Graphics;)V+221
j  java.awt.GraphicsCallback$PaintCallback.run(Ljava/awt/Component;Ljava/awt/Graphics;)V+2
j  sun.awt.SunGraphicsCallback.runOneComponent(Ljava/awt/Component;Ljava/awt/Rectangle;Ljava/awt/Graphics;Ljava/awt/Shape;I)V+155
j  sun.awt.SunGraphicsCallback.runComponents([Ljava/awt/Component;Ljava/awt/Graphics;I)V+194
j  java.awt.Container.paint(Ljava/awt/Graphics;)V+58
j  java.awt.Window.paint(Ljava/awt/Graphics;)V+68
j  javax.swing.RepaintManager$4.run()Ljava/lang/Void;+142
j  javax.swing.RepaintManager$4.run()Ljava/lang/Object;+1
v  ~StubRoutines::call_stub
j  java.security.AccessController.doPrivileged(Ljava/security/PrivilegedAction;Ljava/security/AccessControlContext;)Ljava/lang/Object;+0
j  java.security.ProtectionDomain$JavaSecurityAccessImpl.doIntersectionPrivilege(Ljava/security/PrivilegedAction;Ljava/security/AccessControlContext;Ljava/security/AccessControlContext;)Ljava/lang/Object;+18
j  javax.swing.RepaintManager.paintDirtyRegions(Ljava/util/Map;)V+154
j  javax.swing.RepaintManager.paintDirtyRegions()V+46
j  javax.swing.RepaintManager.prePaintDirtyRegions()V+73
j  javax.swing.RepaintManager.access$1200(Ljavax/swing/RepaintManager;)V+1
j  javax.swing.RepaintManager$ProcessingRunnable.run()V+37
j  java.awt.event.InvocationEvent.dispatch()V+47
j  java.awt.EventQueue.dispatchEventImpl(Ljava/awt/AWTEvent;Ljava/lang/Object;)V+21
j  java.awt.EventQueue.access$500(Ljava/awt/EventQueue;Ljava/awt/AWTEvent;Ljava/lang/Object;)V+3
j  java.awt.EventQueue$3.run()Ljava/lang/Void;+32
j  java.awt.EventQueue$3.run()Ljava/lang/Object;+1
v  ~StubRoutines::call_stub
j  java.security.AccessController.doPrivileged(Ljava/security/PrivilegedAction;Ljava/security/AccessControlContext;)Ljava/lang/Object;+0
j  java.security.ProtectionDomain$JavaSecurityAccessImpl.doIntersectionPrivilege(Ljava/security/PrivilegedAction;Ljava/security/AccessControlContext;Ljava/security/AccessControlContext;)Ljava/lang/Object;+18
j  java.awt.EventQueue.dispatchEvent(Ljava/awt/AWTEvent;)V+46
j  java.awt.EventDispatchThread.pumpOneEventForFilters(I)V+140
j  java.awt.EventDispatchThread.pumpEventsForFilter(ILjava/awt/Conditional;Ljava/awt/EventFilter;)V+35
j  java.awt.EventDispatchThread.pumpEventsForHierarchy(ILjava/awt/Conditional;Ljava/awt/Component;)V+11
j  java.awt.EventDispatchThread.pumpEvents(ILjava/awt/Conditional;)V+4
j  java.awt.EventDispatchThread.pumpEvents(Ljava/awt/Conditional;)V+3
j  java.awt.EventDispatchThread.run()V+9
v  ~StubRoutines::call_stub

---------------  P R O C E S S  ---------------

Java Threads: ( => current thread )
  0x000000002634f000 JavaThread "ForkJoinPool-1-worker-0" daemon [_thread_blocked, id=2304, stack(0x000000002ebd0000,0x000000002ecd0000)]
  0x000000002634f800 JavaThread "ForkJoinPool-1-worker-7" daemon [_thread_blocked, id=16412, stack(0x000000002ead0000,0x000000002ebd0000)]
  0x0000000026352800 JavaThread "ForkJoinPool-1-worker-6" daemon [_thread_blocked, id=256, stack(0x000000002e9d0000,0x000000002ead0000)]
  0x0000000026463800 JavaThread "ForkJoinPool-1-worker-5" daemon [_thread_blocked, id=16568, stack(0x000000002e8d0000,0x000000002e9d0000)]
  0x0000000026463000 JavaThread "ForkJoinPool-1-worker-4" daemon [_thread_blocked, id=4104, stack(0x000000002e7d0000,0x000000002e8d0000)]
  0x00000000262d2800 JavaThread "ForkJoinPool-1-worker-3" daemon [_thread_blocked, id=14200, stack(0x000000002e6d0000,0x000000002e7d0000)]
  0x0000000024764000 JavaThread "ForkJoinPool-1-worker-2" daemon [_thread_blocked, id=18456, stack(0x000000002d5e0000,0x000000002d6e0000)]
  0x0000000024763000 JavaThread "ForkJoinPool-1-worker-1" daemon [_thread_blocked, id=8764, stack(0x000000002d4e0000,0x000000002d5e0000)]
  0x00000000029a3000 JavaThread "DestroyJavaVM" [_thread_blocked, id=18556, stack(0x0000000002690000,0x0000000002790000)]
  0x0000000024298800 JavaThread "Thread-3" [_thread_in_Java, id=16676, stack(0x00000000261b0000,0x00000000262b0000)]
=>0x000000002428d000 JavaThread "AWT-EventQueue-0" [_thread_in_native, id=11192, stack(0x0000000025fb0000,0x00000000260b0000)]
  0x00000000240fc000 JavaThread "AWT-Windows" daemon [_thread_in_native, id=22000, stack(0x0000000024a00000,0x0000000024b00000)]
  0x00000000240fa000 JavaThread "AWT-Shutdown" [_thread_blocked, id=3504, stack(0x0000000024900000,0x0000000024a00000)]
  0x00000000240f7800 JavaThread "Java2D Disposer" daemon [_thread_blocked, id=9128, stack(0x0000000024800000,0x0000000024900000)]
  0x0000000022f73000 JavaThread "Service Thread" daemon [_thread_blocked, id=1524, stack(0x0000000023cb0000,0x0000000023db0000)]
  0x0000000022f61800 JavaThread "C1 CompilerThread3" daemon [_thread_blocked, id=19688, stack(0x0000000023bb0000,0x0000000023cb0000)]
  0x0000000022f4d800 JavaThread "C2 CompilerThread2" daemon [_thread_blocked, id=11260, stack(0x0000000023ab0000,0x0000000023bb0000)]
  0x0000000022f47800 JavaThread "C2 CompilerThread1" daemon [_thread_blocked, id=16008, stack(0x00000000239b0000,0x0000000023ab0000)]
  0x0000000022f46800 JavaThread "C2 CompilerThread0" daemon [_thread_blocked, id=18128, stack(0x00000000238b0000,0x00000000239b0000)]
  0x0000000022fc4000 JavaThread "Monitor Ctrl-Break" daemon [_thread_in_native, id=17512, stack(0x00000000237b0000,0x00000000238b0000)]
  0x0000000022ed2000 JavaThread "Attach Listener" daemon [_thread_blocked, id=5644, stack(0x00000000236b0000,0x00000000237b0000)]
  0x0000000022ed1800 JavaThread "Signal Dispatcher" daemon [_thread_blocked, id=10676, stack(0x00000000235b0000,0x00000000236b0000)]
  0x0000000022ec1000 JavaThread "Finalizer" daemon [_thread_blocked, id=20788, stack(0x00000000233a0000,0x00000000234a0000)]
  0x00000000210dd800 JavaThread "Reference Handler" daemon [_thread_blocked, id=18288, stack(0x00000000232a0000,0x00000000233a0000)]

Other Threads:
  0x00000000210d9000 VMThread [stack: 0x0000000022da0000,0x0000000022ea0000] [id=21660]
  0x00000000230b7800 WatcherThread [stack: 0x0000000023db0000,0x0000000023eb0000] [id=2500]

VM state:not at safepoint (normal execution)

VM Mutex/Monitor currently owned by a thread: None

heap address: 0x0000000640000000, size: 6144 MB, Compressed Oops mode: Zero based, Oop shift amount: 3
Narrow klass base: 0x0000000000000000, Narrow klass shift: 3
Compressed class space size: 1073741824 Address: 0x00000007c0000000

Heap:
 PSYoungGen      total 67072K, used 32866K [0x0000000740000000, 0x0000000747200000, 0x00000007c0000000)
  eden space 61952K, 53% used [0x0000000740000000,0x0000000742018a00,0x0000000743c80000)
  from space 5120K, 0% used [0x0000000743c80000,0x0000000743c80000,0x0000000744180000)
  to   space 5120K, 0% used [0x0000000746d00000,0x0000000746d00000,0x0000000747200000)
 ParOldGen       total 317440K, used 184659K [0x0000000640000000, 0x0000000653600000, 0x0000000740000000)
  object space 317440K, 58% used [0x0000000640000000,0x000000064b454ed0,0x0000000653600000)
 Metaspace       used 13304K, capacity 13578K, committed 13952K, reserved 1060864K
  class space    used 1717K, capacity 1796K, committed 1920K, reserved 1048576K

Card table byte_map: [0x0000000011e60000,0x0000000012a70000] byte_map_base: 0x000000000ec60000

Marking Bits: (ParMarkBitMap*) 0x0000000073fcaf90
 Begin Bits: [0x0000000013a70000, 0x0000000019a70000)
 End Bits:   [0x0000000019a70000, 0x000000001fa70000)

Polling page: 0x0000000002790000

CodeCache: size=245760Kb used=3906Kb max_used=3916Kb free=241853Kb
 bounds [0x0000000002aa0000, 0x0000000002e80000, 0x0000000011aa0000]
 total_blobs=1499 nmethods=1012 adapters=400
 compilation: enabled

Compilation events (10 events):
Event: 2.590 Thread 0x0000000022f47800 1008       4       java.lang.Math::max (45 bytes)
Event: 2.590 Thread 0x0000000022f46800 1009       4       java.lang.Math::min (45 bytes)
Event: 2.590 Thread 0x0000000022f47800 nmethod 1008 0x0000000002e6aa90 code [0x0000000002e6ac00, 0x0000000002e6acd8]
Event: 2.591 Thread 0x0000000022f46800 nmethod 1009 0x0000000002e6ad90 code [0x0000000002e6af00, 0x0000000002e6afd8]
Event: 2.596 Thread 0x0000000022f4d800 nmethod 1007% 0x0000000002e6c010 code [0x0000000002e6c1a0, 0x0000000002e6c9f8]
Event: 2.596 Thread 0x0000000022f47800 1010       4       graph.KernelProcess::run (713 bytes)
Event: 2.608 Thread 0x0000000022f61800 1011       1       java.util.concurrent.ForkJoinTask$AdaptedRunnableAction::getRawResult (2 bytes)
Event: 2.608 Thread 0x0000000022f61800 nmethod 1011 0x0000000002e6a7d0 code [0x0000000002e6a920, 0x0000000002e6aa30]
Event: 2.610 Thread 0x0000000022f61800 1012       3       java.util.concurrent.ForkJoinPool::scan (416 bytes)
Event: 2.611 Thread 0x0000000022f61800 nmethod 1012 0x0000000002e6d650 code [0x0000000002e6d820, 0x0000000002e6e418]

GC Heap History (10 events):
Event: 0.525 GC heap before
{Heap before GC invocations=1 (full 0):
 PSYoungGen      total 38400K, used 32398K [0x0000000740000000, 0x0000000742a80000, 0x00000007c0000000)
  eden space 33280K, 97% used [0x0000000740000000,0x0000000741fa3a98,0x0000000742080000)
  from space 5120K, 0% used [0x0000000742580000,0x0000000742580000,0x0000000742a80000)
  to   space 5120K, 0% used [0x0000000742080000,0x0000000742080000,0x0000000742580000)
 ParOldGen       total 87552K, used 81329K [0x0000000640000000, 0x0000000645580000, 0x0000000740000000)
  object space 87552K, 92% used [0x0000000640000000,0x0000000644f6c470,0x0000000645580000)
 Metaspace       used 7751K, capacity 7848K, committed 8192K, reserved 1056768K
  class space    used 877K, capacity 933K, committed 1024K, reserved 1048576K
Event: 0.538 GC heap after
Heap after GC invocations=1 (full 0):
 PSYoungGen      total 38400K, used 1528K [0x0000000740000000, 0x0000000744b00000, 0x00000007c0000000)
  eden space 33280K, 0% used [0x0000000740000000,0x0000000740000000,0x0000000742080000)
  from space 5120K, 29% used [0x0000000742080000,0x00000007421fe2c0,0x0000000742580000)
  to   space 5120K, 0% used [0x0000000744600000,0x0000000744600000,0x0000000744b00000)
 ParOldGen       total 121344K, used 119192K [0x0000000640000000, 0x0000000647680000, 0x0000000740000000)
  object space 121344K, 98% used [0x0000000640000000,0x0000000647466020,0x0000000647680000)
 Metaspace       used 7751K, capacity 7848K, committed 8192K, reserved 1056768K
  class space    used 877K, capacity 933K, committed 1024K, reserved 1048576K
}
Event: 0.538 GC heap before
{Heap before GC invocations=2 (full 1):
 PSYoungGen      total 38400K, used 1528K [0x0000000740000000, 0x0000000744b00000, 0x00000007c0000000)
  eden space 33280K, 0% used [0x0000000740000000,0x0000000740000000,0x0000000742080000)
  from space 5120K, 29% used [0x0000000742080000,0x00000007421fe2c0,0x0000000742580000)
  to   space 5120K, 0% used [0x0000000744600000,0x0000000744600000,0x0000000744b00000)
 ParOldGen       total 121344K, used 119192K [0x0000000640000000, 0x0000000647680000, 0x0000000740000000)
  object space 121344K, 98% used [0x0000000640000000,0x0000000647466020,0x0000000647680000)
 Metaspace       used 7751K, capacity 7848K, committed 8192K, reserved 1056768K
  class space    used 877K, capacity 933K, committed 1024K, reserved 1048576K
Event: 0.558 GC heap after
Heap after GC invocations=2 (full 1):
 PSYoungGen      total 38400K, used 0K [0x0000000740000000, 0x0000000744b00000, 0x00000007c0000000)
  eden space 33280K, 0% used [0x0000000740000000,0x0000000740000000,0x0000000742080000)
  from space 5120K, 0% used [0x0000000742080000,0x0000000742080000,0x0000000742580000)
  to   space 5120K, 0% used [0x0000000744600000,0x0000000744600000,0x0000000744b00000)
 ParOldGen       total 199168K, used 104409K [0x0000000640000000, 0x000000064c280000, 0x0000000740000000)
  object space 199168K, 52% used [0x0000000640000000,0x00000006465f6548,0x000000064c280000)
 Metaspace       used 7751K, capacity 7848K, committed 8192K, reserved 1056768K
  class space    used 877K, capacity 933K, committed 1024K, reserved 1048576K
}
Event: 0.562 GC heap before
{Heap before GC invocations=3 (full 1):
 PSYoungGen      total 38400K, used 28440K [0x0000000740000000, 0x0000000744b00000, 0x00000007c0000000)
  eden space 33280K, 85% used [0x0000000740000000,0x0000000741bc63e8,0x0000000742080000)
  from space 5120K, 0% used [0x0000000742080000,0x0000000742080000,0x0000000742580000)
  to   space 5120K, 0% used [0x0000000744600000,0x0000000744600000,0x0000000744b00000)
 ParOldGen       total 199168K, used 104409K [0x0000000640000000, 0x000000064c280000, 0x0000000740000000)
  object space 199168K, 52% used [0x0000000640000000,0x00000006465f6548,0x000000064c280000)
 Metaspace       used 7751K, capacity 7848K, committed 8192K, reserved 1056768K
  class space    used 877K, capacity 933K, committed 1024K, reserved 1048576K
Event: 0.571 GC heap after
Heap after GC invocations=3 (full 1):
 PSYoungGen      total 60928K, used 0K [0x0000000740000000, 0x0000000744680000, 0x00000007c0000000)
  eden space 60416K, 0% used [0x0000000740000000,0x0000000740000000,0x0000000743b00000)
  from space 512K, 0% used [0x0000000744600000,0x0000000744600000,0x0000000744680000)
  to   space 5120K, 0% used [0x0000000743c80000,0x0000000743c80000,0x0000000744180000)
 ParOldGen       total 199168K, used 131519K [0x0000000640000000, 0x000000064c280000, 0x0000000740000000)
  object space 199168K, 66% used [0x0000000640000000,0x000000064806fc38,0x000000064c280000)
 Metaspace       used 7751K, capacity 7848K, committed 8192K, reserved 1056768K
  class space    used 877K, capacity 933K, committed 1024K, reserved 1048576K
}
Event: 1.288 GC heap before
{Heap before GC invocations=4 (full 1):
 PSYoungGen      total 60928K, used 59744K [0x0000000740000000, 0x0000000744680000, 0x00000007c0000000)
  eden space 60416K, 98% used [0x0000000740000000,0x0000000743a582c8,0x0000000743b00000)
  from space 512K, 0% used [0x0000000744600000,0x0000000744600000,0x0000000744680000)
  to   space 5120K, 0% used [0x0000000743c80000,0x0000000743c80000,0x0000000744180000)
 ParOldGen       total 199168K, used 131519K [0x0000000640000000, 0x000000064c280000, 0x0000000740000000)
  object space 199168K, 66% used [0x0000000640000000,0x000000064806fc38,0x000000064c280000)
 Metaspace       used 10159K, capacity 10368K, committed 10496K, reserved 1058816K
  class space    used 1187K, capacity 1258K, committed 1280K, reserved 1048576K
Event: 1.307 GC heap after
Heap after GC invocations=4 (full 1):
 PSYoungGen      total 67072K, used 1070K [0x0000000740000000, 0x0000000747200000, 0x00000007c0000000)
  eden space 61952K, 0% used [0x0000000740000000,0x0000000740000000,0x0000000743c80000)
  from space 5120K, 20% used [0x0000000743c80000,0x0000000743d8ba60,0x0000000744180000)
  to   space 5120K, 0% used [0x0000000746d00000,0x0000000746d00000,0x0000000747200000)
 ParOldGen       total 199168K, used 183873K [0x0000000640000000, 0x000000064c280000, 0x0000000740000000)
  object space 199168K, 92% used [0x0000000640000000,0x000000064b390588,0x000000064c280000)
 Metaspace       used 10159K, capacity 10368K, committed 10496K, reserved 1058816K
  class space    used 1187K, capacity 1258K, committed 1280K, reserved 1048576K
}
Event: 1.308 GC heap before
{Heap before GC invocations=5 (full 2):
 PSYoungGen      total 67072K, used 1070K [0x0000000740000000, 0x0000000747200000, 0x00000007c0000000)
  eden space 61952K, 0% used [0x0000000740000000,0x0000000740000000,0x0000000743c80000)
  from space 5120K, 20% used [0x0000000743c80000,0x0000000743d8ba60,0x0000000744180000)
  to   space 5120K, 0% used [0x0000000746d00000,0x0000000746d00000,0x0000000747200000)
 ParOldGen       total 199168K, used 183873K [0x0000000640000000, 0x000000064c280000, 0x0000000740000000)
  object space 199168K, 92% used [0x0000000640000000,0x000000064b390588,0x000000064c280000)
 Metaspace       used 10159K, capacity 10368K, committed 10496K, reserved 1058816K
  class space    used 1187K, capacity 1258K, committed 1280K, reserved 1048576K
Event: 1.374 GC heap after
Heap after GC invocations=5 (full 2):
 PSYoungGen      total 67072K, used 0K [0x0000000740000000, 0x0000000747200000, 0x00000007c0000000)
  eden space 61952K, 0% used [0x0000000740000000,0x0000000740000000,0x0000000743c80000)
  from space 5120K, 0% used [0x0000000743c80000,0x0000000743c80000,0x0000000744180000)
  to   space 5120K, 0% used [0x0000000746d00000,0x0000000746d00000,0x0000000747200000)
 ParOldGen       total 317440K, used 184659K [0x0000000640000000, 0x0000000653600000, 0x0000000740000000)
  object space 317440K, 58% used [0x0000000640000000,0x000000064b454ed0,0x0000000653600000)
 Metaspace       used 10159K, capacity 10368K, committed 10496K, reserved 1058816K
  class space    used 1187K, capacity 1258K, committed 1280K, reserved 1048576K
}

Deoptimization events (10 events):
Event: 0.356 Thread 0x00000000029a3000 Uncommon trap: reason=null_check action=make_not_entrant pc=0x0000000002c22714 method=java.lang.String.equals(Ljava/lang/Object;)Z @ 8
Event: 1.192 Thread 0x00000000029a3000 Uncommon trap: reason=unstable_if action=reinterpret pc=0x0000000002cab5f0 method=java.util.Arrays.fill([DD)V @ 9
Event: 1.198 Thread 0x00000000029a3000 Uncommon trap: reason=unstable_if action=reinterpret pc=0x0000000002ca9360 method=java.util.Arrays.fill([II)V @ 7
Event: 1.213 Thread 0x00000000029a3000 Uncommon trap: reason=unstable_if action=reinterpret pc=0x0000000002ca3724 method=java.util.HashMap.hash(Ljava/lang/Object;)I @ 1
Event: 1.221 Thread 0x00000000240fc000 Uncommon trap: reason=bimorphic action=maybe_recompile pc=0x0000000002ca5ba4 method=java.util.HashMap.putVal(ILjava/lang/Object;Ljava/lang/Object;ZZ)Ljava/lang/Object; @ 91
Event: 1.221 Thread 0x00000000240fc000 Uncommon trap: reason=bimorphic action=maybe_recompile pc=0x0000000002ca5ba4 method=java.util.HashMap.putVal(ILjava/lang/Object;Ljava/lang/Object;ZZ)Ljava/lang/Object; @ 91
Event: 1.636 Thread 0x000000002428d000 Uncommon trap: reason=unstable_if action=reinterpret pc=0x0000000002ccdca4 method=java.util.HashMap.getNode(ILjava/lang/Object;)Ljava/util/HashMap$Node; @ 62
Event: 1.636 Thread 0x000000002428d000 Uncommon trap: reason=bimorphic action=maybe_recompile pc=0x0000000002ca5ba4 method=java.util.HashMap.putVal(ILjava/lang/Object;Ljava/lang/Object;ZZ)Ljava/lang/Object; @ 91
Event: 1.636 Thread 0x000000002428d000 Uncommon trap: reason=unstable_if action=reinterpret pc=0x0000000002cc8e88 method=java.util.HashMap.getNode(ILjava/lang/Object;)Ljava/util/HashMap$Node; @ 62
Event: 1.636 Thread 0x000000002428d000 Uncommon trap: reason=bimorphic action=maybe_recompile pc=0x0000000002ca5ba4 method=java.util.HashMap.putVal(ILjava/lang/Object;Ljava/lang/Object;ZZ)Ljava/lang/Object; @ 91

Classes redefined (0 events):
No events

Internal exceptions (10 events):
Event: 0.213 Thread 0x00000000029a3000 Exception <a 'java/security/PrivilegedActionException'> (0x0000000740374450) thrown at [C:\jenkins\workspace\8-2-build-windows-amd64-cygwin\jdk8u251\737\hotspot\src\share\vm\prims\jvm.cpp, line 1502]
Event: 0.213 Thread 0x00000000029a3000 Exception <a 'java/security/PrivilegedActionException'> (0x0000000740374660) thrown at [C:\jenkins\workspace\8-2-build-windows-amd64-cygwin\jdk8u251\737\hotspot\src\share\vm\prims\jvm.cpp, line 1502]
Event: 0.222 Thread 0x00000000029a3000 Exception <a 'java/io/FileNotFoundException'> (0x0000000740385e08) thrown at [C:\jenkins\workspace\8-2-build-windows-amd64-cygwin\jdk8u251\737\hotspot\src\share\vm\prims\jni.cpp, line 710]
Event: 0.274 Thread 0x00000000029a3000 Exception <a 'java/lang/NoSuchFieldError': method resolution failed> (0x00000007404b72f0) thrown at [C:\jenkins\workspace\8-2-build-windows-amd64-cygwin\jdk8u251\737\hotspot\src\share\vm\prims\methodHandles.cpp, line 1167]
Event: 0.276 Thread 0x00000000029a3000 Exception <a 'java/lang/NoSuchFieldError': method resolution failed> (0x00000007404c5168) thrown at [C:\jenkins\workspace\8-2-build-windows-amd64-cygwin\jdk8u251\737\hotspot\src\share\vm\prims\methodHandles.cpp, line 1167]
Event: 0.356 Thread 0x00000000029a3000 Implicit null exception at 0x0000000002c22526 to 0x0000000002c22705
Event: 0.364 Thread 0x00000000029a3000 Exception <a 'java/io/FileNotFoundException'> (0x0000000740773c60) thrown at [C:\jenkins\workspace\8-2-build-windows-amd64-cygwin\jdk8u251\737\hotspot\src\share\vm\prims\jni.cpp, line 710]
Event: 1.213 Thread 0x00000000029a3000 Implicit null exception at 0x0000000002ca30bb to 0x0000000002ca3709
Event: 1.442 Thread 0x000000002428d000 Exception <a 'sun/nio/fs/WindowsException'> (0x0000000740b83e90) thrown at [C:\jenkins\workspace\8-2-build-windows-amd64-cygwin\jdk8u251\737\hotspot\src\share\vm\prims\jni.cpp, line 710]
Event: 1.443 Thread 0x000000002428d000 Exception <a 'sun/nio/fs/WindowsException'> (0x0000000740b84798) thrown at [C:\jenkins\workspace\8-2-build-windows-amd64-cygwin\jdk8u251\737\hotspot\src\share\vm\prims\jni.cpp, line 710]

Events (10 events):
Event: 2.607 Thread 0x0000000024763000 DEOPT PACKING pc=0x0000000002e61ed9 sp=0x000000002d5ded90
Event: 2.609 Thread 0x0000000026463800 DEOPT PACKING pc=0x0000000002e61ed9 sp=0x000000002e9cec90
Event: 2.609 Thread 0x0000000024763000 DEOPT UNPACKING pc=0x0000000002ae7890 sp=0x000000002d5de910 mode 0
Event: 2.609 Thread 0x0000000026463800 DEOPT UNPACKING pc=0x0000000002ae7890 sp=0x000000002e9ce810 mode 0
Event: 2.609 Thread 0x000000002634f000 DEOPT PACKING pc=0x0000000002e61ed9 sp=0x000000002ecced50
Event: 2.610 Thread 0x000000002634f000 DEOPT UNPACKING pc=0x0000000002ae7890 sp=0x000000002ecce8d0 mode 0
Event: 2.609 Thread 0x0000000026463000 DEOPT PACKING pc=0x0000000002e61ed9 sp=0x000000002e8cf2e0
Event: 2.611 Thread 0x0000000026463000 DEOPT UNPACKING pc=0x0000000002ae7890 sp=0x000000002e8cee60 mode 0
Event: 2.611 Thread 0x000000002634f000 DEOPT PACKING pc=0x0000000002e61ed9 sp=0x000000002ecced50
Event: 2.611 Thread 0x000000002634f000 DEOPT UNPACKING pc=0x0000000002ae7890 sp=0x000000002ecce8d0 mode 0


Dynamic libraries:
0x00007ff7b6120000 - 0x00007ff7b6157000 	C:\Program Files\Java\jdk1.8.0_251\bin\java.exe
0x00007ff88f010000 - 0x00007ff88f206000 	C:\WINDOWS\SYSTEM32\ntdll.dll
0x00007ff88ee90000 - 0x00007ff88ef4d000 	C:\WINDOWS\System32\KERNEL32.DLL
0x00007ff88cae0000 - 0x00007ff88cda8000 	C:\WINDOWS\System32\KERNELBASE.dll
0x00007ff88d650000 - 0x00007ff88d6fc000 	C:\WINDOWS\System32\ADVAPI32.dll
0x00007ff88edf0000 - 0x00007ff88ee8e000 	C:\WINDOWS\System32\msvcrt.dll
0x00007ff88dac0000 - 0x00007ff88db5b000 	C:\WINDOWS\System32\sechost.dll
0x00007ff88e630000 - 0x00007ff88e753000 	C:\WINDOWS\System32\RPCRT4.dll
0x00007ff88d720000 - 0x00007ff88d8c0000 	C:\WINDOWS\System32\USER32.dll
0x00007ff88cdb0000 - 0x00007ff88cdd2000 	C:\WINDOWS\System32\win32u.dll
0x00007ff88da90000 - 0x00007ff88daba000 	C:\WINDOWS\System32\GDI32.dll
0x00007ff88c920000 - 0x00007ff88ca29000 	C:\WINDOWS\System32\gdi32full.dll
0x00007ff88c820000 - 0x00007ff88c8bd000 	C:\WINDOWS\System32\msvcp_win.dll
0x00007ff88cf40000 - 0x00007ff88d040000 	C:\WINDOWS\System32\ucrtbase.dll
0x00007ff87a280000 - 0x00007ff87a51b000 	C:\WINDOWS\WinSxS\amd64_microsoft.windows.common-controls_6595b64144ccf1df_6.0.19041.488_none_ca04af081b815d21\COMCTL32.dll
0x00007ff88d8c0000 - 0x00007ff88d8f0000 	C:\WINDOWS\System32\IMM32.DLL
0x0000000074e60000 - 0x0000000074f32000 	C:\Program Files\Java\jdk1.8.0_251\jre\bin\msvcr100.dll
0x00000000737a0000 - 0x000000007404b000 	C:\Program Files\Java\jdk1.8.0_251\jre\bin\server\jvm.dll
0x00007ff88d8f0000 - 0x00007ff88d8f8000 	C:\WINDOWS\System32\PSAPI.DLL
0x00007ff882dc0000 - 0x00007ff882dc9000 	C:\WINDOWS\SYSTEM32\WSOCK32.dll
0x00007ff883bf0000 - 0x00007ff883bfa000 	C:\WINDOWS\SYSTEM32\VERSION.dll
0x00007ff87a600000 - 0x00007ff87a627000 	C:\WINDOWS\SYSTEM32\WINMM.dll
0x00007ff88e4b0000 - 0x00007ff88e51b000 	C:\WINDOWS\System32\WS2_32.dll
0x00007ff887c50000 - 0x00007ff887c5f000 	C:\Program Files\Java\jdk1.8.0_251\jre\bin\verify.dll
0x00007ff862750000 - 0x00007ff862779000 	C:\Program Files\Java\jdk1.8.0_251\jre\bin\java.dll
0x00007ff853990000 - 0x00007ff8539b3000 	C:\Program Files\Java\jdk1.8.0_251\jre\bin\instrument.dll
0x00007ff877ae0000 - 0x00007ff877af6000 	C:\Program Files\Java\jdk1.8.0_251\jre\bin\zip.dll
0x00007ff88db60000 - 0x00007ff88e2a1000 	C:\WINDOWS\System32\SHELL32.dll
0x00007ff88a840000 - 0x00007ff88afd5000 	C:\WINDOWS\SYSTEM32\windows.storage.dll
0x00007ff88e9e0000 - 0x00007ff88ed35000 	C:\WINDOWS\System32\combase.dll
0x00007ff88c1c0000 - 0x00007ff88c1ec000 	C:\WINDOWS\SYSTEM32\Wldp.dll
0x00007ff88e580000 - 0x00007ff88e62e000 	C:\WINDOWS\System32\SHCORE.dll
0x00007ff88e760000 - 0x00007ff88e7b5000 	C:\WINDOWS\System32\shlwapi.dll
0x00007ff88c680000 - 0x00007ff88c6a6000 	C:\WINDOWS\SYSTEM32\profapi.dll
0x00007ff85ce80000 - 0x00007ff85ce9a000 	C:\Users\spyte\AppData\Local\JetBrains\Toolbox\apps\IDEA-U\ch-0\202.7660.26\bin\breakgen64.dll
0x00007ff859ef0000 - 0x00007ff859f0a000 	C:\Program Files\Java\jdk1.8.0_251\jre\bin\net.dll
0x00007ff88bf40000 - 0x00007ff88bfaa000 	C:\WINDOWS\system32\mswsock.dll
0x00007ff814dc0000 - 0x00007ff814f5a000 	C:\Program Files\Java\jdk1.8.0_251\jre\bin\awt.dll
0x00007ff88d580000 - 0x00007ff88d64d000 	C:\WINDOWS\System32\OLEAUT32.dll
0x00007ff888f90000 - 0x00007ff889020000 	C:\WINDOWS\SYSTEM32\apphelp.dll
0x00007ff889080000 - 0x00007ff88911e000 	C:\WINDOWS\system32\uxtheme.dll
0x00007ff88e390000 - 0x00007ff88e4a5000 	C:\WINDOWS\System32\MSCTF.dll
0x00007ff88d960000 - 0x00007ff88da8a000 	C:\WINDOWS\System32\ole32.dll
0x00007ff88b030000 - 0x00007ff88b042000 	C:\WINDOWS\SYSTEM32\kernel.appcore.dll
0x00007ff88c750000 - 0x00007ff88c7cf000 	C:\WINDOWS\System32\bcryptPrimitives.dll
0x00007ff8895c0000 - 0x00007ff8895ef000 	C:\WINDOWS\system32\DWMAPI.DLL
0x00007ff8653b0000 - 0x00007ff8654d5000 	C:\WINDOWS\system32\opengl32.dll
0x00007ff8671f0000 - 0x00007ff86721c000 	C:\WINDOWS\SYSTEM32\GLU32.dll
0x00007ff88c110000 - 0x00007ff88c128000 	C:\WINDOWS\SYSTEM32\CRYPTSP.dll
0x00007ff88b860000 - 0x00007ff88b894000 	C:\WINDOWS\system32\rsaenh.dll
0x00007ff88d040000 - 0x00007ff88d067000 	C:\WINDOWS\System32\bcrypt.dll
0x00007ff88c640000 - 0x00007ff88c66e000 	C:\WINDOWS\SYSTEM32\USERENV.dll
0x00007ff88c130000 - 0x00007ff88c13c000 	C:\WINDOWS\SYSTEM32\CRYPTBASE.dll
0x00007ff88bbe0000 - 0x00007ff88bc1b000 	C:\WINDOWS\SYSTEM32\IPHLPAPI.DLL
0x00007ff88e9d0000 - 0x00007ff88e9d8000 	C:\WINDOWS\System32\NSI.dll
0x00007ff881ac0000 - 0x00007ff881ad7000 	C:\WINDOWS\SYSTEM32\dhcpcsvc6.DLL
0x00007ff8830b0000 - 0x00007ff8830cd000 	C:\WINDOWS\SYSTEM32\dhcpcsvc.DLL
0x00007ff88bc20000 - 0x00007ff88bceb000 	C:\WINDOWS\SYSTEM32\DNSAPI.dll
0x00007ff859cd0000 - 0x00007ff859ce2000 	C:\Program Files\Java\jdk1.8.0_251\jre\bin\nio.dll
0x00007ff84eb50000 - 0x00007ff84eb75000 	C:\Users\spyte\AppData\Local\Temp\libaparapi_x86_645154498511012021867.dll
0x00007ff874f10000 - 0x00007ff874fa1000 	C:\WINDOWS\SYSTEM32\MSVCP140.dll
0x00007ff841d60000 - 0x00007ff841dd1000 	C:\WINDOWS\SYSTEM32\OpenCL.dll
0x00007ff874ef0000 - 0x00007ff874f09000 	C:\WINDOWS\SYSTEM32\VCRUNTIME140.dll
0x00007ff88c7d0000 - 0x00007ff88c81e000 	C:\WINDOWS\System32\CFGMGR32.dll
0x00007ff874de0000 - 0x00007ff874dec000 	C:\WINDOWS\SYSTEM32\VCRUNTIME140_1.dll
0x00007ff88b0a0000 - 0x00007ff88b193000 	C:\WINDOWS\SYSTEM32\dxgi.dll
0x00007ff8104a0000 - 0x00007ff8126a0000 	C:\WINDOWS\System32\DriverStore\FileRepository\nvivi.inf_amd64_ad0cbee2e1be5966\nvopencl64.dll
0x00007ff87b130000 - 0x00007ff87b682000 	C:\WINDOWS\SYSTEM32\nvapi64.dll
0x00007ff88d110000 - 0x00007ff88d577000 	C:\WINDOWS\System32\SETUPAPI.DLL
0x00007ff841cd0000 - 0x00007ff841d54000 	C:\Windows\System32\DriverStore\FileRepository\igdlh64.inf_amd64_2681fc9dedd95cd9\IntelOpenCL64.dll
0x00007ff814be0000 - 0x00007ff814dba000 	C:\Program Files (x86)\Common Files\Intel\OpenCL\bin\x64\intelocl64.dll
0x00007ff841bc0000 - 0x00007ff841c6b000 	C:\Program Files (x86)\Common Files\Intel\OpenCL\bin\x64\task_executor64.dll
0x00007ff8409b0000 - 0x00007ff840a99000 	C:\Program Files (x86)\Common Files\Intel\OpenCL\bin\x64\cpu_device64.dll
0x00007ff8146d0000 - 0x00007ff814bd6000 	C:\Windows\System32\DriverStore\FileRepository\igdlh64.inf_amd64_2681fc9dedd95cd9\igdrclclassic64.dll
0x00007ff881640000 - 0x00007ff88167b000 	C:\WINDOWS\SYSTEM32\dxcore.dll
0x00007ff87c520000 - 0x00007ff87db50000 	C:\Windows\System32\DriverStore\FileRepository\igdlh64.inf_amd64_2681fc9dedd95cd9\igc64.dll
0x00007ff828720000 - 0x00007ff8287d5000 	C:\Windows\System32\DriverStore\FileRepository\igdlh64.inf_amd64_2681fc9dedd95cd9\igdfcl64.dll
0x00007ff840960000 - 0x00007ff8409a9000 	C:\Program Files\Java\jdk1.8.0_251\jre\bin\fontmanager.dll
0x00007ff881680000 - 0x00007ff88177c000 	C:\WINDOWS\SYSTEM32\textinputframework.dll
0x00007ff8885a0000 - 0x00007ff8888fe000 	C:\WINDOWS\System32\CoreUIComponents.dll
0x00007ff888c80000 - 0x00007ff888d72000 	C:\WINDOWS\System32\CoreMessaging.dll
0x00007ff887df0000 - 0x00007ff887f46000 	C:\WINDOWS\SYSTEM32\wintypes.dll
0x00007ff88b490000 - 0x00007ff88b4c3000 	C:\WINDOWS\SYSTEM32\ntmarta.dll
0x00007ff87a180000 - 0x00007ff87a1e6000 	C:\WINDOWS\system32\Oleacc.dll
0x00007ff80dde0000 - 0x00007ff810498000 	C:\WINDOWS\System32\DriverStore\FileRepository\nvivi.inf_amd64_ad0cbee2e1be5966\nvcompiler64.dll
0x00007ff88a3e0000 - 0x00007ff88a5c4000 	C:\WINDOWS\SYSTEM32\dbghelp.dll

VM Arguments:
jvm_args: -ea -Xmx6g -javaagent:C:\Users\spyte\AppData\Local\JetBrains\Toolbox\apps\IDEA-U\ch-0\202.7660.26\lib\idea_rt.jar=61863:C:\Users\spyte\AppData\Local\JetBrains\Toolbox\apps\IDEA-U\ch-0\202.7660.26\bin -Dfile.encoding=UTF-8 
java_command: com.guryanov_sergeev.Main
java_class_path (initial): C:\Program Files\Java\jdk1.8.0_251\jre\lib\charsets.jar;C:\Program Files\Java\jdk1.8.0_251\jre\lib\deploy.jar;C:\Program Files\Java\jdk1.8.0_251\jre\lib\ext\access-bridge-64.jar;C:\Program Files\Java\jdk1.8.0_251\jre\lib\ext\cldrdata.jar;C:\Program Files\Java\jdk1.8.0_251\jre\lib\ext\dnsns.jar;C:\Program Files\Java\jdk1.8.0_251\jre\lib\ext\jaccess.jar;C:\Program Files\Java\jdk1.8.0_251\jre\lib\ext\jfxrt.jar;C:\Program Files\Java\jdk1.8.0_251\jre\lib\ext\localedata.jar;C:\Program Files\Java\jdk1.8.0_251\jre\lib\ext\nashorn.jar;C:\Program Files\Java\jdk1.8.0_251\jre\lib\ext\sunec.jar;C:\Program Files\Java\jdk1.8.0_251\jre\lib\ext\sunjce_provider.jar;C:\Program Files\Java\jdk1.8.0_251\jre\lib\ext\sunmscapi.jar;C:\Program Files\Java\jdk1.8.0_251\jre\lib\ext\sunpkcs11.jar;C:\Program Files\Java\jdk1.8.0_251\jre\lib\ext\zipfs.jar;C:\Program Files\Java\jdk1.8.0_251\jre\lib\javaws.jar;C:\Program Files\Java\jdk1.8.0_251\jre\lib\jce.jar;C:\Program Files\Java\jdk1.8.0_251\jre\lib\jfr.jar;C:\Program Files\Java\jdk1.8.0_251\jre\lib\jfxswt.jar;C:\Program Files\Java\jdk1.8.0_251\jre\lib\jsse.jar;C:\Program Files\Java\jdk1.8.0_251\jre\lib\management-agent.jar;C:\Program Files\Java\jdk1.8.0_251\jre\lib\plugin.jar;C:\Program Files\Java\jdk1.8.0_251\jre\lib\resources.jar;C:\Program Files\Java\jdk1.8.0_251\jre\lib\rt.jar;C:\Users\spyte\Documents\KartohaEngine\out\production\KartohaEngine;C:\Users\spyte\.m2\repository\com\aparapi\aparapi\2.0.0\aparapi-2.0.0.jar;C:\Users\spyte\.m2\repository\com\aparapi\aparapi-jni\1.4.2\aparapi-jni-1.4.2.jar;C:\Users\spyte\.m2\repository\org\apache\bcel\bcel\6.4.1\bcel-6.4.1.jar;C:\Users\spyte\.m2\repository\org\scala-lang\scala-library\2.13.1\scala-library-2.13.1.jar;C:\Users\spyte\AppData\Local\JetBrains\Toolbox\apps\IDEA-U\ch-0\202.7660.26\lib\idea_rt.jar
Launcher Type: SUN_STANDARD

Environment Variables:
PATH=C:\Program Files (x86)\Common Files\Oracle\Java\javapath;C:\WINDOWS\system32;C:\WINDOWS;C:\WINDOWS\System32\Wbem;C:\WINDOWS\System32\WindowsPowerShell\v1.0\;C:\WINDOWS\System32\OpenSSH\;C:\Program Files\nodejs\;C:\Users\spyte\AppData\Local\Programs\Python\Python38-32\Scripts\;C:\Users\spyte\AppData\Local\Programs\Python\Python38-32\;C:\Program Files\MySQL\MySQL Shell 8.0\bin\;C:\Users\spyte\AppData\Local\Microsoft\WindowsApps;C:\Users\spyte\AppData\Roaming\npm;C:\Users\spyte\AppData\Local\Programs\Fiddler
USERNAME=spyte
OS=Windows_NT
PROCESSOR_IDENTIFIER=Intel64 Family 6 Model 142 Stepping 10, GenuineIntel



---------------  S Y S T E M  ---------------

OS: Windows 10.0 , 64 bit Build 19041 (10.0.19041.546)

CPU:total 8 (initial active 8) (4 cores per cpu, 2 threads per core) family 6 model 142 stepping 10, cmov, cx8, fxsr, mmx, sse, sse2, sse3, ssse3, sse4.1, sse4.2, popcnt, avx, avx2, aes, clmul, erms, 3dnowpref, lzcnt, ht, tsc, tscinvbit, bmi1, bmi2, adx

Memory: 4k page, physical 8269924k(939436k free), swap 22969088k(2994536k free)

vm_info: Java HotSpot(TM) 64-Bit Server VM (25.251-b08) for windows-amd64 JRE (1.8.0_251-b08), built on Mar 12 2020 06:31:49 by "" with MS VC++ 10.0 (VS2010)

time: Wed Nov 11 20:09:42 2020
timezone: RTZ 2 (зима)
elapsed time: 2 seconds (0d 0h 0m 2s)

